     26 2016-05-16
     25 2017-01-19
     17 2017-01-12
     16 2017-03-30
     15 2017-03-25
     14 2016-12-14
     14 2016-12-07
     14 2016-10-26
     14 2016-08-08
     13 2017-02-12
     13 2016-11-01
     13 2016-05-25
     12 2017-02-01
     12 2017-01-24
     12 2016-11-22
     12 2016-10-27
     12 2016-09-27
     11 2017-03-27
     11 2016-05-10
     10 2017-04-27
     10 2017-03-22
     10 2017-03-21
     10 2016-12-08
     10 2016-11-30
     10 2016-05-31
      9 2017-04-04
      9 2017-03-08
      9 2017-02-22
      9 2017-02-17
      9 2016-09-13
      9 2016-07-29
      9 2016-07-14
      8 2017-04-24
      8 2017-04-18
      8 2017-03-23
      8 2017-03-15
      8 2017-02-20
      8 2017-02-13
      8 2017-02-08
      8 2017-02-02
      8 2016-12-19
      8 2016-12-06
      8 2016-11-09
      8 2016-10-20
      8 2016-10-10
      8 2016-09-19
      8 2016-08-29
      8 2016-06-28
      8 2016-06-09
      8 2016-04-21
      8 2016-04-05
      7 2017-02-15
      7 2017-01-30
      7 2017-01-26
      7 2016-10-25
      7 2016-10-17
      7 2016-07-22
      7 2016-05-09
      6 2017-04-22
      6 2016-09-22
      6 2016-08-17
      6 2016-05-19
      6 2016-04-20
      6 2016-04-12
      6 2016-04-03
      5 2017-03-24
      5 2017-03-19
      5 2016-11-18
      5 2016-10-23
      5 2016-05-26
      5 2016-04-06
      4 2017-04-06
      4 2017-04-02
      4 2017-03-28
      4 2017-03-20
      4 2017-03-14
      4 2017-02-28
      4 2016-11-29
      4 2016-10-13
      4 2016-09-07
      4 2016-08-19
      4 2016-08-04
      4 2016-07-12
      4 2016-06-21
      4 2016-06-01
      4 2016-05-12
      4 2016-05-05
      3 2016-12-15
      3 2016-12-01
      3 2016-11-03
      3 2016-08-15
      3 2016-08-02
      3 2016-07-19
      3 2016-06-23
      3 2016-06-20
      3 2016-04-26
      2 2017-03-02
      2 2017-01-14
      2 2017-01-05
      2 2016-12-22
      2 2016-11-17
      2 2016-11-10
      2 2016-10-01
      2 2016-09-24
      2 2016-09-21
      2 2016-09-08
      2 2016-09-06
      2 2016-08-24
      2 2016-07-20
      2 2016-07-11
      2 2016-07-06
      2 2016-06-02
      2 2016-05-14
      2 2016-05-03
      1 2017-04-20
      1 2017-03-16
      1 2017-03-09
      1 2017-02-27
      1 2017-02-06
      1 2016-12-16
      1 2016-12-13
      1 2016-11-21
      1 2016-10-22
      1 2016-10-19
      1 2016-10-14
      1 2016-10-12
      1 2016-10-05
      1 2016-09-28
      1 2016-08-10
      1 2016-07-28
      1 2016-06-24
      1 2016-06-06
      1 2016-05-17
      1 2016-05-07
      1 2016-05-02
      1 2016-04-27
      1 2016-04-25
