2017-04-02 17:06:36 startup archives unpack
2017-04-02 17:06:36 upgrade coreutils:amd64 8.21-1ubuntu5 8.21-1ubuntu5.4
2017-04-02 17:06:36 status half-configured coreutils:amd64 8.21-1ubuntu5
2017-04-02 17:06:36 status unpacked coreutils:amd64 8.21-1ubuntu5
2017-04-02 17:06:36 status half-installed coreutils:amd64 8.21-1ubuntu5
2017-04-02 17:06:36 status triggers-pending install-info:amd64 5.2.0.dfsg.1-2
2017-04-02 17:06:36 status triggers-pending man-db:amd64 2.6.7.1-1ubuntu1
2017-04-02 17:06:36 status half-installed coreutils:amd64 8.21-1ubuntu5
2017-04-02 17:06:36 status unpacked coreutils:amd64 8.21-1ubuntu5.4
2017-04-02 17:06:36 status unpacked coreutils:amd64 8.21-1ubuntu5.4
2017-04-02 17:06:36 trigproc install-info:amd64 5.2.0.dfsg.1-2 5.2.0.dfsg.1-2
2017-04-02 17:06:36 status half-configured install-info:amd64 5.2.0.dfsg.1-2
2017-04-02 17:06:37 status installed install-info:amd64 5.2.0.dfsg.1-2
2017-04-02 17:06:37 trigproc man-db:amd64 2.6.7.1-1ubuntu1 2.6.7.1-1ubuntu1
2017-04-02 17:06:37 status half-configured man-db:amd64 2.6.7.1-1ubuntu1
2017-04-02 17:06:37 status installed man-db:amd64 2.6.7.1-1ubuntu1
2017-04-02 17:06:37 startup packages configure
2017-04-02 17:06:37 configure coreutils:amd64 8.21-1ubuntu5.4 <none>
2017-04-02 17:06:37 status unpacked coreutils:amd64 8.21-1ubuntu5.4
2017-04-02 17:06:37 status half-configured coreutils:amd64 8.21-1ubuntu5.4
2017-04-02 17:06:37 status installed coreutils:amd64 8.21-1ubuntu5.4
2017-04-02 17:06:37 startup archives unpack
2017-04-02 17:06:37 upgrade initramfs-tools:all 0.103ubuntu4.6 0.103ubuntu4.7
2017-04-02 17:06:37 status half-configured initramfs-tools:all 0.103ubuntu4.6
2017-04-02 17:06:37 status unpacked initramfs-tools:all 0.103ubuntu4.6
2017-04-02 17:06:37 status half-installed initramfs-tools:all 0.103ubuntu4.6
2017-04-02 17:06:37 status triggers-pending man-db:amd64 2.6.7.1-1ubuntu1
2017-04-02 17:06:37 status half-installed initramfs-tools:all 0.103ubuntu4.6
2017-04-02 17:06:37 status unpacked initramfs-tools:all 0.103ubuntu4.7
2017-04-02 17:06:37 status unpacked initramfs-tools:all 0.103ubuntu4.7
2017-04-02 17:06:37 upgrade initramfs-tools-bin:amd64 0.103ubuntu4.6 0.103ubuntu4.7
2017-04-02 17:06:37 status half-configured initramfs-tools-bin:amd64 0.103ubuntu4.6
2017-04-02 17:06:37 status unpacked initramfs-tools-bin:amd64 0.103ubuntu4.6
2017-04-02 17:06:37 status half-installed initramfs-tools-bin:amd64 0.103ubuntu4.6
2017-04-02 17:06:37 status half-installed initramfs-tools-bin:amd64 0.103ubuntu4.6
2017-04-02 17:06:37 status unpacked initramfs-tools-bin:amd64 0.103ubuntu4.7
2017-04-02 17:06:37 status unpacked initramfs-tools-bin:amd64 0.103ubuntu4.7
2017-04-02 17:06:37 upgrade makedev:all 2.3.1-93ubuntu1 2.3.1-93ubuntu2~ubuntu14.04.1
2017-04-02 17:06:37 status half-configured makedev:all 2.3.1-93ubuntu1
2017-04-02 17:06:37 status unpacked makedev:all 2.3.1-93ubuntu1
2017-04-02 17:06:37 status half-installed makedev:all 2.3.1-93ubuntu1
2017-04-02 17:06:37 status half-installed makedev:all 2.3.1-93ubuntu1
2017-04-02 17:06:37 status unpacked makedev:all 2.3.1-93ubuntu2~ubuntu14.04.1
2017-04-02 17:06:37 status unpacked makedev:all 2.3.1-93ubuntu2~ubuntu14.04.1
2017-04-02 17:06:37 trigproc man-db:amd64 2.6.7.1-1ubuntu1 2.6.7.1-1ubuntu1
2017-04-02 17:06:37 status half-configured man-db:amd64 2.6.7.1-1ubuntu1
2017-04-02 17:06:37 status installed man-db:amd64 2.6.7.1-1ubuntu1
2017-04-02 17:06:38 startup packages configure
2017-04-02 17:06:38 configure initramfs-tools-bin:amd64 0.103ubuntu4.7 <none>
2017-04-02 17:06:38 status unpacked initramfs-tools-bin:amd64 0.103ubuntu4.7
2017-04-02 17:06:38 status half-configured initramfs-tools-bin:amd64 0.103ubuntu4.7
2017-04-02 17:06:38 status installed initramfs-tools-bin:amd64 0.103ubuntu4.7
2017-04-02 17:06:38 configure initramfs-tools:all 0.103ubuntu4.7 <none>
2017-04-02 17:06:38 status unpacked initramfs-tools:all 0.103ubuntu4.7
2017-04-02 17:06:38 status unpacked initramfs-tools:all 0.103ubuntu4.7
2017-04-02 17:06:38 status unpacked initramfs-tools:all 0.103ubuntu4.7
2017-04-02 17:06:38 status unpacked initramfs-tools:all 0.103ubuntu4.7
2017-04-02 17:06:38 status unpacked initramfs-tools:all 0.103ubuntu4.7
2017-04-02 17:06:38 status unpacked initramfs-tools:all 0.103ubuntu4.7
2017-04-02 17:06:38 status half-configured initramfs-tools:all 0.103ubuntu4.7
2017-04-02 17:06:38 status installed initramfs-tools:all 0.103ubuntu4.7
2017-04-02 17:06:38 status triggers-pending initramfs-tools:all 0.103ubuntu4.7
2017-04-02 17:06:38 configure makedev:all 2.3.1-93ubuntu2~ubuntu14.04.1 <none>
2017-04-02 17:06:38 status unpacked makedev:all 2.3.1-93ubuntu2~ubuntu14.04.1
2017-04-02 17:06:38 status half-configured makedev:all 2.3.1-93ubuntu2~ubuntu14.04.1
2017-04-02 17:06:39 status installed makedev:all 2.3.1-93ubuntu2~ubuntu14.04.1
2017-04-02 17:06:39 trigproc initramfs-tools:all 0.103ubuntu4.7 <none>
2017-04-02 17:06:39 status half-configured initramfs-tools:all 0.103ubuntu4.7
2017-04-02 17:06:50 status installed initramfs-tools:all 0.103ubuntu4.7
2017-04-04 17:09:48 startup archives unpack
2017-04-04 17:09:48 install linux-image-3.13.0-116-generic:amd64 <none> 3.13.0-116.163
2017-04-04 17:09:48 status half-installed linux-image-3.13.0-116-generic:amd64 3.13.0-116.163
2017-04-04 17:09:52 status unpacked linux-image-3.13.0-116-generic:amd64 3.13.0-116.163
2017-04-04 17:09:52 status unpacked linux-image-3.13.0-116-generic:amd64 3.13.0-116.163
2017-04-04 17:09:52 upgrade landscape-common:amd64 14.12-0ubuntu0.14.04 14.12-0ubuntu5.14.04
2017-04-04 17:09:52 status half-configured landscape-common:amd64 14.12-0ubuntu0.14.04
2017-04-04 17:09:52 status unpacked landscape-common:amd64 14.12-0ubuntu0.14.04
2017-04-04 17:09:52 status half-installed landscape-common:amd64 14.12-0ubuntu0.14.04
2017-04-04 17:09:52 status triggers-pending man-db:amd64 2.6.7.1-1ubuntu1
2017-04-04 17:09:52 status half-installed landscape-common:amd64 14.12-0ubuntu0.14.04
2017-04-04 17:09:52 status unpacked landscape-common:amd64 14.12-0ubuntu5.14.04
2017-04-04 17:09:52 status unpacked landscape-common:amd64 14.12-0ubuntu5.14.04
2017-04-04 17:09:52 upgrade linux-cloud-tools-common:all 3.13.0-115.162 3.13.0-116.163
2017-04-04 17:09:52 status half-configured linux-cloud-tools-common:all 3.13.0-115.162
2017-04-04 17:09:52 status unpacked linux-cloud-tools-common:all 3.13.0-115.162
2017-04-04 17:09:52 status half-installed linux-cloud-tools-common:all 3.13.0-115.162
2017-04-04 17:09:52 status triggers-pending ureadahead:amd64 0.100.0-16
2017-04-04 17:09:52 status half-installed linux-cloud-tools-common:all 3.13.0-115.162
2017-04-04 17:09:52 status half-installed linux-cloud-tools-common:all 3.13.0-115.162
2017-04-04 17:09:52 status unpacked linux-cloud-tools-common:all 3.13.0-116.163
2017-04-04 17:09:52 status unpacked linux-cloud-tools-common:all 3.13.0-116.163
2017-04-04 17:09:52 install linux-cloud-tools-3.13.0-116:amd64 <none> 3.13.0-116.163
2017-04-04 17:09:52 status half-installed linux-cloud-tools-3.13.0-116:amd64 3.13.0-116.163
2017-04-04 17:09:52 status unpacked linux-cloud-tools-3.13.0-116:amd64 3.13.0-116.163
2017-04-04 17:09:52 status unpacked linux-cloud-tools-3.13.0-116:amd64 3.13.0-116.163
2017-04-04 17:09:52 install linux-cloud-tools-3.13.0-116-generic:amd64 <none> 3.13.0-116.163
2017-04-04 17:09:52 status half-installed linux-cloud-tools-3.13.0-116-generic:amd64 3.13.0-116.163
2017-04-04 17:09:52 status unpacked linux-cloud-tools-3.13.0-116-generic:amd64 3.13.0-116.163
2017-04-04 17:09:52 status unpacked linux-cloud-tools-3.13.0-116-generic:amd64 3.13.0-116.163
2017-04-04 17:09:52 upgrade linux-cloud-tools-generic:amd64 3.13.0.115.125 3.13.0.116.126
2017-04-04 17:09:52 status half-configured linux-cloud-tools-generic:amd64 3.13.0.115.125
2017-04-04 17:09:52 status unpacked linux-cloud-tools-generic:amd64 3.13.0.115.125
2017-04-04 17:09:52 status half-installed linux-cloud-tools-generic:amd64 3.13.0.115.125
2017-04-04 17:09:52 status half-installed linux-cloud-tools-generic:amd64 3.13.0.115.125
2017-04-04 17:09:52 status unpacked linux-cloud-tools-generic:amd64 3.13.0.116.126
2017-04-04 17:09:52 status unpacked linux-cloud-tools-generic:amd64 3.13.0.116.126
2017-04-04 17:09:52 install linux-image-extra-3.13.0-116-generic:amd64 <none> 3.13.0-116.163
2017-04-04 17:09:52 status half-installed linux-image-extra-3.13.0-116-generic:amd64 3.13.0-116.163
2017-04-04 17:10:01 status unpacked linux-image-extra-3.13.0-116-generic:amd64 3.13.0-116.163
2017-04-04 17:10:01 status unpacked linux-image-extra-3.13.0-116-generic:amd64 3.13.0-116.163
2017-04-04 17:10:01 upgrade linux-generic:amd64 3.13.0.115.125 3.13.0.116.126
2017-04-04 17:10:01 status half-configured linux-generic:amd64 3.13.0.115.125
2017-04-04 17:10:01 status unpacked linux-generic:amd64 3.13.0.115.125
2017-04-04 17:10:01 status half-installed linux-generic:amd64 3.13.0.115.125
2017-04-04 17:10:01 status half-installed linux-generic:amd64 3.13.0.115.125
2017-04-04 17:10:01 status unpacked linux-generic:amd64 3.13.0.116.126
2017-04-04 17:10:01 status unpacked linux-generic:amd64 3.13.0.116.126
2017-04-04 17:10:01 upgrade linux-image-generic:amd64 3.13.0.115.125 3.13.0.116.126
2017-04-04 17:10:01 status half-configured linux-image-generic:amd64 3.13.0.115.125
2017-04-04 17:10:01 status unpacked linux-image-generic:amd64 3.13.0.115.125
2017-04-04 17:10:01 status half-installed linux-image-generic:amd64 3.13.0.115.125
2017-04-04 17:10:01 status half-installed linux-image-generic:amd64 3.13.0.115.125
2017-04-04 17:10:01 status unpacked linux-image-generic:amd64 3.13.0.116.126
2017-04-04 17:10:01 status unpacked linux-image-generic:amd64 3.13.0.116.126
2017-04-04 17:10:01 install linux-headers-3.13.0-116:all <none> 3.13.0-116.163
2017-04-04 17:10:01 status half-installed linux-headers-3.13.0-116:all 3.13.0-116.163
2017-04-04 17:10:05 status unpacked linux-headers-3.13.0-116:all 3.13.0-116.163
2017-04-04 17:10:05 status unpacked linux-headers-3.13.0-116:all 3.13.0-116.163
2017-04-04 17:10:05 install linux-headers-3.13.0-116-generic:amd64 <none> 3.13.0-116.163
2017-04-04 17:10:05 status half-installed linux-headers-3.13.0-116-generic:amd64 3.13.0-116.163
2017-04-04 17:10:06 status unpacked linux-headers-3.13.0-116-generic:amd64 3.13.0-116.163
2017-04-04 17:10:06 status unpacked linux-headers-3.13.0-116-generic:amd64 3.13.0-116.163
2017-04-04 17:10:06 upgrade linux-headers-generic:amd64 3.13.0.115.125 3.13.0.116.126
2017-04-04 17:10:06 status half-configured linux-headers-generic:amd64 3.13.0.115.125
2017-04-04 17:10:07 status unpacked linux-headers-generic:amd64 3.13.0.115.125
2017-04-04 17:10:07 status half-installed linux-headers-generic:amd64 3.13.0.115.125
2017-04-04 17:10:07 status half-installed linux-headers-generic:amd64 3.13.0.115.125
2017-04-04 17:10:07 status unpacked linux-headers-generic:amd64 3.13.0.116.126
2017-04-04 17:10:07 status unpacked linux-headers-generic:amd64 3.13.0.116.126
2017-04-04 17:10:07 upgrade linux-libc-dev:amd64 3.13.0-115.162 3.13.0-116.163
2017-04-04 17:10:07 status half-configured linux-libc-dev:amd64 3.13.0-115.162
2017-04-04 17:10:07 status unpacked linux-libc-dev:amd64 3.13.0-115.162
2017-04-04 17:10:07 status half-installed linux-libc-dev:amd64 3.13.0-115.162
2017-04-04 17:10:07 status half-installed linux-libc-dev:amd64 3.13.0-115.162
2017-04-04 17:10:07 status unpacked linux-libc-dev:amd64 3.13.0-116.163
2017-04-04 17:10:07 status unpacked linux-libc-dev:amd64 3.13.0-116.163
2017-04-04 17:10:07 upgrade linux-tools-common:all 3.13.0-115.162 3.13.0-116.163
2017-04-04 17:10:07 status half-configured linux-tools-common:all 3.13.0-115.162
2017-04-04 17:10:07 status unpacked linux-tools-common:all 3.13.0-115.162
2017-04-04 17:10:07 status half-installed linux-tools-common:all 3.13.0-115.162
2017-04-04 17:10:07 status half-installed linux-tools-common:all 3.13.0-115.162
2017-04-04 17:10:07 status unpacked linux-tools-common:all 3.13.0-116.163
2017-04-04 17:10:07 status unpacked linux-tools-common:all 3.13.0-116.163
2017-04-04 17:10:07 install linux-tools-3.13.0-116:amd64 <none> 3.13.0-116.163
2017-04-04 17:10:07 status half-installed linux-tools-3.13.0-116:amd64 3.13.0-116.163
2017-04-04 17:10:07 status unpacked linux-tools-3.13.0-116:amd64 3.13.0-116.163
2017-04-04 17:10:07 status unpacked linux-tools-3.13.0-116:amd64 3.13.0-116.163
2017-04-04 17:10:07 install linux-tools-3.13.0-116-generic:amd64 <none> 3.13.0-116.163
2017-04-04 17:10:07 status half-installed linux-tools-3.13.0-116-generic:amd64 3.13.0-116.163
2017-04-04 17:10:07 status unpacked linux-tools-3.13.0-116-generic:amd64 3.13.0-116.163
2017-04-04 17:10:07 status unpacked linux-tools-3.13.0-116-generic:amd64 3.13.0-116.163
2017-04-04 17:10:07 upgrade linux-tools-generic:amd64 3.13.0.115.125 3.13.0.116.126
2017-04-04 17:10:07 status half-configured linux-tools-generic:amd64 3.13.0.115.125
2017-04-04 17:10:07 status unpacked linux-tools-generic:amd64 3.13.0.115.125
2017-04-04 17:10:07 status half-installed linux-tools-generic:amd64 3.13.0.115.125
2017-04-04 17:10:07 status half-installed linux-tools-generic:amd64 3.13.0.115.125
2017-04-04 17:10:07 status unpacked linux-tools-generic:amd64 3.13.0.116.126
2017-04-04 17:10:07 status unpacked linux-tools-generic:amd64 3.13.0.116.126
2017-04-04 17:10:07 trigproc man-db:amd64 2.6.7.1-1ubuntu1 2.6.7.1-1ubuntu1
2017-04-04 17:10:07 status half-configured man-db:amd64 2.6.7.1-1ubuntu1
2017-04-04 17:10:08 status installed man-db:amd64 2.6.7.1-1ubuntu1
2017-04-04 17:10:08 trigproc ureadahead:amd64 0.100.0-16 0.100.0-16
2017-04-04 17:10:08 status half-configured ureadahead:amd64 0.100.0-16
2017-04-04 17:10:08 status installed ureadahead:amd64 0.100.0-16
2017-04-04 17:10:08 startup packages configure
2017-04-04 17:10:08 configure linux-image-3.13.0-116-generic:amd64 3.13.0-116.163 <none>
2017-04-04 17:10:08 status unpacked linux-image-3.13.0-116-generic:amd64 3.13.0-116.163
2017-04-04 17:10:08 status half-configured linux-image-3.13.0-116-generic:amd64 3.13.0-116.163
2017-04-04 17:10:21 status installed linux-image-3.13.0-116-generic:amd64 3.13.0-116.163
2017-04-04 17:10:21 configure landscape-common:amd64 14.12-0ubuntu5.14.04 <none>
2017-04-04 17:10:21 status unpacked landscape-common:amd64 14.12-0ubuntu5.14.04
2017-04-04 17:10:21 status half-configured landscape-common:amd64 14.12-0ubuntu5.14.04
2017-04-04 17:10:21 status installed landscape-common:amd64 14.12-0ubuntu5.14.04
2017-04-04 17:10:21 configure linux-cloud-tools-common:all 3.13.0-116.163 <none>
2017-04-04 17:10:21 status unpacked linux-cloud-tools-common:all 3.13.0-116.163
2017-04-04 17:10:21 status unpacked linux-cloud-tools-common:all 3.13.0-116.163
2017-04-04 17:10:21 status unpacked linux-cloud-tools-common:all 3.13.0-116.163
2017-04-04 17:10:21 status unpacked linux-cloud-tools-common:all 3.13.0-116.163
2017-04-04 17:10:21 status half-configured linux-cloud-tools-common:all 3.13.0-116.163
2017-04-04 17:10:22 status installed linux-cloud-tools-common:all 3.13.0-116.163
2017-04-04 17:10:22 configure linux-cloud-tools-3.13.0-116:amd64 3.13.0-116.163 <none>
2017-04-04 17:10:22 status unpacked linux-cloud-tools-3.13.0-116:amd64 3.13.0-116.163
2017-04-04 17:10:22 status half-configured linux-cloud-tools-3.13.0-116:amd64 3.13.0-116.163
2017-04-04 17:10:22 status installed linux-cloud-tools-3.13.0-116:amd64 3.13.0-116.163
2017-04-04 17:10:22 configure linux-cloud-tools-3.13.0-116-generic:amd64 3.13.0-116.163 <none>
2017-04-04 17:10:22 status unpacked linux-cloud-tools-3.13.0-116-generic:amd64 3.13.0-116.163
2017-04-04 17:10:22 status half-configured linux-cloud-tools-3.13.0-116-generic:amd64 3.13.0-116.163
2017-04-04 17:10:22 status installed linux-cloud-tools-3.13.0-116-generic:amd64 3.13.0-116.163
2017-04-04 17:10:22 configure linux-cloud-tools-generic:amd64 3.13.0.116.126 <none>
2017-04-04 17:10:22 status unpacked linux-cloud-tools-generic:amd64 3.13.0.116.126
2017-04-04 17:10:22 status half-configured linux-cloud-tools-generic:amd64 3.13.0.116.126
2017-04-04 17:10:22 status installed linux-cloud-tools-generic:amd64 3.13.0.116.126
2017-04-04 17:10:22 configure linux-image-extra-3.13.0-116-generic:amd64 3.13.0-116.163 <none>
2017-04-04 17:10:22 status unpacked linux-image-extra-3.13.0-116-generic:amd64 3.13.0-116.163
2017-04-04 17:10:22 status half-configured linux-image-extra-3.13.0-116-generic:amd64 3.13.0-116.163
2017-04-04 17:10:34 status installed linux-image-extra-3.13.0-116-generic:amd64 3.13.0-116.163
2017-04-04 17:10:34 configure linux-image-generic:amd64 3.13.0.116.126 <none>
2017-04-04 17:10:34 status unpacked linux-image-generic:amd64 3.13.0.116.126
2017-04-04 17:10:34 status half-configured linux-image-generic:amd64 3.13.0.116.126
2017-04-04 17:10:34 status installed linux-image-generic:amd64 3.13.0.116.126
2017-04-04 17:10:34 configure linux-headers-3.13.0-116:all 3.13.0-116.163 <none>
2017-04-04 17:10:34 status unpacked linux-headers-3.13.0-116:all 3.13.0-116.163
2017-04-04 17:10:34 status half-configured linux-headers-3.13.0-116:all 3.13.0-116.163
2017-04-04 17:10:34 status installed linux-headers-3.13.0-116:all 3.13.0-116.163
2017-04-04 17:10:34 configure linux-headers-3.13.0-116-generic:amd64 3.13.0-116.163 <none>
2017-04-04 17:10:34 status unpacked linux-headers-3.13.0-116-generic:amd64 3.13.0-116.163
2017-04-04 17:10:34 status half-configured linux-headers-3.13.0-116-generic:amd64 3.13.0-116.163
2017-04-04 17:10:34 status installed linux-headers-3.13.0-116-generic:amd64 3.13.0-116.163
2017-04-04 17:10:34 configure linux-headers-generic:amd64 3.13.0.116.126 <none>
2017-04-04 17:10:34 status unpacked linux-headers-generic:amd64 3.13.0.116.126
2017-04-04 17:10:34 status half-configured linux-headers-generic:amd64 3.13.0.116.126
2017-04-04 17:10:34 status installed linux-headers-generic:amd64 3.13.0.116.126
2017-04-04 17:10:34 configure linux-generic:amd64 3.13.0.116.126 <none>
2017-04-04 17:10:34 status unpacked linux-generic:amd64 3.13.0.116.126
2017-04-04 17:10:34 status half-configured linux-generic:amd64 3.13.0.116.126
2017-04-04 17:10:34 status installed linux-generic:amd64 3.13.0.116.126
2017-04-04 17:10:34 configure linux-libc-dev:amd64 3.13.0-116.163 <none>
2017-04-04 17:10:34 status unpacked linux-libc-dev:amd64 3.13.0-116.163
2017-04-04 17:10:34 status half-configured linux-libc-dev:amd64 3.13.0-116.163
2017-04-04 17:10:34 status installed linux-libc-dev:amd64 3.13.0-116.163
2017-04-04 17:10:34 configure linux-tools-common:all 3.13.0-116.163 <none>
2017-04-04 17:10:34 status unpacked linux-tools-common:all 3.13.0-116.163
2017-04-04 17:10:34 status half-configured linux-tools-common:all 3.13.0-116.163
2017-04-04 17:10:34 status installed linux-tools-common:all 3.13.0-116.163
2017-04-04 17:10:34 configure linux-tools-3.13.0-116:amd64 3.13.0-116.163 <none>
2017-04-04 17:10:34 status unpacked linux-tools-3.13.0-116:amd64 3.13.0-116.163
2017-04-04 17:10:34 status half-configured linux-tools-3.13.0-116:amd64 3.13.0-116.163
2017-04-04 17:10:34 status installed linux-tools-3.13.0-116:amd64 3.13.0-116.163
2017-04-04 17:10:34 configure linux-tools-3.13.0-116-generic:amd64 3.13.0-116.163 <none>
2017-04-04 17:10:34 status unpacked linux-tools-3.13.0-116-generic:amd64 3.13.0-116.163
2017-04-04 17:10:34 status half-configured linux-tools-3.13.0-116-generic:amd64 3.13.0-116.163
2017-04-04 17:10:34 status installed linux-tools-3.13.0-116-generic:amd64 3.13.0-116.163
2017-04-04 17:10:34 configure linux-tools-generic:amd64 3.13.0.116.126 <none>
2017-04-04 17:10:34 status unpacked linux-tools-generic:amd64 3.13.0.116.126
2017-04-04 17:10:34 status half-configured linux-tools-generic:amd64 3.13.0.116.126
2017-04-04 17:10:34 status installed linux-tools-generic:amd64 3.13.0.116.126
2017-04-04 17:55:09 startup packages remove
2017-04-04 17:55:09 status installed linux-cloud-tools-3.13.0-115-generic:amd64 3.13.0-115.162
2017-04-04 17:55:09 remove linux-cloud-tools-3.13.0-115-generic:amd64 3.13.0-115.162 <none>
2017-04-04 17:55:09 status half-configured linux-cloud-tools-3.13.0-115-generic:amd64 3.13.0-115.162
2017-04-04 17:55:09 status half-installed linux-cloud-tools-3.13.0-115-generic:amd64 3.13.0-115.162
2017-04-04 17:55:09 status config-files linux-cloud-tools-3.13.0-115-generic:amd64 3.13.0-115.162
2017-04-04 17:55:09 status config-files linux-cloud-tools-3.13.0-115-generic:amd64 3.13.0-115.162
2017-04-04 17:55:09 status config-files linux-cloud-tools-3.13.0-115-generic:amd64 3.13.0-115.162
2017-04-04 17:55:09 status not-installed linux-cloud-tools-3.13.0-115-generic:amd64 <none>
2017-04-04 17:55:09 status installed linux-cloud-tools-3.13.0-115:amd64 3.13.0-115.162
2017-04-04 17:55:09 remove linux-cloud-tools-3.13.0-115:amd64 3.13.0-115.162 <none>
2017-04-04 17:55:09 status half-configured linux-cloud-tools-3.13.0-115:amd64 3.13.0-115.162
2017-04-04 17:55:09 status half-installed linux-cloud-tools-3.13.0-115:amd64 3.13.0-115.162
2017-04-04 17:55:09 status config-files linux-cloud-tools-3.13.0-115:amd64 3.13.0-115.162
2017-04-04 17:55:09 status config-files linux-cloud-tools-3.13.0-115:amd64 3.13.0-115.162
2017-04-04 17:55:09 status config-files linux-cloud-tools-3.13.0-115:amd64 3.13.0-115.162
2017-04-04 17:55:09 status not-installed linux-cloud-tools-3.13.0-115:amd64 <none>
2017-04-04 17:55:09 status installed linux-headers-3.13.0-115-generic:amd64 3.13.0-115.162
2017-04-04 17:55:10 remove linux-headers-3.13.0-115-generic:amd64 3.13.0-115.162 <none>
2017-04-04 17:55:10 status half-configured linux-headers-3.13.0-115-generic:amd64 3.13.0-115.162
2017-04-04 17:55:10 status half-installed linux-headers-3.13.0-115-generic:amd64 3.13.0-115.162
2017-04-04 17:55:11 status config-files linux-headers-3.13.0-115-generic:amd64 3.13.0-115.162
2017-04-04 17:55:11 status config-files linux-headers-3.13.0-115-generic:amd64 3.13.0-115.162
2017-04-04 17:55:11 status config-files linux-headers-3.13.0-115-generic:amd64 3.13.0-115.162
2017-04-04 17:55:11 status not-installed linux-headers-3.13.0-115-generic:amd64 <none>
2017-04-04 17:55:11 status installed linux-headers-3.13.0-115:all 3.13.0-115.162
2017-04-04 17:55:11 remove linux-headers-3.13.0-115:all 3.13.0-115.162 <none>
2017-04-04 17:55:11 status half-configured linux-headers-3.13.0-115:all 3.13.0-115.162
2017-04-04 17:55:11 status half-installed linux-headers-3.13.0-115:all 3.13.0-115.162
2017-04-04 17:55:12 status config-files linux-headers-3.13.0-115:all 3.13.0-115.162
2017-04-04 17:55:12 status config-files linux-headers-3.13.0-115:all 3.13.0-115.162
2017-04-04 17:55:12 status config-files linux-headers-3.13.0-115:all 3.13.0-115.162
2017-04-04 17:55:12 status not-installed linux-headers-3.13.0-115:all <none>
2017-04-04 17:55:12 status installed linux-image-extra-3.13.0-115-generic:amd64 3.13.0-115.162
2017-04-04 17:55:12 remove linux-image-extra-3.13.0-115-generic:amd64 3.13.0-115.162 <none>
2017-04-04 17:55:12 status half-configured linux-image-extra-3.13.0-115-generic:amd64 3.13.0-115.162
2017-04-04 17:55:12 status half-installed linux-image-extra-3.13.0-115-generic:amd64 3.13.0-115.162
2017-04-04 17:55:18 status config-files linux-image-extra-3.13.0-115-generic:amd64 3.13.0-115.162
2017-04-04 17:55:18 status config-files linux-image-extra-3.13.0-115-generic:amd64 3.13.0-115.162
2017-04-04 17:55:18 status installed linux-image-3.13.0-115-generic:amd64 3.13.0-115.162
2017-04-04 17:55:18 remove linux-image-3.13.0-115-generic:amd64 3.13.0-115.162 <none>
2017-04-04 17:55:18 status half-configured linux-image-3.13.0-115-generic:amd64 3.13.0-115.162
2017-04-04 17:55:18 status half-installed linux-image-3.13.0-115-generic:amd64 3.13.0-115.162
2017-04-04 17:55:18 status config-files linux-image-3.13.0-115-generic:amd64 3.13.0-115.162
2017-04-04 17:55:18 status config-files linux-image-3.13.0-115-generic:amd64 3.13.0-115.162
2017-04-04 17:55:19 status installed linux-tools-3.13.0-115-generic:amd64 3.13.0-115.162
2017-04-04 17:55:19 remove linux-tools-3.13.0-115-generic:amd64 3.13.0-115.162 <none>
2017-04-04 17:55:19 status half-configured linux-tools-3.13.0-115-generic:amd64 3.13.0-115.162
2017-04-04 17:55:19 status half-installed linux-tools-3.13.0-115-generic:amd64 3.13.0-115.162
2017-04-04 17:55:19 status config-files linux-tools-3.13.0-115-generic:amd64 3.13.0-115.162
2017-04-04 17:55:19 status config-files linux-tools-3.13.0-115-generic:amd64 3.13.0-115.162
2017-04-04 17:55:19 status config-files linux-tools-3.13.0-115-generic:amd64 3.13.0-115.162
2017-04-04 17:55:19 status not-installed linux-tools-3.13.0-115-generic:amd64 <none>
2017-04-04 17:55:19 status installed linux-tools-3.13.0-115:amd64 3.13.0-115.162
2017-04-04 17:55:19 remove linux-tools-3.13.0-115:amd64 3.13.0-115.162 <none>
2017-04-04 17:55:19 status half-configured linux-tools-3.13.0-115:amd64 3.13.0-115.162
2017-04-04 17:55:19 status half-installed linux-tools-3.13.0-115:amd64 3.13.0-115.162
2017-04-04 17:55:19 status config-files linux-tools-3.13.0-115:amd64 3.13.0-115.162
2017-04-04 17:55:19 status config-files linux-tools-3.13.0-115:amd64 3.13.0-115.162
2017-04-04 17:55:19 status config-files linux-tools-3.13.0-115:amd64 3.13.0-115.162
2017-04-04 17:55:19 status not-installed linux-tools-3.13.0-115:amd64 <none>
2017-04-06 01:01:11 startup archives unpack
2017-04-06 01:01:11 upgrade update-manager-core:all 1:0.196.22 1:0.196.23
2017-04-06 01:01:11 status half-configured update-manager-core:all 1:0.196.22
2017-04-06 01:01:11 status unpacked update-manager-core:all 1:0.196.22
2017-04-06 01:01:11 status half-installed update-manager-core:all 1:0.196.22
2017-04-06 01:01:11 status half-installed update-manager-core:all 1:0.196.22
2017-04-06 01:01:11 status unpacked update-manager-core:all 1:0.196.23
2017-04-06 01:01:11 status unpacked update-manager-core:all 1:0.196.23
2017-04-06 01:01:11 upgrade python3-update-manager:all 1:0.196.22 1:0.196.23
2017-04-06 01:01:11 status half-configured python3-update-manager:all 1:0.196.22
2017-04-06 01:01:12 status unpacked python3-update-manager:all 1:0.196.22
2017-04-06 01:01:12 status half-installed python3-update-manager:all 1:0.196.22
2017-04-06 01:01:12 status half-installed python3-update-manager:all 1:0.196.22
2017-04-06 01:01:12 status unpacked python3-update-manager:all 1:0.196.23
2017-04-06 01:01:12 status unpacked python3-update-manager:all 1:0.196.23
2017-04-06 01:01:12 upgrade update-notifier-common:all 0.154.1ubuntu2 0.154.1ubuntu3
2017-04-06 01:01:12 status half-configured update-notifier-common:all 0.154.1ubuntu2
2017-04-06 01:01:12 status unpacked update-notifier-common:all 0.154.1ubuntu2
2017-04-06 01:01:12 status half-installed update-notifier-common:all 0.154.1ubuntu2
2017-04-06 01:01:12 status half-installed update-notifier-common:all 0.154.1ubuntu2
2017-04-06 01:01:12 status unpacked update-notifier-common:all 0.154.1ubuntu3
2017-04-06 01:01:12 status unpacked update-notifier-common:all 0.154.1ubuntu3
2017-04-06 01:01:12 upgrade docker-engine:amd64 17.03.1~ce-0~ubuntu-trusty 17.04.0~ce-0~ubuntu-trusty
2017-04-06 01:01:12 status half-configured docker-engine:amd64 17.03.1~ce-0~ubuntu-trusty
2017-04-06 01:01:13 status unpacked docker-engine:amd64 17.03.1~ce-0~ubuntu-trusty
2017-04-06 01:01:13 status half-installed docker-engine:amd64 17.03.1~ce-0~ubuntu-trusty
2017-04-06 01:01:13 status triggers-pending man-db:amd64 2.6.7.1-1ubuntu1
2017-04-06 01:01:16 status triggers-pending ureadahead:amd64 0.100.0-16
2017-04-06 01:01:16 status half-installed docker-engine:amd64 17.03.1~ce-0~ubuntu-trusty
2017-04-06 01:01:16 status triggers-pending ureadahead:amd64 0.100.0-16
2017-04-06 01:01:16 status half-installed docker-engine:amd64 17.03.1~ce-0~ubuntu-trusty
2017-04-06 01:01:16 status unpacked docker-engine:amd64 17.04.0~ce-0~ubuntu-trusty
2017-04-06 01:01:16 status unpacked docker-engine:amd64 17.04.0~ce-0~ubuntu-trusty
2017-04-06 01:01:16 trigproc man-db:amd64 2.6.7.1-1ubuntu1 2.6.7.1-1ubuntu1
2017-04-06 01:01:16 status half-configured man-db:amd64 2.6.7.1-1ubuntu1
2017-04-06 01:01:17 status installed man-db:amd64 2.6.7.1-1ubuntu1
2017-04-06 01:01:17 trigproc ureadahead:amd64 0.100.0-16 0.100.0-16
2017-04-06 01:01:17 status half-configured ureadahead:amd64 0.100.0-16
2017-04-06 01:01:17 status installed ureadahead:amd64 0.100.0-16
2017-04-06 01:01:17 startup packages configure
2017-04-06 01:01:17 configure python3-update-manager:all 1:0.196.23 <none>
2017-04-06 01:01:17 status unpacked python3-update-manager:all 1:0.196.23
2017-04-06 01:01:17 status half-configured python3-update-manager:all 1:0.196.23
2017-04-06 01:01:18 status installed python3-update-manager:all 1:0.196.23
2017-04-06 01:01:18 configure update-manager-core:all 1:0.196.23 <none>
2017-04-06 01:01:18 status unpacked update-manager-core:all 1:0.196.23
2017-04-06 01:01:18 status half-configured update-manager-core:all 1:0.196.23
2017-04-06 01:01:18 status installed update-manager-core:all 1:0.196.23
2017-04-06 01:01:18 configure update-notifier-common:all 0.154.1ubuntu3 <none>
2017-04-06 01:01:18 status unpacked update-notifier-common:all 0.154.1ubuntu3
2017-04-06 01:01:18 status unpacked update-notifier-common:all 0.154.1ubuntu3
2017-04-06 01:01:18 status unpacked update-notifier-common:all 0.154.1ubuntu3
2017-04-06 01:01:18 status unpacked update-notifier-common:all 0.154.1ubuntu3
2017-04-06 01:01:18 status unpacked update-notifier-common:all 0.154.1ubuntu3
2017-04-06 01:01:18 status unpacked update-notifier-common:all 0.154.1ubuntu3
2017-04-06 01:01:18 status unpacked update-notifier-common:all 0.154.1ubuntu3
2017-04-06 01:01:18 status unpacked update-notifier-common:all 0.154.1ubuntu3
2017-04-06 01:01:18 status unpacked update-notifier-common:all 0.154.1ubuntu3
2017-04-06 01:01:18 status unpacked update-notifier-common:all 0.154.1ubuntu3
2017-04-06 01:01:18 status unpacked update-notifier-common:all 0.154.1ubuntu3
2017-04-06 01:01:18 status half-configured update-notifier-common:all 0.154.1ubuntu3
2017-04-06 01:01:18 status installed update-notifier-common:all 0.154.1ubuntu3
2017-04-06 01:01:18 configure docker-engine:amd64 17.04.0~ce-0~ubuntu-trusty <none>
2017-04-06 01:01:18 status unpacked docker-engine:amd64 17.04.0~ce-0~ubuntu-trusty
2017-04-06 01:01:18 status triggers-pending ureadahead:amd64 0.100.0-16
2017-04-06 01:01:18 status unpacked docker-engine:amd64 17.04.0~ce-0~ubuntu-trusty
2017-04-06 01:01:18 status unpacked docker-engine:amd64 17.04.0~ce-0~ubuntu-trusty
2017-04-06 01:01:18 status unpacked docker-engine:amd64 17.04.0~ce-0~ubuntu-trusty
2017-04-06 01:01:18 status unpacked docker-engine:amd64 17.04.0~ce-0~ubuntu-trusty
2017-04-06 01:01:18 status unpacked docker-engine:amd64 17.04.0~ce-0~ubuntu-trusty
2017-04-06 01:01:18 status half-configured docker-engine:amd64 17.04.0~ce-0~ubuntu-trusty
2017-04-06 01:01:18 status triggers-awaited docker-engine:amd64 17.04.0~ce-0~ubuntu-trusty
2017-04-06 01:01:18 trigproc ureadahead:amd64 0.100.0-16 <none>
2017-04-06 01:01:18 status half-configured ureadahead:amd64 0.100.0-16
2017-04-06 01:01:18 status installed docker-engine:amd64 17.04.0~ce-0~ubuntu-trusty
2017-04-06 01:01:18 status installed ureadahead:amd64 0.100.0-16
2017-04-18 17:10:36 startup archives unpack
2017-04-18 17:10:37 upgrade bind9-host:amd64 1:9.9.5.dfsg-3ubuntu0.13 1:9.9.5.dfsg-3ubuntu0.14
2017-04-18 17:10:37 status half-configured bind9-host:amd64 1:9.9.5.dfsg-3ubuntu0.13
2017-04-18 17:10:37 status unpacked bind9-host:amd64 1:9.9.5.dfsg-3ubuntu0.13
2017-04-18 17:10:37 status half-installed bind9-host:amd64 1:9.9.5.dfsg-3ubuntu0.13
2017-04-18 17:10:37 status triggers-pending man-db:amd64 2.6.7.1-1ubuntu1
2017-04-18 17:10:37 status half-installed bind9-host:amd64 1:9.9.5.dfsg-3ubuntu0.13
2017-04-18 17:10:37 status unpacked bind9-host:amd64 1:9.9.5.dfsg-3ubuntu0.14
2017-04-18 17:10:37 status unpacked bind9-host:amd64 1:9.9.5.dfsg-3ubuntu0.14
2017-04-18 17:10:37 upgrade dnsutils:amd64 1:9.9.5.dfsg-3ubuntu0.13 1:9.9.5.dfsg-3ubuntu0.14
2017-04-18 17:10:37 status half-configured dnsutils:amd64 1:9.9.5.dfsg-3ubuntu0.13
2017-04-18 17:10:37 status unpacked dnsutils:amd64 1:9.9.5.dfsg-3ubuntu0.13
2017-04-18 17:10:37 status half-installed dnsutils:amd64 1:9.9.5.dfsg-3ubuntu0.13
2017-04-18 17:10:37 status half-installed dnsutils:amd64 1:9.9.5.dfsg-3ubuntu0.13
2017-04-18 17:10:37 status unpacked dnsutils:amd64 1:9.9.5.dfsg-3ubuntu0.14
2017-04-18 17:10:37 status unpacked dnsutils:amd64 1:9.9.5.dfsg-3ubuntu0.14
2017-04-18 17:10:37 upgrade libisc95:amd64 1:9.9.5.dfsg-3ubuntu0.13 1:9.9.5.dfsg-3ubuntu0.14
2017-04-18 17:10:37 status half-configured libisc95:amd64 1:9.9.5.dfsg-3ubuntu0.13
2017-04-18 17:10:37 status unpacked libisc95:amd64 1:9.9.5.dfsg-3ubuntu0.13
2017-04-18 17:10:37 status half-installed libisc95:amd64 1:9.9.5.dfsg-3ubuntu0.13
2017-04-18 17:10:37 status half-installed libisc95:amd64 1:9.9.5.dfsg-3ubuntu0.13
2017-04-18 17:10:37 status unpacked libisc95:amd64 1:9.9.5.dfsg-3ubuntu0.14
2017-04-18 17:10:37 status unpacked libisc95:amd64 1:9.9.5.dfsg-3ubuntu0.14
2017-04-18 17:10:37 upgrade libdns100:amd64 1:9.9.5.dfsg-3ubuntu0.13 1:9.9.5.dfsg-3ubuntu0.14
2017-04-18 17:10:37 status half-configured libdns100:amd64 1:9.9.5.dfsg-3ubuntu0.13
2017-04-18 17:10:37 status unpacked libdns100:amd64 1:9.9.5.dfsg-3ubuntu0.13
2017-04-18 17:10:37 status half-installed libdns100:amd64 1:9.9.5.dfsg-3ubuntu0.13
2017-04-18 17:10:37 status half-installed libdns100:amd64 1:9.9.5.dfsg-3ubuntu0.13
2017-04-18 17:10:37 status unpacked libdns100:amd64 1:9.9.5.dfsg-3ubuntu0.14
2017-04-18 17:10:37 status unpacked libdns100:amd64 1:9.9.5.dfsg-3ubuntu0.14
2017-04-18 17:10:37 upgrade libisccc90:amd64 1:9.9.5.dfsg-3ubuntu0.13 1:9.9.5.dfsg-3ubuntu0.14
2017-04-18 17:10:37 status half-configured libisccc90:amd64 1:9.9.5.dfsg-3ubuntu0.13
2017-04-18 17:10:37 status unpacked libisccc90:amd64 1:9.9.5.dfsg-3ubuntu0.13
2017-04-18 17:10:37 status half-installed libisccc90:amd64 1:9.9.5.dfsg-3ubuntu0.13
2017-04-18 17:10:37 status half-installed libisccc90:amd64 1:9.9.5.dfsg-3ubuntu0.13
2017-04-18 17:10:37 status unpacked libisccc90:amd64 1:9.9.5.dfsg-3ubuntu0.14
2017-04-18 17:10:37 status unpacked libisccc90:amd64 1:9.9.5.dfsg-3ubuntu0.14
2017-04-18 17:10:37 upgrade libisccfg90:amd64 1:9.9.5.dfsg-3ubuntu0.13 1:9.9.5.dfsg-3ubuntu0.14
2017-04-18 17:10:37 status half-configured libisccfg90:amd64 1:9.9.5.dfsg-3ubuntu0.13
2017-04-18 17:10:37 status unpacked libisccfg90:amd64 1:9.9.5.dfsg-3ubuntu0.13
2017-04-18 17:10:37 status half-installed libisccfg90:amd64 1:9.9.5.dfsg-3ubuntu0.13
2017-04-18 17:10:37 status half-installed libisccfg90:amd64 1:9.9.5.dfsg-3ubuntu0.13
2017-04-18 17:10:37 status unpacked libisccfg90:amd64 1:9.9.5.dfsg-3ubuntu0.14
2017-04-18 17:10:37 status unpacked libisccfg90:amd64 1:9.9.5.dfsg-3ubuntu0.14
2017-04-18 17:10:37 upgrade liblwres90:amd64 1:9.9.5.dfsg-3ubuntu0.13 1:9.9.5.dfsg-3ubuntu0.14
2017-04-18 17:10:37 status half-configured liblwres90:amd64 1:9.9.5.dfsg-3ubuntu0.13
2017-04-18 17:10:37 status unpacked liblwres90:amd64 1:9.9.5.dfsg-3ubuntu0.13
2017-04-18 17:10:37 status half-installed liblwres90:amd64 1:9.9.5.dfsg-3ubuntu0.13
2017-04-18 17:10:37 status half-installed liblwres90:amd64 1:9.9.5.dfsg-3ubuntu0.13
2017-04-18 17:10:37 status unpacked liblwres90:amd64 1:9.9.5.dfsg-3ubuntu0.14
2017-04-18 17:10:37 status unpacked liblwres90:amd64 1:9.9.5.dfsg-3ubuntu0.14
2017-04-18 17:10:37 upgrade libbind9-90:amd64 1:9.9.5.dfsg-3ubuntu0.13 1:9.9.5.dfsg-3ubuntu0.14
2017-04-18 17:10:37 status half-configured libbind9-90:amd64 1:9.9.5.dfsg-3ubuntu0.13
2017-04-18 17:10:37 status unpacked libbind9-90:amd64 1:9.9.5.dfsg-3ubuntu0.13
2017-04-18 17:10:37 status half-installed libbind9-90:amd64 1:9.9.5.dfsg-3ubuntu0.13
2017-04-18 17:10:37 status half-installed libbind9-90:amd64 1:9.9.5.dfsg-3ubuntu0.13
2017-04-18 17:10:37 status unpacked libbind9-90:amd64 1:9.9.5.dfsg-3ubuntu0.14
2017-04-18 17:10:37 status unpacked libbind9-90:amd64 1:9.9.5.dfsg-3ubuntu0.14
2017-04-18 17:10:37 trigproc man-db:amd64 2.6.7.1-1ubuntu1 2.6.7.1-1ubuntu1
2017-04-18 17:10:37 status half-configured man-db:amd64 2.6.7.1-1ubuntu1
2017-04-18 17:10:38 status installed man-db:amd64 2.6.7.1-1ubuntu1
2017-04-18 17:10:38 startup packages configure
2017-04-18 17:10:38 configure libisc95:amd64 1:9.9.5.dfsg-3ubuntu0.14 <none>
2017-04-18 17:10:38 status unpacked libisc95:amd64 1:9.9.5.dfsg-3ubuntu0.14
2017-04-18 17:10:38 status half-configured libisc95:amd64 1:9.9.5.dfsg-3ubuntu0.14
2017-04-18 17:10:38 status installed libisc95:amd64 1:9.9.5.dfsg-3ubuntu0.14
2017-04-18 17:10:38 status triggers-pending libc-bin:amd64 2.19-0ubuntu6.11
2017-04-18 17:10:38 configure libdns100:amd64 1:9.9.5.dfsg-3ubuntu0.14 <none>
2017-04-18 17:10:38 status unpacked libdns100:amd64 1:9.9.5.dfsg-3ubuntu0.14
2017-04-18 17:10:38 status half-configured libdns100:amd64 1:9.9.5.dfsg-3ubuntu0.14
2017-04-18 17:10:38 status installed libdns100:amd64 1:9.9.5.dfsg-3ubuntu0.14
2017-04-18 17:10:38 configure libisccc90:amd64 1:9.9.5.dfsg-3ubuntu0.14 <none>
2017-04-18 17:10:38 status unpacked libisccc90:amd64 1:9.9.5.dfsg-3ubuntu0.14
2017-04-18 17:10:38 status half-configured libisccc90:amd64 1:9.9.5.dfsg-3ubuntu0.14
2017-04-18 17:10:38 status installed libisccc90:amd64 1:9.9.5.dfsg-3ubuntu0.14
2017-04-18 17:10:38 configure libisccfg90:amd64 1:9.9.5.dfsg-3ubuntu0.14 <none>
2017-04-18 17:10:38 status unpacked libisccfg90:amd64 1:9.9.5.dfsg-3ubuntu0.14
2017-04-18 17:10:38 status half-configured libisccfg90:amd64 1:9.9.5.dfsg-3ubuntu0.14
2017-04-18 17:10:38 status installed libisccfg90:amd64 1:9.9.5.dfsg-3ubuntu0.14
2017-04-18 17:10:38 configure libbind9-90:amd64 1:9.9.5.dfsg-3ubuntu0.14 <none>
2017-04-18 17:10:38 status unpacked libbind9-90:amd64 1:9.9.5.dfsg-3ubuntu0.14
2017-04-18 17:10:38 status half-configured libbind9-90:amd64 1:9.9.5.dfsg-3ubuntu0.14
2017-04-18 17:10:38 status installed libbind9-90:amd64 1:9.9.5.dfsg-3ubuntu0.14
2017-04-18 17:10:38 configure liblwres90:amd64 1:9.9.5.dfsg-3ubuntu0.14 <none>
2017-04-18 17:10:38 status unpacked liblwres90:amd64 1:9.9.5.dfsg-3ubuntu0.14
2017-04-18 17:10:38 status half-configured liblwres90:amd64 1:9.9.5.dfsg-3ubuntu0.14
2017-04-18 17:10:38 status installed liblwres90:amd64 1:9.9.5.dfsg-3ubuntu0.14
2017-04-18 17:10:38 configure bind9-host:amd64 1:9.9.5.dfsg-3ubuntu0.14 <none>
2017-04-18 17:10:38 status unpacked bind9-host:amd64 1:9.9.5.dfsg-3ubuntu0.14
2017-04-18 17:10:38 status half-configured bind9-host:amd64 1:9.9.5.dfsg-3ubuntu0.14
2017-04-18 17:10:38 status installed bind9-host:amd64 1:9.9.5.dfsg-3ubuntu0.14
2017-04-18 17:10:38 configure dnsutils:amd64 1:9.9.5.dfsg-3ubuntu0.14 <none>
2017-04-18 17:10:38 status unpacked dnsutils:amd64 1:9.9.5.dfsg-3ubuntu0.14
2017-04-18 17:10:38 status half-configured dnsutils:amd64 1:9.9.5.dfsg-3ubuntu0.14
2017-04-18 17:10:38 status installed dnsutils:amd64 1:9.9.5.dfsg-3ubuntu0.14
2017-04-18 17:10:38 trigproc libc-bin:amd64 2.19-0ubuntu6.11 <none>
2017-04-18 17:10:38 status half-configured libc-bin:amd64 2.19-0ubuntu6.11
2017-04-18 17:10:38 status installed libc-bin:amd64 2.19-0ubuntu6.11
2017-04-20 20:47:34 startup archives unpack
2017-04-20 20:47:35 upgrade do-agent:amd64 0.4.10 0.4.11
2017-04-20 20:47:35 status half-configured do-agent:amd64 0.4.10
2017-04-20 20:47:35 status unpacked do-agent:amd64 0.4.10
2017-04-20 20:47:35 status half-installed do-agent:amd64 0.4.10
2017-04-20 20:47:35 status triggers-pending ureadahead:amd64 0.100.0-16
2017-04-20 20:47:35 status half-installed do-agent:amd64 0.4.10
2017-04-20 20:47:35 status half-installed do-agent:amd64 0.4.10
2017-04-20 20:47:35 status unpacked do-agent:amd64 0.4.11
2017-04-20 20:47:35 status unpacked do-agent:amd64 0.4.11
2017-04-20 20:47:35 trigproc ureadahead:amd64 0.100.0-16 0.100.0-16
2017-04-20 20:47:35 status half-configured ureadahead:amd64 0.100.0-16
2017-04-20 20:47:35 status installed ureadahead:amd64 0.100.0-16
2017-04-20 20:47:35 startup packages configure
2017-04-20 20:47:35 configure do-agent:amd64 0.4.11 <none>
2017-04-20 20:47:35 status unpacked do-agent:amd64 0.4.11
2017-04-20 20:47:35 status unpacked do-agent:amd64 0.4.11
2017-04-20 20:47:35 status half-configured do-agent:amd64 0.4.11
2017-04-20 20:47:35 status installed do-agent:amd64 0.4.11
2017-04-22 14:14:56 startup archives unpack
2017-04-22 14:14:57 upgrade libfreetype6:amd64 2.5.2-1ubuntu2.6 2.5.2-1ubuntu2.7
2017-04-22 14:14:57 status half-configured libfreetype6:amd64 2.5.2-1ubuntu2.6
2017-04-22 14:14:57 status unpacked libfreetype6:amd64 2.5.2-1ubuntu2.6
2017-04-22 14:14:57 status half-installed libfreetype6:amd64 2.5.2-1ubuntu2.6
2017-04-22 14:14:57 status half-installed libfreetype6:amd64 2.5.2-1ubuntu2.6
2017-04-22 14:14:57 status unpacked libfreetype6:amd64 2.5.2-1ubuntu2.7
2017-04-22 14:14:57 status unpacked libfreetype6:amd64 2.5.2-1ubuntu2.7
2017-04-22 14:14:57 upgrade mongodb-org-shell:amd64 3.4.3 3.4.4
2017-04-22 14:14:57 status half-configured mongodb-org-shell:amd64 3.4.3
2017-04-22 14:14:57 status unpacked mongodb-org-shell:amd64 3.4.3
2017-04-22 14:14:57 status half-installed mongodb-org-shell:amd64 3.4.3
2017-04-22 14:14:58 status triggers-pending man-db:amd64 2.6.7.1-1ubuntu1
2017-04-22 14:14:58 status half-installed mongodb-org-shell:amd64 3.4.3
2017-04-22 14:14:58 status unpacked mongodb-org-shell:amd64 3.4.4
2017-04-22 14:14:58 status unpacked mongodb-org-shell:amd64 3.4.4
2017-04-22 14:14:58 upgrade mongodb-org-server:amd64 3.4.3 3.4.4
2017-04-22 14:14:58 status half-configured mongodb-org-server:amd64 3.4.3
2017-04-22 14:14:58 status unpacked mongodb-org-server:amd64 3.4.3
2017-04-22 14:14:58 status half-installed mongodb-org-server:amd64 3.4.3
2017-04-22 14:15:00 status triggers-pending ureadahead:amd64 0.100.0-16
2017-04-22 14:15:00 status half-installed mongodb-org-server:amd64 3.4.3
2017-04-22 14:15:00 status half-installed mongodb-org-server:amd64 3.4.3
2017-04-22 14:15:01 status unpacked mongodb-org-server:amd64 3.4.4
2017-04-22 14:15:01 status unpacked mongodb-org-server:amd64 3.4.4
2017-04-22 14:15:01 upgrade mongodb-org-mongos:amd64 3.4.3 3.4.4
2017-04-22 14:15:01 status half-configured mongodb-org-mongos:amd64 3.4.3
2017-04-22 14:15:01 status unpacked mongodb-org-mongos:amd64 3.4.3
2017-04-22 14:15:01 status half-installed mongodb-org-mongos:amd64 3.4.3
2017-04-22 14:15:02 status half-installed mongodb-org-mongos:amd64 3.4.3
2017-04-22 14:15:02 status unpacked mongodb-org-mongos:amd64 3.4.4
2017-04-22 14:15:02 status unpacked mongodb-org-mongos:amd64 3.4.4
2017-04-22 14:15:02 upgrade mongodb-org-tools:amd64 3.4.3 3.4.4
2017-04-22 14:15:02 status half-configured mongodb-org-tools:amd64 3.4.3
2017-04-22 14:15:02 status unpacked mongodb-org-tools:amd64 3.4.3
2017-04-22 14:15:02 status half-installed mongodb-org-tools:amd64 3.4.3
2017-04-22 14:15:07 status half-installed mongodb-org-tools:amd64 3.4.3
2017-04-22 14:15:07 status unpacked mongodb-org-tools:amd64 3.4.4
2017-04-22 14:15:07 status unpacked mongodb-org-tools:amd64 3.4.4
2017-04-22 14:15:08 upgrade mongodb-org:amd64 3.4.3 3.4.4
2017-04-22 14:15:08 status half-configured mongodb-org:amd64 3.4.3
2017-04-22 14:15:08 status unpacked mongodb-org:amd64 3.4.3
2017-04-22 14:15:08 status half-installed mongodb-org:amd64 3.4.3
2017-04-22 14:15:08 status half-installed mongodb-org:amd64 3.4.3
2017-04-22 14:15:08 status unpacked mongodb-org:amd64 3.4.4
2017-04-22 14:15:08 status unpacked mongodb-org:amd64 3.4.4
2017-04-22 14:15:08 trigproc man-db:amd64 2.6.7.1-1ubuntu1 2.6.7.1-1ubuntu1
2017-04-22 14:15:08 status half-configured man-db:amd64 2.6.7.1-1ubuntu1
2017-04-22 14:15:08 status installed man-db:amd64 2.6.7.1-1ubuntu1
2017-04-22 14:15:08 trigproc ureadahead:amd64 0.100.0-16 0.100.0-16
2017-04-22 14:15:08 status half-configured ureadahead:amd64 0.100.0-16
2017-04-22 14:15:08 status installed ureadahead:amd64 0.100.0-16
2017-04-22 14:15:08 startup packages configure
2017-04-22 14:15:08 configure libfreetype6:amd64 2.5.2-1ubuntu2.7 <none>
2017-04-22 14:15:08 status unpacked libfreetype6:amd64 2.5.2-1ubuntu2.7
2017-04-22 14:15:08 status half-configured libfreetype6:amd64 2.5.2-1ubuntu2.7
2017-04-22 14:15:08 status installed libfreetype6:amd64 2.5.2-1ubuntu2.7
2017-04-22 14:15:08 status triggers-pending libc-bin:amd64 2.19-0ubuntu6.11
2017-04-22 14:15:08 configure mongodb-org-shell:amd64 3.4.4 <none>
2017-04-22 14:15:08 status unpacked mongodb-org-shell:amd64 3.4.4
2017-04-22 14:15:08 status half-configured mongodb-org-shell:amd64 3.4.4
2017-04-22 14:15:08 status installed mongodb-org-shell:amd64 3.4.4
2017-04-22 14:15:08 configure mongodb-org-server:amd64 3.4.4 <none>
2017-04-22 14:15:08 status unpacked mongodb-org-server:amd64 3.4.4
2017-04-22 14:15:08 status unpacked mongodb-org-server:amd64 3.4.4
2017-04-22 14:15:08 status unpacked mongodb-org-server:amd64 3.4.4
2017-04-22 14:15:08 status half-configured mongodb-org-server:amd64 3.4.4
2017-04-22 14:15:08 status installed mongodb-org-server:amd64 3.4.4
2017-04-22 14:15:08 configure mongodb-org-mongos:amd64 3.4.4 <none>
2017-04-22 14:15:08 status unpacked mongodb-org-mongos:amd64 3.4.4
2017-04-22 14:15:08 status half-configured mongodb-org-mongos:amd64 3.4.4
2017-04-22 14:15:08 status installed mongodb-org-mongos:amd64 3.4.4
2017-04-22 14:15:08 configure mongodb-org-tools:amd64 3.4.4 <none>
2017-04-22 14:15:08 status unpacked mongodb-org-tools:amd64 3.4.4
2017-04-22 14:15:08 status half-configured mongodb-org-tools:amd64 3.4.4
2017-04-22 14:15:08 status installed mongodb-org-tools:amd64 3.4.4
2017-04-22 14:15:08 configure mongodb-org:amd64 3.4.4 <none>
2017-04-22 14:15:08 status unpacked mongodb-org:amd64 3.4.4
2017-04-22 14:15:08 status half-configured mongodb-org:amd64 3.4.4
2017-04-22 14:15:08 status installed mongodb-org:amd64 3.4.4
2017-04-22 14:15:08 trigproc libc-bin:amd64 2.19-0ubuntu6.11 <none>
2017-04-22 14:15:08 status half-configured libc-bin:amd64 2.19-0ubuntu6.11
2017-04-22 14:15:08 status installed libc-bin:amd64 2.19-0ubuntu6.11
2017-04-24 14:37:37 startup archives unpack
2017-04-24 14:37:38 install linux-image-3.13.0-117-generic:amd64 <none> 3.13.0-117.164
2017-04-24 14:37:38 status half-installed linux-image-3.13.0-117-generic:amd64 3.13.0-117.164
2017-04-24 14:37:41 status unpacked linux-image-3.13.0-117-generic:amd64 3.13.0-117.164
2017-04-24 14:37:41 status unpacked linux-image-3.13.0-117-generic:amd64 3.13.0-117.164
2017-04-24 14:37:41 upgrade linux-cloud-tools-common:all 3.13.0-116.163 3.13.0-117.164
2017-04-24 14:37:41 status half-configured linux-cloud-tools-common:all 3.13.0-116.163
2017-04-24 14:37:41 status unpacked linux-cloud-tools-common:all 3.13.0-116.163
2017-04-24 14:37:41 status half-installed linux-cloud-tools-common:all 3.13.0-116.163
2017-04-24 14:37:41 status triggers-pending ureadahead:amd64 0.100.0-16
2017-04-24 14:37:41 status half-installed linux-cloud-tools-common:all 3.13.0-116.163
2017-04-24 14:37:41 status triggers-pending man-db:amd64 2.6.7.1-1ubuntu1
2017-04-24 14:37:41 status half-installed linux-cloud-tools-common:all 3.13.0-116.163
2017-04-24 14:37:41 status unpacked linux-cloud-tools-common:all 3.13.0-117.164
2017-04-24 14:37:41 status unpacked linux-cloud-tools-common:all 3.13.0-117.164
2017-04-24 14:37:41 install linux-cloud-tools-3.13.0-117:amd64 <none> 3.13.0-117.164
2017-04-24 14:37:41 status half-installed linux-cloud-tools-3.13.0-117:amd64 3.13.0-117.164
2017-04-24 14:37:41 status unpacked linux-cloud-tools-3.13.0-117:amd64 3.13.0-117.164
2017-04-24 14:37:41 status unpacked linux-cloud-tools-3.13.0-117:amd64 3.13.0-117.164
2017-04-24 14:37:41 install linux-cloud-tools-3.13.0-117-generic:amd64 <none> 3.13.0-117.164
2017-04-24 14:37:41 status half-installed linux-cloud-tools-3.13.0-117-generic:amd64 3.13.0-117.164
2017-04-24 14:37:41 status unpacked linux-cloud-tools-3.13.0-117-generic:amd64 3.13.0-117.164
2017-04-24 14:37:41 status unpacked linux-cloud-tools-3.13.0-117-generic:amd64 3.13.0-117.164
2017-04-24 14:37:41 upgrade linux-cloud-tools-generic:amd64 3.13.0.116.126 3.13.0.117.127
2017-04-24 14:37:41 status half-configured linux-cloud-tools-generic:amd64 3.13.0.116.126
2017-04-24 14:37:41 status unpacked linux-cloud-tools-generic:amd64 3.13.0.116.126
2017-04-24 14:37:41 status half-installed linux-cloud-tools-generic:amd64 3.13.0.116.126
2017-04-24 14:37:41 status half-installed linux-cloud-tools-generic:amd64 3.13.0.116.126
2017-04-24 14:37:41 status unpacked linux-cloud-tools-generic:amd64 3.13.0.117.127
2017-04-24 14:37:41 status unpacked linux-cloud-tools-generic:amd64 3.13.0.117.127
2017-04-24 14:37:41 install linux-image-extra-3.13.0-117-generic:amd64 <none> 3.13.0-117.164
2017-04-24 14:37:41 status half-installed linux-image-extra-3.13.0-117-generic:amd64 3.13.0-117.164
2017-04-24 14:37:51 status unpacked linux-image-extra-3.13.0-117-generic:amd64 3.13.0-117.164
2017-04-24 14:37:51 status unpacked linux-image-extra-3.13.0-117-generic:amd64 3.13.0-117.164
2017-04-24 14:37:51 upgrade linux-generic:amd64 3.13.0.116.126 3.13.0.117.127
2017-04-24 14:37:51 status half-configured linux-generic:amd64 3.13.0.116.126
2017-04-24 14:37:51 status unpacked linux-generic:amd64 3.13.0.116.126
2017-04-24 14:37:51 status half-installed linux-generic:amd64 3.13.0.116.126
2017-04-24 14:37:51 status half-installed linux-generic:amd64 3.13.0.116.126
2017-04-24 14:37:51 status unpacked linux-generic:amd64 3.13.0.117.127
2017-04-24 14:37:51 status unpacked linux-generic:amd64 3.13.0.117.127
2017-04-24 14:37:51 upgrade linux-image-generic:amd64 3.13.0.116.126 3.13.0.117.127
2017-04-24 14:37:51 status half-configured linux-image-generic:amd64 3.13.0.116.126
2017-04-24 14:37:51 status unpacked linux-image-generic:amd64 3.13.0.116.126
2017-04-24 14:37:51 status half-installed linux-image-generic:amd64 3.13.0.116.126
2017-04-24 14:37:51 status half-installed linux-image-generic:amd64 3.13.0.116.126
2017-04-24 14:37:51 status unpacked linux-image-generic:amd64 3.13.0.117.127
2017-04-24 14:37:51 status unpacked linux-image-generic:amd64 3.13.0.117.127
2017-04-24 14:37:51 install linux-headers-3.13.0-117:all <none> 3.13.0-117.164
2017-04-24 14:37:51 status half-installed linux-headers-3.13.0-117:all 3.13.0-117.164
2017-04-24 14:37:55 status unpacked linux-headers-3.13.0-117:all 3.13.0-117.164
2017-04-24 14:37:55 status unpacked linux-headers-3.13.0-117:all 3.13.0-117.164
2017-04-24 14:37:55 install linux-headers-3.13.0-117-generic:amd64 <none> 3.13.0-117.164
2017-04-24 14:37:55 status half-installed linux-headers-3.13.0-117-generic:amd64 3.13.0-117.164
2017-04-24 14:37:56 status unpacked linux-headers-3.13.0-117-generic:amd64 3.13.0-117.164
2017-04-24 14:37:56 status unpacked linux-headers-3.13.0-117-generic:amd64 3.13.0-117.164
2017-04-24 14:37:56 upgrade linux-headers-generic:amd64 3.13.0.116.126 3.13.0.117.127
2017-04-24 14:37:56 status half-configured linux-headers-generic:amd64 3.13.0.116.126
2017-04-24 14:37:56 status unpacked linux-headers-generic:amd64 3.13.0.116.126
2017-04-24 14:37:56 status half-installed linux-headers-generic:amd64 3.13.0.116.126
2017-04-24 14:37:56 status half-installed linux-headers-generic:amd64 3.13.0.116.126
2017-04-24 14:37:56 status unpacked linux-headers-generic:amd64 3.13.0.117.127
2017-04-24 14:37:56 status unpacked linux-headers-generic:amd64 3.13.0.117.127
2017-04-24 14:37:56 upgrade linux-libc-dev:amd64 3.13.0-116.163 3.13.0-117.164
2017-04-24 14:37:56 status half-configured linux-libc-dev:amd64 3.13.0-116.163
2017-04-24 14:37:56 status unpacked linux-libc-dev:amd64 3.13.0-116.163
2017-04-24 14:37:56 status half-installed linux-libc-dev:amd64 3.13.0-116.163
2017-04-24 14:37:57 status half-installed linux-libc-dev:amd64 3.13.0-116.163
2017-04-24 14:37:57 status unpacked linux-libc-dev:amd64 3.13.0-117.164
2017-04-24 14:37:57 status unpacked linux-libc-dev:amd64 3.13.0-117.164
2017-04-24 14:37:57 upgrade linux-tools-common:all 3.13.0-116.163 3.13.0-117.164
2017-04-24 14:37:57 status half-configured linux-tools-common:all 3.13.0-116.163
2017-04-24 14:37:57 status unpacked linux-tools-common:all 3.13.0-116.163
2017-04-24 14:37:57 status half-installed linux-tools-common:all 3.13.0-116.163
2017-04-24 14:37:57 status half-installed linux-tools-common:all 3.13.0-116.163
2017-04-24 14:37:57 status unpacked linux-tools-common:all 3.13.0-117.164
2017-04-24 14:37:57 status unpacked linux-tools-common:all 3.13.0-117.164
2017-04-24 14:37:57 install linux-tools-3.13.0-117:amd64 <none> 3.13.0-117.164
2017-04-24 14:37:57 status half-installed linux-tools-3.13.0-117:amd64 3.13.0-117.164
2017-04-24 14:37:57 status unpacked linux-tools-3.13.0-117:amd64 3.13.0-117.164
2017-04-24 14:37:57 status unpacked linux-tools-3.13.0-117:amd64 3.13.0-117.164
2017-04-24 14:37:57 install linux-tools-3.13.0-117-generic:amd64 <none> 3.13.0-117.164
2017-04-24 14:37:57 status half-installed linux-tools-3.13.0-117-generic:amd64 3.13.0-117.164
2017-04-24 14:37:57 status unpacked linux-tools-3.13.0-117-generic:amd64 3.13.0-117.164
2017-04-24 14:37:57 status unpacked linux-tools-3.13.0-117-generic:amd64 3.13.0-117.164
2017-04-24 14:37:57 upgrade linux-tools-generic:amd64 3.13.0.116.126 3.13.0.117.127
2017-04-24 14:37:57 status half-configured linux-tools-generic:amd64 3.13.0.116.126
2017-04-24 14:37:57 status unpacked linux-tools-generic:amd64 3.13.0.116.126
2017-04-24 14:37:57 status half-installed linux-tools-generic:amd64 3.13.0.116.126
2017-04-24 14:37:57 status half-installed linux-tools-generic:amd64 3.13.0.116.126
2017-04-24 14:37:57 status unpacked linux-tools-generic:amd64 3.13.0.117.127
2017-04-24 14:37:57 status unpacked linux-tools-generic:amd64 3.13.0.117.127
2017-04-24 14:37:57 trigproc ureadahead:amd64 0.100.0-16 0.100.0-16
2017-04-24 14:37:57 status half-configured ureadahead:amd64 0.100.0-16
2017-04-24 14:37:57 status installed ureadahead:amd64 0.100.0-16
2017-04-24 14:37:57 trigproc man-db:amd64 2.6.7.1-1ubuntu1 2.6.7.1-1ubuntu1
2017-04-24 14:37:57 status half-configured man-db:amd64 2.6.7.1-1ubuntu1
2017-04-24 14:37:58 status installed man-db:amd64 2.6.7.1-1ubuntu1
2017-04-24 14:37:58 startup packages configure
2017-04-24 14:37:58 configure linux-image-3.13.0-117-generic:amd64 3.13.0-117.164 <none>
2017-04-24 14:37:58 status unpacked linux-image-3.13.0-117-generic:amd64 3.13.0-117.164
2017-04-24 14:37:58 status half-configured linux-image-3.13.0-117-generic:amd64 3.13.0-117.164
2017-04-24 14:38:11 status installed linux-image-3.13.0-117-generic:amd64 3.13.0-117.164
2017-04-24 14:38:11 configure linux-cloud-tools-common:all 3.13.0-117.164 <none>
2017-04-24 14:38:11 status unpacked linux-cloud-tools-common:all 3.13.0-117.164
2017-04-24 14:38:11 status unpacked linux-cloud-tools-common:all 3.13.0-117.164
2017-04-24 14:38:11 status unpacked linux-cloud-tools-common:all 3.13.0-117.164
2017-04-24 14:38:11 status unpacked linux-cloud-tools-common:all 3.13.0-117.164
2017-04-24 14:38:11 status half-configured linux-cloud-tools-common:all 3.13.0-117.164
2017-04-24 14:38:11 status installed linux-cloud-tools-common:all 3.13.0-117.164
2017-04-24 14:38:11 configure linux-cloud-tools-3.13.0-117:amd64 3.13.0-117.164 <none>
2017-04-24 14:38:11 status unpacked linux-cloud-tools-3.13.0-117:amd64 3.13.0-117.164
2017-04-24 14:38:11 status half-configured linux-cloud-tools-3.13.0-117:amd64 3.13.0-117.164
2017-04-24 14:38:11 status installed linux-cloud-tools-3.13.0-117:amd64 3.13.0-117.164
2017-04-24 14:38:11 configure linux-cloud-tools-3.13.0-117-generic:amd64 3.13.0-117.164 <none>
2017-04-24 14:38:11 status unpacked linux-cloud-tools-3.13.0-117-generic:amd64 3.13.0-117.164
2017-04-24 14:38:11 status half-configured linux-cloud-tools-3.13.0-117-generic:amd64 3.13.0-117.164
2017-04-24 14:38:11 status installed linux-cloud-tools-3.13.0-117-generic:amd64 3.13.0-117.164
2017-04-24 14:38:11 configure linux-cloud-tools-generic:amd64 3.13.0.117.127 <none>
2017-04-24 14:38:11 status unpacked linux-cloud-tools-generic:amd64 3.13.0.117.127
2017-04-24 14:38:11 status half-configured linux-cloud-tools-generic:amd64 3.13.0.117.127
2017-04-24 14:38:11 status installed linux-cloud-tools-generic:amd64 3.13.0.117.127
2017-04-24 14:38:11 configure linux-image-extra-3.13.0-117-generic:amd64 3.13.0-117.164 <none>
2017-04-24 14:38:11 status unpacked linux-image-extra-3.13.0-117-generic:amd64 3.13.0-117.164
2017-04-24 14:38:11 status half-configured linux-image-extra-3.13.0-117-generic:amd64 3.13.0-117.164
2017-04-24 14:38:23 status installed linux-image-extra-3.13.0-117-generic:amd64 3.13.0-117.164
2017-04-24 14:38:23 configure linux-image-generic:amd64 3.13.0.117.127 <none>
2017-04-24 14:38:23 status unpacked linux-image-generic:amd64 3.13.0.117.127
2017-04-24 14:38:23 status half-configured linux-image-generic:amd64 3.13.0.117.127
2017-04-24 14:38:23 status installed linux-image-generic:amd64 3.13.0.117.127
2017-04-24 14:38:23 configure linux-headers-3.13.0-117:all 3.13.0-117.164 <none>
2017-04-24 14:38:23 status unpacked linux-headers-3.13.0-117:all 3.13.0-117.164
2017-04-24 14:38:23 status half-configured linux-headers-3.13.0-117:all 3.13.0-117.164
2017-04-24 14:38:23 status installed linux-headers-3.13.0-117:all 3.13.0-117.164
2017-04-24 14:38:23 configure linux-headers-3.13.0-117-generic:amd64 3.13.0-117.164 <none>
2017-04-24 14:38:23 status unpacked linux-headers-3.13.0-117-generic:amd64 3.13.0-117.164
2017-04-24 14:38:23 status half-configured linux-headers-3.13.0-117-generic:amd64 3.13.0-117.164
2017-04-24 14:38:23 status installed linux-headers-3.13.0-117-generic:amd64 3.13.0-117.164
2017-04-24 14:38:23 configure linux-headers-generic:amd64 3.13.0.117.127 <none>
2017-04-24 14:38:23 status unpacked linux-headers-generic:amd64 3.13.0.117.127
2017-04-24 14:38:23 status half-configured linux-headers-generic:amd64 3.13.0.117.127
2017-04-24 14:38:23 status installed linux-headers-generic:amd64 3.13.0.117.127
2017-04-24 14:38:23 configure linux-generic:amd64 3.13.0.117.127 <none>
2017-04-24 14:38:23 status unpacked linux-generic:amd64 3.13.0.117.127
2017-04-24 14:38:23 status half-configured linux-generic:amd64 3.13.0.117.127
2017-04-24 14:38:23 status installed linux-generic:amd64 3.13.0.117.127
2017-04-24 14:38:23 configure linux-libc-dev:amd64 3.13.0-117.164 <none>
2017-04-24 14:38:23 status unpacked linux-libc-dev:amd64 3.13.0-117.164
2017-04-24 14:38:23 status half-configured linux-libc-dev:amd64 3.13.0-117.164
2017-04-24 14:38:23 status installed linux-libc-dev:amd64 3.13.0-117.164
2017-04-24 14:38:23 configure linux-tools-common:all 3.13.0-117.164 <none>
2017-04-24 14:38:23 status unpacked linux-tools-common:all 3.13.0-117.164
2017-04-24 14:38:23 status half-configured linux-tools-common:all 3.13.0-117.164
2017-04-24 14:38:23 status installed linux-tools-common:all 3.13.0-117.164
2017-04-24 14:38:23 configure linux-tools-3.13.0-117:amd64 3.13.0-117.164 <none>
2017-04-24 14:38:23 status unpacked linux-tools-3.13.0-117:amd64 3.13.0-117.164
2017-04-24 14:38:23 status half-configured linux-tools-3.13.0-117:amd64 3.13.0-117.164
2017-04-24 14:38:23 status installed linux-tools-3.13.0-117:amd64 3.13.0-117.164
2017-04-24 14:38:23 configure linux-tools-3.13.0-117-generic:amd64 3.13.0-117.164 <none>
2017-04-24 14:38:23 status unpacked linux-tools-3.13.0-117-generic:amd64 3.13.0-117.164
2017-04-24 14:38:23 status half-configured linux-tools-3.13.0-117-generic:amd64 3.13.0-117.164
2017-04-24 14:38:23 status installed linux-tools-3.13.0-117-generic:amd64 3.13.0-117.164
2017-04-24 14:38:23 configure linux-tools-generic:amd64 3.13.0.117.127 <none>
2017-04-24 14:38:23 status unpacked linux-tools-generic:amd64 3.13.0.117.127
2017-04-24 14:38:23 status half-configured linux-tools-generic:amd64 3.13.0.117.127
2017-04-24 14:38:23 status installed linux-tools-generic:amd64 3.13.0.117.127
2017-04-24 14:38:25 startup packages remove
2017-04-24 14:38:25 status installed linux-cloud-tools-3.13.0-116-generic:amd64 3.13.0-116.163
2017-04-24 14:38:26 remove linux-cloud-tools-3.13.0-116-generic:amd64 3.13.0-116.163 <none>
2017-04-24 14:38:26 status half-configured linux-cloud-tools-3.13.0-116-generic:amd64 3.13.0-116.163
2017-04-24 14:38:26 status half-installed linux-cloud-tools-3.13.0-116-generic:amd64 3.13.0-116.163
2017-04-24 14:38:26 status config-files linux-cloud-tools-3.13.0-116-generic:amd64 3.13.0-116.163
2017-04-24 14:38:26 status config-files linux-cloud-tools-3.13.0-116-generic:amd64 3.13.0-116.163
2017-04-24 14:38:26 status config-files linux-cloud-tools-3.13.0-116-generic:amd64 3.13.0-116.163
2017-04-24 14:38:26 status not-installed linux-cloud-tools-3.13.0-116-generic:amd64 <none>
2017-04-24 14:38:26 status installed linux-cloud-tools-3.13.0-116:amd64 3.13.0-116.163
2017-04-24 14:38:26 remove linux-cloud-tools-3.13.0-116:amd64 3.13.0-116.163 <none>
2017-04-24 14:38:26 status half-configured linux-cloud-tools-3.13.0-116:amd64 3.13.0-116.163
2017-04-24 14:38:26 status half-installed linux-cloud-tools-3.13.0-116:amd64 3.13.0-116.163
2017-04-24 14:38:26 status config-files linux-cloud-tools-3.13.0-116:amd64 3.13.0-116.163
2017-04-24 14:38:26 status config-files linux-cloud-tools-3.13.0-116:amd64 3.13.0-116.163
2017-04-24 14:38:26 status config-files linux-cloud-tools-3.13.0-116:amd64 3.13.0-116.163
2017-04-24 14:38:26 status not-installed linux-cloud-tools-3.13.0-116:amd64 <none>
2017-04-24 14:38:26 status installed linux-headers-3.13.0-116-generic:amd64 3.13.0-116.163
2017-04-24 14:38:26 remove linux-headers-3.13.0-116-generic:amd64 3.13.0-116.163 <none>
2017-04-24 14:38:26 status half-configured linux-headers-3.13.0-116-generic:amd64 3.13.0-116.163
2017-04-24 14:38:26 status half-installed linux-headers-3.13.0-116-generic:amd64 3.13.0-116.163
2017-04-24 14:38:27 status config-files linux-headers-3.13.0-116-generic:amd64 3.13.0-116.163
2017-04-24 14:38:27 status config-files linux-headers-3.13.0-116-generic:amd64 3.13.0-116.163
2017-04-24 14:38:27 status config-files linux-headers-3.13.0-116-generic:amd64 3.13.0-116.163
2017-04-24 14:38:27 status not-installed linux-headers-3.13.0-116-generic:amd64 <none>
2017-04-24 14:38:27 status installed linux-headers-3.13.0-116:all 3.13.0-116.163
2017-04-24 14:38:27 remove linux-headers-3.13.0-116:all 3.13.0-116.163 <none>
2017-04-24 14:38:27 status half-configured linux-headers-3.13.0-116:all 3.13.0-116.163
2017-04-24 14:38:27 status half-installed linux-headers-3.13.0-116:all 3.13.0-116.163
2017-04-24 14:38:29 status config-files linux-headers-3.13.0-116:all 3.13.0-116.163
2017-04-24 14:38:29 status config-files linux-headers-3.13.0-116:all 3.13.0-116.163
2017-04-24 14:38:29 status config-files linux-headers-3.13.0-116:all 3.13.0-116.163
2017-04-24 14:38:29 status not-installed linux-headers-3.13.0-116:all <none>
2017-04-24 14:38:29 status installed linux-image-extra-3.13.0-116-generic:amd64 3.13.0-116.163
2017-04-24 14:38:29 remove linux-image-extra-3.13.0-116-generic:amd64 3.13.0-116.163 <none>
2017-04-24 14:38:29 status half-configured linux-image-extra-3.13.0-116-generic:amd64 3.13.0-116.163
2017-04-24 14:38:29 status half-installed linux-image-extra-3.13.0-116-generic:amd64 3.13.0-116.163
2017-04-24 14:38:35 status config-files linux-image-extra-3.13.0-116-generic:amd64 3.13.0-116.163
2017-04-24 14:38:35 status config-files linux-image-extra-3.13.0-116-generic:amd64 3.13.0-116.163
2017-04-24 14:38:35 status installed linux-image-3.13.0-116-generic:amd64 3.13.0-116.163
2017-04-24 14:38:35 remove linux-image-3.13.0-116-generic:amd64 3.13.0-116.163 <none>
2017-04-24 14:38:35 status half-configured linux-image-3.13.0-116-generic:amd64 3.13.0-116.163
2017-04-24 14:38:35 status half-installed linux-image-3.13.0-116-generic:amd64 3.13.0-116.163
2017-04-24 14:38:36 status config-files linux-image-3.13.0-116-generic:amd64 3.13.0-116.163
2017-04-24 14:38:36 status config-files linux-image-3.13.0-116-generic:amd64 3.13.0-116.163
2017-04-24 14:38:36 status installed linux-tools-3.13.0-116-generic:amd64 3.13.0-116.163
2017-04-24 14:38:36 remove linux-tools-3.13.0-116-generic:amd64 3.13.0-116.163 <none>
2017-04-24 14:38:36 status half-configured linux-tools-3.13.0-116-generic:amd64 3.13.0-116.163
2017-04-24 14:38:36 status half-installed linux-tools-3.13.0-116-generic:amd64 3.13.0-116.163
2017-04-24 14:38:36 status config-files linux-tools-3.13.0-116-generic:amd64 3.13.0-116.163
2017-04-24 14:38:36 status config-files linux-tools-3.13.0-116-generic:amd64 3.13.0-116.163
2017-04-24 14:38:36 status config-files linux-tools-3.13.0-116-generic:amd64 3.13.0-116.163
2017-04-24 14:38:36 status not-installed linux-tools-3.13.0-116-generic:amd64 <none>
2017-04-24 14:38:36 status installed linux-tools-3.13.0-116:amd64 3.13.0-116.163
2017-04-24 14:38:36 remove linux-tools-3.13.0-116:amd64 3.13.0-116.163 <none>
2017-04-24 14:38:36 status half-configured linux-tools-3.13.0-116:amd64 3.13.0-116.163
2017-04-24 14:38:36 status half-installed linux-tools-3.13.0-116:amd64 3.13.0-116.163
2017-04-24 14:38:36 status config-files linux-tools-3.13.0-116:amd64 3.13.0-116.163
2017-04-24 14:38:36 status config-files linux-tools-3.13.0-116:amd64 3.13.0-116.163
2017-04-24 14:38:36 status config-files linux-tools-3.13.0-116:amd64 3.13.0-116.163
2017-04-24 14:38:36 status not-installed linux-tools-3.13.0-116:amd64 <none>
2017-04-27 14:13:17 startup archives unpack
2017-04-27 14:13:18 upgrade mysql-common:all 5.5.54-0ubuntu0.14.04.1 5.5.55-0ubuntu0.14.04.1
2017-04-27 14:13:18 status half-configured mysql-common:all 5.5.54-0ubuntu0.14.04.1
2017-04-27 14:13:18 status unpacked mysql-common:all 5.5.54-0ubuntu0.14.04.1
2017-04-27 14:13:18 status half-installed mysql-common:all 5.5.54-0ubuntu0.14.04.1
2017-04-27 14:13:18 status half-installed mysql-common:all 5.5.54-0ubuntu0.14.04.1
2017-04-27 14:13:18 status unpacked mysql-common:all 5.5.55-0ubuntu0.14.04.1
2017-04-27 14:13:18 status unpacked mysql-common:all 5.5.55-0ubuntu0.14.04.1
2017-04-27 14:13:18 upgrade libmysqlclient18:amd64 5.5.54-0ubuntu0.14.04.1 5.5.55-0ubuntu0.14.04.1
2017-04-27 14:13:18 status half-configured libmysqlclient18:amd64 5.5.54-0ubuntu0.14.04.1
2017-04-27 14:13:18 status unpacked libmysqlclient18:amd64 5.5.54-0ubuntu0.14.04.1
2017-04-27 14:13:18 status half-installed libmysqlclient18:amd64 5.5.54-0ubuntu0.14.04.1
2017-04-27 14:13:18 status half-installed libmysqlclient18:amd64 5.5.54-0ubuntu0.14.04.1
2017-04-27 14:13:18 status unpacked libmysqlclient18:amd64 5.5.55-0ubuntu0.14.04.1
2017-04-27 14:13:18 status unpacked libmysqlclient18:amd64 5.5.55-0ubuntu0.14.04.1
2017-04-27 14:13:18 upgrade libnspr4:amd64 2:4.12-0ubuntu0.14.04.1 2:4.13.1-0ubuntu0.14.04.1
2017-04-27 14:13:18 status half-configured libnspr4:amd64 2:4.12-0ubuntu0.14.04.1
2017-04-27 14:13:18 status unpacked libnspr4:amd64 2:4.12-0ubuntu0.14.04.1
2017-04-27 14:13:18 status half-installed libnspr4:amd64 2:4.12-0ubuntu0.14.04.1
2017-04-27 14:13:18 status half-installed libnspr4:amd64 2:4.12-0ubuntu0.14.04.1
2017-04-27 14:13:18 status unpacked libnspr4:amd64 2:4.13.1-0ubuntu0.14.04.1
2017-04-27 14:13:18 status unpacked libnspr4:amd64 2:4.13.1-0ubuntu0.14.04.1
2017-04-27 14:13:18 upgrade libnss3-nssdb:all 2:3.26.2-0ubuntu0.14.04.3 2:3.28.4-0ubuntu0.14.04.1
2017-04-27 14:13:18 status half-configured libnss3-nssdb:all 2:3.26.2-0ubuntu0.14.04.3
2017-04-27 14:13:18 status unpacked libnss3-nssdb:all 2:3.26.2-0ubuntu0.14.04.3
2017-04-27 14:13:18 status half-installed libnss3-nssdb:all 2:3.26.2-0ubuntu0.14.04.3
2017-04-27 14:13:18 status half-installed libnss3-nssdb:all 2:3.26.2-0ubuntu0.14.04.3
2017-04-27 14:13:18 status unpacked libnss3-nssdb:all 2:3.28.4-0ubuntu0.14.04.1
2017-04-27 14:13:18 status unpacked libnss3-nssdb:all 2:3.28.4-0ubuntu0.14.04.1
2017-04-27 14:13:18 upgrade libnss3:amd64 2:3.26.2-0ubuntu0.14.04.3 2:3.28.4-0ubuntu0.14.04.1
2017-04-27 14:13:18 status half-configured libnss3:amd64 2:3.26.2-0ubuntu0.14.04.3
2017-04-27 14:13:18 status unpacked libnss3:amd64 2:3.26.2-0ubuntu0.14.04.3
2017-04-27 14:13:18 status half-installed libnss3:amd64 2:3.26.2-0ubuntu0.14.04.3
2017-04-27 14:13:18 status half-installed libnss3:amd64 2:3.26.2-0ubuntu0.14.04.3
2017-04-27 14:13:18 status unpacked libnss3:amd64 2:3.28.4-0ubuntu0.14.04.1
2017-04-27 14:13:18 status unpacked libnss3:amd64 2:3.28.4-0ubuntu0.14.04.1
2017-04-27 14:13:18 upgrade mysql-server:all 5.5.54-0ubuntu0.14.04.1 5.5.55-0ubuntu0.14.04.1
2017-04-27 14:13:18 status half-configured mysql-server:all 5.5.54-0ubuntu0.14.04.1
2017-04-27 14:13:18 status unpacked mysql-server:all 5.5.54-0ubuntu0.14.04.1
2017-04-27 14:13:18 status half-installed mysql-server:all 5.5.54-0ubuntu0.14.04.1
2017-04-27 14:13:19 status half-installed mysql-server:all 5.5.54-0ubuntu0.14.04.1
2017-04-27 14:13:19 status unpacked mysql-server:all 5.5.55-0ubuntu0.14.04.1
2017-04-27 14:13:19 status unpacked mysql-server:all 5.5.55-0ubuntu0.14.04.1
2017-04-27 14:13:19 startup packages configure
2017-04-27 14:13:19 configure mysql-common:all 5.5.55-0ubuntu0.14.04.1 <none>
2017-04-27 14:13:19 status unpacked mysql-common:all 5.5.55-0ubuntu0.14.04.1
2017-04-27 14:13:19 status unpacked mysql-common:all 5.5.55-0ubuntu0.14.04.1
2017-04-27 14:13:19 status unpacked mysql-common:all 5.5.55-0ubuntu0.14.04.1
2017-04-27 14:13:19 status half-configured mysql-common:all 5.5.55-0ubuntu0.14.04.1
2017-04-27 14:13:19 status installed mysql-common:all 5.5.55-0ubuntu0.14.04.1
2017-04-27 14:13:19 startup archives unpack
2017-04-27 14:13:19 upgrade mysql-server-5.5:amd64 5.5.54-0ubuntu0.14.04.1 5.5.55-0ubuntu0.14.04.1
2017-04-27 14:13:19 status half-configured mysql-server-5.5:amd64 5.5.54-0ubuntu0.14.04.1
2017-04-27 14:13:21 status unpacked mysql-server-5.5:amd64 5.5.54-0ubuntu0.14.04.1
2017-04-27 14:13:21 status half-installed mysql-server-5.5:amd64 5.5.54-0ubuntu0.14.04.1
2017-04-27 14:13:21 status triggers-pending ureadahead:amd64 0.100.0-16
2017-04-27 14:13:21 status half-installed mysql-server-5.5:amd64 5.5.54-0ubuntu0.14.04.1
2017-04-27 14:13:21 status triggers-pending ureadahead:amd64 0.100.0-16
2017-04-27 14:13:21 status triggers-pending man-db:amd64 2.6.7.1-1ubuntu1
2017-04-27 14:13:22 status half-installed mysql-server-5.5:amd64 5.5.54-0ubuntu0.14.04.1
2017-04-27 14:13:22 status unpacked mysql-server-5.5:amd64 5.5.55-0ubuntu0.14.04.1
2017-04-27 14:13:22 status unpacked mysql-server-5.5:amd64 5.5.55-0ubuntu0.14.04.1
2017-04-27 14:13:22 upgrade mysql-client-core-5.5:amd64 5.5.54-0ubuntu0.14.04.1 5.5.55-0ubuntu0.14.04.1
2017-04-27 14:13:22 status half-configured mysql-client-core-5.5:amd64 5.5.54-0ubuntu0.14.04.1
2017-04-27 14:13:22 status unpacked mysql-client-core-5.5:amd64 5.5.54-0ubuntu0.14.04.1
2017-04-27 14:13:22 status half-installed mysql-client-core-5.5:amd64 5.5.54-0ubuntu0.14.04.1
2017-04-27 14:13:22 status half-installed mysql-client-core-5.5:amd64 5.5.54-0ubuntu0.14.04.1
2017-04-27 14:13:22 status unpacked mysql-client-core-5.5:amd64 5.5.55-0ubuntu0.14.04.1
2017-04-27 14:13:22 status unpacked mysql-client-core-5.5:amd64 5.5.55-0ubuntu0.14.04.1
2017-04-27 14:13:22 upgrade mysql-client-5.5:amd64 5.5.54-0ubuntu0.14.04.1 5.5.55-0ubuntu0.14.04.1
2017-04-27 14:13:22 status half-configured mysql-client-5.5:amd64 5.5.54-0ubuntu0.14.04.1
2017-04-27 14:13:22 status unpacked mysql-client-5.5:amd64 5.5.54-0ubuntu0.14.04.1
2017-04-27 14:13:22 status half-installed mysql-client-5.5:amd64 5.5.54-0ubuntu0.14.04.1
2017-04-27 14:13:23 status half-installed mysql-client-5.5:amd64 5.5.54-0ubuntu0.14.04.1
2017-04-27 14:13:23 status unpacked mysql-client-5.5:amd64 5.5.55-0ubuntu0.14.04.1
2017-04-27 14:13:23 status unpacked mysql-client-5.5:amd64 5.5.55-0ubuntu0.14.04.1
2017-04-27 14:13:23 upgrade mysql-server-core-5.5:amd64 5.5.54-0ubuntu0.14.04.1 5.5.55-0ubuntu0.14.04.1
2017-04-27 14:13:23 status half-configured mysql-server-core-5.5:amd64 5.5.54-0ubuntu0.14.04.1
2017-04-27 14:13:23 status unpacked mysql-server-core-5.5:amd64 5.5.54-0ubuntu0.14.04.1
2017-04-27 14:13:23 status half-installed mysql-server-core-5.5:amd64 5.5.54-0ubuntu0.14.04.1
2017-04-27 14:13:23 status half-installed mysql-server-core-5.5:amd64 5.5.54-0ubuntu0.14.04.1
2017-04-27 14:13:23 status unpacked mysql-server-core-5.5:amd64 5.5.55-0ubuntu0.14.04.1
2017-04-27 14:13:23 status unpacked mysql-server-core-5.5:amd64 5.5.55-0ubuntu0.14.04.1
2017-04-27 14:13:23 trigproc ureadahead:amd64 0.100.0-16 0.100.0-16
2017-04-27 14:13:23 status half-configured ureadahead:amd64 0.100.0-16
2017-04-27 14:13:23 status installed ureadahead:amd64 0.100.0-16
2017-04-27 14:13:23 trigproc man-db:amd64 2.6.7.1-1ubuntu1 2.6.7.1-1ubuntu1
2017-04-27 14:13:23 status half-configured man-db:amd64 2.6.7.1-1ubuntu1
2017-04-27 14:13:24 status installed man-db:amd64 2.6.7.1-1ubuntu1
2017-04-27 14:13:24 startup packages configure
2017-04-27 14:13:24 configure libmysqlclient18:amd64 5.5.55-0ubuntu0.14.04.1 <none>
2017-04-27 14:13:24 status unpacked libmysqlclient18:amd64 5.5.55-0ubuntu0.14.04.1
2017-04-27 14:13:24 status half-configured libmysqlclient18:amd64 5.5.55-0ubuntu0.14.04.1
2017-04-27 14:13:24 status installed libmysqlclient18:amd64 5.5.55-0ubuntu0.14.04.1
2017-04-27 14:13:24 status triggers-pending libc-bin:amd64 2.19-0ubuntu6.11
2017-04-27 14:13:24 configure libnspr4:amd64 2:4.13.1-0ubuntu0.14.04.1 <none>
2017-04-27 14:13:24 status unpacked libnspr4:amd64 2:4.13.1-0ubuntu0.14.04.1
2017-04-27 14:13:24 status half-configured libnspr4:amd64 2:4.13.1-0ubuntu0.14.04.1
2017-04-27 14:13:24 status installed libnspr4:amd64 2:4.13.1-0ubuntu0.14.04.1
2017-04-27 14:13:24 configure mysql-client-core-5.5:amd64 5.5.55-0ubuntu0.14.04.1 <none>
2017-04-27 14:13:24 status unpacked mysql-client-core-5.5:amd64 5.5.55-0ubuntu0.14.04.1
2017-04-27 14:13:24 status half-configured mysql-client-core-5.5:amd64 5.5.55-0ubuntu0.14.04.1
2017-04-27 14:13:24 status installed mysql-client-core-5.5:amd64 5.5.55-0ubuntu0.14.04.1
2017-04-27 14:13:24 configure mysql-client-5.5:amd64 5.5.55-0ubuntu0.14.04.1 <none>
2017-04-27 14:13:24 status unpacked mysql-client-5.5:amd64 5.5.55-0ubuntu0.14.04.1
2017-04-27 14:13:24 status half-configured mysql-client-5.5:amd64 5.5.55-0ubuntu0.14.04.1
2017-04-27 14:13:24 status installed mysql-client-5.5:amd64 5.5.55-0ubuntu0.14.04.1
2017-04-27 14:13:24 configure mysql-server-core-5.5:amd64 5.5.55-0ubuntu0.14.04.1 <none>
2017-04-27 14:13:24 status unpacked mysql-server-core-5.5:amd64 5.5.55-0ubuntu0.14.04.1
2017-04-27 14:13:24 status half-configured mysql-server-core-5.5:amd64 5.5.55-0ubuntu0.14.04.1
2017-04-27 14:13:24 status installed mysql-server-core-5.5:amd64 5.5.55-0ubuntu0.14.04.1
2017-04-27 14:13:24 configure mysql-server-5.5:amd64 5.5.55-0ubuntu0.14.04.1 <none>
2017-04-27 14:13:24 status unpacked mysql-server-5.5:amd64 5.5.55-0ubuntu0.14.04.1
2017-04-27 14:13:24 status unpacked mysql-server-5.5:amd64 5.5.55-0ubuntu0.14.04.1
2017-04-27 14:13:24 status unpacked mysql-server-5.5:amd64 5.5.55-0ubuntu0.14.04.1
2017-04-27 14:13:24 status unpacked mysql-server-5.5:amd64 5.5.55-0ubuntu0.14.04.1
2017-04-27 14:13:24 status unpacked mysql-server-5.5:amd64 5.5.55-0ubuntu0.14.04.1
2017-04-27 14:13:24 status unpacked mysql-server-5.5:amd64 5.5.55-0ubuntu0.14.04.1
2017-04-27 14:13:24 status unpacked mysql-server-5.5:amd64 5.5.55-0ubuntu0.14.04.1
2017-04-27 14:13:24 status unpacked mysql-server-5.5:amd64 5.5.55-0ubuntu0.14.04.1
2017-04-27 14:13:24 status unpacked mysql-server-5.5:amd64 5.5.55-0ubuntu0.14.04.1
2017-04-27 14:13:24 status unpacked mysql-server-5.5:amd64 5.5.55-0ubuntu0.14.04.1
2017-04-27 14:13:24 status half-configured mysql-server-5.5:amd64 5.5.55-0ubuntu0.14.04.1
2017-04-27 14:13:35 status installed mysql-server-5.5:amd64 5.5.55-0ubuntu0.14.04.1
2017-04-27 14:13:35 configure mysql-server:all 5.5.55-0ubuntu0.14.04.1 <none>
2017-04-27 14:13:35 status unpacked mysql-server:all 5.5.55-0ubuntu0.14.04.1
2017-04-27 14:13:35 status half-configured mysql-server:all 5.5.55-0ubuntu0.14.04.1
2017-04-27 14:13:35 status installed mysql-server:all 5.5.55-0ubuntu0.14.04.1
2017-04-27 14:13:35 configure libnss3-nssdb:all 2:3.28.4-0ubuntu0.14.04.1 <none>
2017-04-27 14:13:35 status unpacked libnss3-nssdb:all 2:3.28.4-0ubuntu0.14.04.1
2017-04-27 14:13:35 status half-configured libnss3-nssdb:all 2:3.28.4-0ubuntu0.14.04.1
2017-04-27 14:13:35 status installed libnss3-nssdb:all 2:3.28.4-0ubuntu0.14.04.1
2017-04-27 14:13:35 configure libnss3:amd64 2:3.28.4-0ubuntu0.14.04.1 <none>
2017-04-27 14:13:35 status unpacked libnss3:amd64 2:3.28.4-0ubuntu0.14.04.1
2017-04-27 14:13:35 status half-configured libnss3:amd64 2:3.28.4-0ubuntu0.14.04.1
2017-04-27 14:13:35 status installed libnss3:amd64 2:3.28.4-0ubuntu0.14.04.1
2017-04-27 14:13:35 trigproc libc-bin:amd64 2.19-0ubuntu6.11 <none>
2017-04-27 14:13:35 status half-configured libc-bin:amd64 2.19-0ubuntu6.11
2017-04-27 14:13:35 status installed libc-bin:amd64 2.19-0ubuntu6.11
