2017-04-02 17:06:36 upgrade coreutils:amd64 8.21-1ubuntu5 8.21-1ubuntu5.4
2017-04-02 17:06:37 upgrade initramfs-tools:all 0.103ubuntu4.6 0.103ubuntu4.7
2017-04-02 17:06:37 upgrade initramfs-tools-bin:amd64 0.103ubuntu4.6 0.103ubuntu4.7
2017-04-02 17:06:37 upgrade makedev:all 2.3.1-93ubuntu1 2.3.1-93ubuntu2~ubuntu14.04.1
2017-04-04 17:09:52 upgrade landscape-common:amd64 14.12-0ubuntu0.14.04 14.12-0ubuntu5.14.04
2017-04-04 17:09:52 upgrade linux-cloud-tools-common:all 3.13.0-115.162 3.13.0-116.163
2017-04-04 17:09:52 upgrade linux-cloud-tools-generic:amd64 3.13.0.115.125 3.13.0.116.126
2017-04-04 17:10:01 upgrade linux-generic:amd64 3.13.0.115.125 3.13.0.116.126
2017-04-04 17:10:01 upgrade linux-image-generic:amd64 3.13.0.115.125 3.13.0.116.126
2017-04-04 17:10:06 upgrade linux-headers-generic:amd64 3.13.0.115.125 3.13.0.116.126
2017-04-04 17:10:07 upgrade linux-libc-dev:amd64 3.13.0-115.162 3.13.0-116.163
2017-04-04 17:10:07 upgrade linux-tools-common:all 3.13.0-115.162 3.13.0-116.163
2017-04-04 17:10:07 upgrade linux-tools-generic:amd64 3.13.0.115.125 3.13.0.116.126
2017-04-06 01:01:11 upgrade update-manager-core:all 1:0.196.22 1:0.196.23
2017-04-06 01:01:11 upgrade python3-update-manager:all 1:0.196.22 1:0.196.23
2017-04-06 01:01:12 upgrade update-notifier-common:all 0.154.1ubuntu2 0.154.1ubuntu3
2017-04-06 01:01:12 upgrade docker-engine:amd64 17.03.1~ce-0~ubuntu-trusty 17.04.0~ce-0~ubuntu-trusty
2017-04-18 17:10:37 upgrade bind9-host:amd64 1:9.9.5.dfsg-3ubuntu0.13 1:9.9.5.dfsg-3ubuntu0.14
2017-04-18 17:10:37 upgrade dnsutils:amd64 1:9.9.5.dfsg-3ubuntu0.13 1:9.9.5.dfsg-3ubuntu0.14
2017-04-18 17:10:37 upgrade libisc95:amd64 1:9.9.5.dfsg-3ubuntu0.13 1:9.9.5.dfsg-3ubuntu0.14
2017-04-18 17:10:37 upgrade libdns100:amd64 1:9.9.5.dfsg-3ubuntu0.13 1:9.9.5.dfsg-3ubuntu0.14
2017-04-18 17:10:37 upgrade libisccc90:amd64 1:9.9.5.dfsg-3ubuntu0.13 1:9.9.5.dfsg-3ubuntu0.14
2017-04-18 17:10:37 upgrade libisccfg90:amd64 1:9.9.5.dfsg-3ubuntu0.13 1:9.9.5.dfsg-3ubuntu0.14
2017-04-18 17:10:37 upgrade liblwres90:amd64 1:9.9.5.dfsg-3ubuntu0.13 1:9.9.5.dfsg-3ubuntu0.14
2017-04-18 17:10:37 upgrade libbind9-90:amd64 1:9.9.5.dfsg-3ubuntu0.13 1:9.9.5.dfsg-3ubuntu0.14
2017-04-20 20:47:35 upgrade do-agent:amd64 0.4.10 0.4.11
2017-04-22 14:14:57 upgrade libfreetype6:amd64 2.5.2-1ubuntu2.6 2.5.2-1ubuntu2.7
2017-04-22 14:14:57 upgrade mongodb-org-shell:amd64 3.4.3 3.4.4
2017-04-22 14:14:58 upgrade mongodb-org-server:amd64 3.4.3 3.4.4
2017-04-22 14:15:01 upgrade mongodb-org-mongos:amd64 3.4.3 3.4.4
2017-04-22 14:15:02 upgrade mongodb-org-tools:amd64 3.4.3 3.4.4
2017-04-22 14:15:08 upgrade mongodb-org:amd64 3.4.3 3.4.4
2017-04-24 14:37:41 upgrade linux-cloud-tools-common:all 3.13.0-116.163 3.13.0-117.164
2017-04-24 14:37:41 upgrade linux-cloud-tools-generic:amd64 3.13.0.116.126 3.13.0.117.127
2017-04-24 14:37:51 upgrade linux-generic:amd64 3.13.0.116.126 3.13.0.117.127
2017-04-24 14:37:51 upgrade linux-image-generic:amd64 3.13.0.116.126 3.13.0.117.127
2017-04-24 14:37:56 upgrade linux-headers-generic:amd64 3.13.0.116.126 3.13.0.117.127
2017-04-24 14:37:56 upgrade linux-libc-dev:amd64 3.13.0-116.163 3.13.0-117.164
2017-04-24 14:37:57 upgrade linux-tools-common:all 3.13.0-116.163 3.13.0-117.164
2017-04-24 14:37:57 upgrade linux-tools-generic:amd64 3.13.0.116.126 3.13.0.117.127
2017-04-27 14:13:18 upgrade mysql-common:all 5.5.54-0ubuntu0.14.04.1 5.5.55-0ubuntu0.14.04.1
2017-04-27 14:13:18 upgrade libmysqlclient18:amd64 5.5.54-0ubuntu0.14.04.1 5.5.55-0ubuntu0.14.04.1
2017-04-27 14:13:18 upgrade libnspr4:amd64 2:4.12-0ubuntu0.14.04.1 2:4.13.1-0ubuntu0.14.04.1
2017-04-27 14:13:18 upgrade libnss3-nssdb:all 2:3.26.2-0ubuntu0.14.04.3 2:3.28.4-0ubuntu0.14.04.1
2017-04-27 14:13:18 upgrade libnss3:amd64 2:3.26.2-0ubuntu0.14.04.3 2:3.28.4-0ubuntu0.14.04.1
2017-04-27 14:13:18 upgrade mysql-server:all 5.5.54-0ubuntu0.14.04.1 5.5.55-0ubuntu0.14.04.1
2017-04-27 14:13:19 upgrade mysql-server-5.5:amd64 5.5.54-0ubuntu0.14.04.1 5.5.55-0ubuntu0.14.04.1
2017-04-27 14:13:22 upgrade mysql-client-core-5.5:amd64 5.5.54-0ubuntu0.14.04.1 5.5.55-0ubuntu0.14.04.1
2017-04-27 14:13:22 upgrade mysql-client-5.5:amd64 5.5.54-0ubuntu0.14.04.1 5.5.55-0ubuntu0.14.04.1
2017-04-27 14:13:23 upgrade mysql-server-core-5.5:amd64 5.5.54-0ubuntu0.14.04.1 5.5.55-0ubuntu0.14.04.1
2017-03-02 12:55:04 upgrade docker-engine:amd64 1.13.1-0~ubuntu-trusty 17.03.0~ce-0~ubuntu-trusty
2017-03-02 12:55:08 upgrade w3m:amd64 0.5.3-15 0.5.3-15ubuntu0.1
2017-03-08 15:17:26 upgrade linux-cloud-tools-common:all 3.13.0-110.157 3.13.0-112.159
2017-03-08 15:17:26 upgrade linux-cloud-tools-generic:amd64 3.13.0.110.118 3.13.0.112.120
2017-03-08 15:17:35 upgrade linux-generic:amd64 3.13.0.110.118 3.13.0.112.120
2017-03-08 15:17:35 upgrade linux-image-generic:amd64 3.13.0.110.118 3.13.0.112.120
2017-03-08 15:17:40 upgrade linux-headers-generic:amd64 3.13.0.110.118 3.13.0.112.120
2017-03-08 15:17:41 upgrade linux-libc-dev:amd64 3.13.0-110.157 3.13.0-112.159
2017-03-08 15:17:41 upgrade linux-tools-common:all 3.13.0-110.157 3.13.0-112.159
2017-03-08 15:17:41 upgrade linux-tools-generic:amd64 3.13.0.110.118 3.13.0.112.120
2017-03-08 15:17:41 upgrade do-agent:amd64 0.4.7 0.4.10
2017-03-09 22:35:59 upgrade libarchive13:amd64 3.1.2-7ubuntu2.3 3.1.2-7ubuntu2.4
2017-03-14 17:38:18 upgrade libevent-2.0-5:amd64 2.0.21-stable-1ubuntu1.14.04.1 2.0.21-stable-1ubuntu1.14.04.2
2017-03-14 17:38:19 upgrade libicu52:amd64 52.1-3ubuntu0.4 52.1-3ubuntu0.5
2017-03-14 17:38:20 upgrade python-pil:amd64 2.3.0-1ubuntu3.3 2.3.0-1ubuntu3.4
2017-03-14 17:38:20 upgrade python-imaging:all 2.3.0-1ubuntu3.3 2.3.0-1ubuntu3.4
2017-03-15 14:56:14 upgrade linux-cloud-tools-common:all 3.13.0-112.159 3.13.0-113.160
2017-03-15 14:56:14 upgrade linux-cloud-tools-generic:amd64 3.13.0.112.120 3.13.0.113.122
2017-03-15 14:56:24 upgrade linux-generic:amd64 3.13.0.112.120 3.13.0.113.122
2017-03-15 14:56:24 upgrade linux-image-generic:amd64 3.13.0.112.120 3.13.0.113.122
2017-03-15 14:56:29 upgrade linux-headers-generic:amd64 3.13.0.112.120 3.13.0.113.122
2017-03-15 14:56:30 upgrade linux-libc-dev:amd64 3.13.0-112.159 3.13.0-113.160
2017-03-15 14:56:30 upgrade linux-tools-common:all 3.13.0-112.159 3.13.0-113.160
2017-03-15 14:56:30 upgrade linux-tools-generic:amd64 3.13.0.112.120 3.13.0.113.122
2017-03-16 13:00:22 upgrade libxml2:amd64 2.9.1+dfsg1-3ubuntu4.8 2.9.1+dfsg1-3ubuntu4.9
2017-03-19 23:16:43 upgrade mongodb-org:amd64 3.2.12 3.4.2
2017-03-19 23:17:14 upgrade mongodb-org-mongos:amd64 3.2.12 3.4.2
2017-03-19 23:17:15 upgrade mongodb-org-server:amd64 3.2.12 3.4.2
2017-03-19 23:17:17 upgrade mongodb-org-shell:amd64 3.2.12 3.4.2
2017-03-19 23:17:18 upgrade mongodb-org-tools:amd64 3.2.12 3.4.2
2017-03-20 15:06:02 upgrade libgnutls-openssl27:amd64 2.12.23-12ubuntu2.6 2.12.23-12ubuntu2.7
2017-03-20 15:06:03 upgrade libgnutls26:amd64 2.12.23-12ubuntu2.6 2.12.23-12ubuntu2.7
2017-03-20 15:06:03 upgrade libfreetype6:amd64 2.5.2-1ubuntu2.5 2.5.2-1ubuntu2.6
2017-03-20 15:06:03 upgrade gnutls-bin:amd64 3.0.11+really2.12.23-12ubuntu2.6 3.0.11+really2.12.23-12ubuntu2.7
2017-03-21 15:27:45 upgrade libc6-dev-x32:amd64 2.19-0ubuntu6.9 2.19-0ubuntu6.10
2017-03-21 15:27:45 upgrade libc6-dev-i386:amd64 2.19-0ubuntu6.9 2.19-0ubuntu6.10
2017-03-21 15:27:46 upgrade libc6-i386:amd64 2.19-0ubuntu6.9 2.19-0ubuntu6.10
2017-03-21 15:27:46 upgrade libc6-dev:amd64 2.19-0ubuntu6.9 2.19-0ubuntu6.10
2017-03-21 15:27:47 upgrade libc-dev-bin:amd64 2.19-0ubuntu6.9 2.19-0ubuntu6.10
2017-03-21 15:27:47 upgrade libc6-x32:amd64 2.19-0ubuntu6.9 2.19-0ubuntu6.10
2017-03-21 15:27:47 upgrade libc6-dbg:amd64 2.19-0ubuntu6.9 2.19-0ubuntu6.10
2017-03-21 15:27:48 upgrade libc-bin:amd64 2.19-0ubuntu6.9 2.19-0ubuntu6.10
2017-03-21 15:27:49 upgrade libc6:amd64 2.19-0ubuntu6.9 2.19-0ubuntu6.10
2017-03-21 15:27:51 upgrade multiarch-support:amd64 2.19-0ubuntu6.9 2.19-0ubuntu6.10
2017-03-22 17:32:24 upgrade libc6-dev-x32:amd64 2.19-0ubuntu6.10 2.19-0ubuntu6.11
2017-03-22 17:32:24 upgrade libc6-dev-i386:amd64 2.19-0ubuntu6.10 2.19-0ubuntu6.11
2017-03-22 17:32:24 upgrade libc6-i386:amd64 2.19-0ubuntu6.10 2.19-0ubuntu6.11
2017-03-22 17:32:25 upgrade libc6-dev:amd64 2.19-0ubuntu6.10 2.19-0ubuntu6.11
2017-03-22 17:32:25 upgrade libc-dev-bin:amd64 2.19-0ubuntu6.10 2.19-0ubuntu6.11
2017-03-22 17:32:25 upgrade libc6-x32:amd64 2.19-0ubuntu6.10 2.19-0ubuntu6.11
2017-03-22 17:32:26 upgrade libc6-dbg:amd64 2.19-0ubuntu6.10 2.19-0ubuntu6.11
2017-03-22 17:32:27 upgrade libc-bin:amd64 2.19-0ubuntu6.10 2.19-0ubuntu6.11
2017-03-22 17:32:28 upgrade libc6:amd64 2.19-0ubuntu6.10 2.19-0ubuntu6.11
2017-03-22 17:32:30 upgrade multiarch-support:amd64 2.19-0ubuntu6.10 2.19-0ubuntu6.11
2017-03-23 10:36:40 upgrade git-svn:all 1:1.9.1-1ubuntu0.3 1:1.9.1-1ubuntu0.4
2017-03-23 10:36:40 upgrade git-man:all 1:1.9.1-1ubuntu0.3 1:1.9.1-1ubuntu0.4
2017-03-23 10:36:40 upgrade git:amd64 1:1.9.1-1ubuntu0.3 1:1.9.1-1ubuntu0.4
2017-03-23 20:49:26 upgrade linux-cloud-tools-generic:amd64 3.13.0.113.122 3.13.0.113.123
2017-03-23 20:49:26 upgrade linux-generic:amd64 3.13.0.113.122 3.13.0.113.123
2017-03-23 20:49:26 upgrade linux-image-generic:amd64 3.13.0.113.122 3.13.0.113.123
2017-03-23 20:49:26 upgrade linux-headers-generic:amd64 3.13.0.113.122 3.13.0.113.123
2017-03-23 20:49:26 upgrade linux-tools-generic:amd64 3.13.0.113.122 3.13.0.113.123
2017-03-24 16:48:43 upgrade mongodb-org-shell:amd64 3.2.12 3.4.2
2017-03-24 16:48:45 upgrade mongodb-org-server:amd64 3.2.12 3.4.2
2017-03-24 16:48:47 upgrade mongodb-org-mongos:amd64 3.2.12 3.4.2
2017-03-24 16:48:49 upgrade mongodb-org-tools:amd64 3.2.12 3.4.2
2017-03-24 16:48:54 upgrade mongodb-org:amd64 3.2.12 3.4.2
2017-03-25 16:05:29 upgrade mongodb-org-shell:amd64 3.2.12 3.4.2
2017-03-25 16:05:30 upgrade mongodb-org-server:amd64 3.2.12 3.4.2
2017-03-25 16:05:33 upgrade mongodb-org-mongos:amd64 3.2.12 3.4.2
2017-03-25 16:05:34 upgrade mongodb-org-tools:amd64 3.2.12 3.4.2
2017-03-25 16:05:39 upgrade mongodb-org:amd64 3.2.12 3.4.2
2017-03-25 17:24:58 upgrade mongodb-org-shell:amd64 3.2.12 3.4.2
2017-03-25 17:24:59 upgrade mongodb-org-server:amd64 3.2.12 3.4.2
2017-03-25 17:25:02 upgrade mongodb-org-mongos:amd64 3.2.12 3.4.2
2017-03-25 17:25:03 upgrade mongodb-org-tools:amd64 3.2.12 3.4.2
2017-03-25 17:25:09 upgrade mongodb-org:amd64 3.2.12 3.4.2
2017-03-25 17:58:42 upgrade mongodb-org-shell:amd64 3.2.12 3.4.2
2017-03-25 17:58:43 upgrade mongodb-org-server:amd64 3.2.12 3.4.2
2017-03-25 17:58:46 upgrade mongodb-org-mongos:amd64 3.2.12 3.4.2
2017-03-25 17:58:47 upgrade mongodb-org-tools:amd64 3.2.12 3.4.2
2017-03-25 17:58:52 upgrade mongodb-org:amd64 3.2.12 3.4.2
2017-03-27 16:30:49 upgrade mongodb-org-shell:amd64 3.2.12 3.4.2
2017-03-27 16:30:50 upgrade mongodb-org-server:amd64 3.2.12 3.4.2
2017-03-27 16:30:53 upgrade mongodb-org-mongos:amd64 3.2.12 3.4.2
2017-03-27 16:30:54 upgrade mongodb-org-tools:amd64 3.2.12 3.4.2
2017-03-27 16:31:00 upgrade mongodb-org:amd64 3.2.12 3.4.2
2017-03-27 22:41:55 upgrade eject:amd64 2.1.5+deb1+cvs20081104-13.1 2.1.5+deb1+cvs20081104-13.1ubuntu0.14.04.1
2017-03-27 22:41:55 upgrade mongodb-org-shell:amd64 3.4.2 3.4.3
2017-03-27 22:41:57 upgrade mongodb-org-server:amd64 3.4.2 3.4.3
2017-03-27 22:41:59 upgrade mongodb-org-mongos:amd64 3.4.2 3.4.3
2017-03-27 22:42:00 upgrade mongodb-org-tools:amd64 3.4.2 3.4.3
2017-03-27 22:42:06 upgrade mongodb-org:amd64 3.4.2 3.4.3
2017-03-28 13:29:32 upgrade libapparmor1:amd64 2.10.95-0ubuntu2.5~14.04.1 2.10.95-0ubuntu2.6~14.04.1
2017-03-28 13:29:32 upgrade libapparmor-perl:amd64 2.10.95-0ubuntu2.5~14.04.1 2.10.95-0ubuntu2.6~14.04.1
2017-03-28 13:29:32 upgrade apparmor:amd64 2.10.95-0ubuntu2.5~14.04.1 2.10.95-0ubuntu2.6~14.04.1
2017-03-28 13:29:32 upgrade docker-engine:amd64 17.03.0~ce-0~ubuntu-trusty 17.03.1~ce-0~ubuntu-trusty
2017-03-30 01:06:42 upgrade linux-cloud-tools-common:all 3.13.0-113.160 3.13.0-115.162
2017-03-30 01:06:42 upgrade linux-cloud-tools-generic:amd64 3.13.0.113.123 3.13.0.115.125
2017-03-30 01:06:51 upgrade linux-generic:amd64 3.13.0.113.123 3.13.0.115.125
2017-03-30 01:06:51 upgrade linux-image-generic:amd64 3.13.0.113.123 3.13.0.115.125
2017-03-30 01:06:56 upgrade linux-headers-generic:amd64 3.13.0.113.123 3.13.0.115.125
2017-03-30 01:06:56 upgrade linux-libc-dev:amd64 3.13.0-113.160 3.13.0-115.162
2017-03-30 01:06:57 upgrade linux-tools-common:all 3.13.0-113.160 3.13.0-115.162
2017-03-30 01:06:57 upgrade linux-tools-generic:amd64 3.13.0.113.123 3.13.0.115.125
2017-03-30 14:28:23 upgrade mongodb-org-shell:amd64 3.2.12 3.4.3
2017-03-30 14:28:25 upgrade mongodb-org-server:amd64 3.2.12 3.4.3
2017-03-30 14:28:27 upgrade mongodb-org-mongos:amd64 3.2.12 3.4.3
2017-03-30 14:28:28 upgrade mongodb-org-tools:amd64 3.2.12 3.4.3
2017-03-30 14:28:34 upgrade mongodb-org:amd64 3.2.12 3.4.3
2017-03-30 22:01:12 upgrade coreutils:amd64 8.21-1ubuntu5.4 8.21-1ubuntu5
2017-03-30 22:02:19 upgrade coreutils:amd64 8.21-1ubuntu5 8.21-1ubuntu5
2017-03-30 22:02:34 upgrade coreutils:amd64 8.21-1ubuntu5 8.21-1ubuntu5
2016-06-01 10:18:49 upgrade nginx-common:all 1.10.0-0+trusty0 1.10.1-0+trusty0
2016-06-01 10:18:49 upgrade nginx:all 1.10.0-0+trusty0 1.10.1-0+trusty0
2016-06-01 10:18:49 upgrade nginx-full:amd64 1.10.0-0+trusty0 1.10.1-0+trusty0
2016-06-01 18:30:46 upgrade docker-engine:amd64 1.11.1-0~trusty 1.11.2-0~trusty
2016-06-02 15:47:40 upgrade libnl-genl-3-200:amd64 3.2.21-1ubuntu1.1 3.2.21-1ubuntu3
2016-06-02 15:47:40 upgrade libnl-3-200:amd64 3.2.21-1ubuntu1.1 3.2.21-1ubuntu3
2016-06-06 23:29:07 upgrade libxml2:amd64 2.9.1+dfsg1-3ubuntu4.7 2.9.1+dfsg1-3ubuntu4.8
2016-06-09 23:55:18 upgrade linux-cloud-tools-common:all 3.13.0-87.133 3.13.0-88.135
2016-06-09 23:55:19 upgrade linux-cloud-tools-generic:amd64 3.13.0.87.93 3.13.0.88.94
2016-06-09 23:55:28 upgrade linux-generic:amd64 3.13.0.87.93 3.13.0.88.94
2016-06-09 23:55:28 upgrade linux-image-generic:amd64 3.13.0.87.93 3.13.0.88.94
2016-06-09 23:55:34 upgrade linux-headers-generic:amd64 3.13.0.87.93 3.13.0.88.94
2016-06-09 23:55:34 upgrade linux-libc-dev:amd64 3.13.0-87.133 3.13.0-88.135
2016-06-09 23:55:35 upgrade linux-tools-common:all 3.13.0-87.133 3.13.0-88.135
2016-06-09 23:55:35 upgrade linux-tools-generic:amd64 3.13.0.87.93 3.13.0.88.94
2016-06-20 16:12:45 upgrade libexpat1-dev:amd64 2.1.0-4ubuntu1.2 2.1.0-4ubuntu1.3
2016-06-20 16:12:45 upgrade libexpat1:amd64 2.1.0-4ubuntu1.2 2.1.0-4ubuntu1.3
2016-06-20 16:12:45 upgrade wget:amd64 1.15-1ubuntu1.14.04.1 1.15-1ubuntu1.14.04.2
2016-06-21 19:17:37 upgrade grub-pc:amd64 2.02~beta2-9ubuntu1.7 2.02~beta2-9ubuntu1.8
2016-06-21 19:17:37 upgrade grub-pc-bin:amd64 2.02~beta2-9ubuntu1.7 2.02~beta2-9ubuntu1.8
2016-06-21 19:17:37 upgrade grub2-common:amd64 2.02~beta2-9ubuntu1.7 2.02~beta2-9ubuntu1.8
2016-06-21 19:17:37 upgrade grub-common:amd64 2.02~beta2-9ubuntu1.7 2.02~beta2-9ubuntu1.8
2016-06-23 18:21:50 upgrade dpkg:amd64 1.17.5ubuntu5.6 1.17.5ubuntu5.7
2016-06-23 18:21:51 upgrade dpkg-dev:all 1.17.5ubuntu5.6 1.17.5ubuntu5.7
2016-06-23 18:21:51 upgrade libdpkg-perl:all 1.17.5ubuntu5.6 1.17.5ubuntu5.7
2016-06-24 16:56:09 upgrade nodejs:amd64 0.12.14-1nodesource1~trusty1 0.12.15-1nodesource1~trusty1
2016-06-28 00:14:54 upgrade linux-cloud-tools-common:all 3.13.0-88.135 3.13.0-91.138
2016-06-28 00:14:55 upgrade linux-cloud-tools-generic:amd64 3.13.0.88.94 3.13.0.91.97
2016-06-28 00:15:05 upgrade linux-generic:amd64 3.13.0.88.94 3.13.0.91.97
2016-06-28 00:15:05 upgrade linux-image-generic:amd64 3.13.0.88.94 3.13.0.91.97
2016-06-28 00:15:11 upgrade linux-headers-generic:amd64 3.13.0.88.94 3.13.0.91.97
2016-06-28 00:15:11 upgrade linux-libc-dev:amd64 3.13.0-88.135 3.13.0-91.138
2016-06-28 00:15:11 upgrade linux-tools-common:all 3.13.0-88.135 3.13.0-91.138
2016-06-28 00:15:11 upgrade linux-tools-generic:amd64 3.13.0.88.94 3.13.0.91.97
2016-05-02 14:46:39 upgrade libtasn1-6:amd64 3.4-3ubuntu0.3 3.4-3ubuntu0.4
2016-05-03 12:31:18 upgrade libssl1.0.0:amd64 1.0.1f-1ubuntu2.18 1.0.1f-1ubuntu2.19
2016-05-03 12:31:18 upgrade openssl:amd64 1.0.1f-1ubuntu2.18 1.0.1f-1ubuntu2.19
2016-05-05 14:20:53 upgrade newrelic-sysmond:amd64 2.3.0.129 2.3.0.132
2016-05-05 20:56:27 upgrade nginx-common:all 1.8.1-1+trusty0 1.10.0-0+trusty0
2016-05-05 20:56:27 upgrade nginx:all 1.8.1-1+trusty0 1.10.0-0+trusty0
2016-05-05 20:56:27 upgrade nginx-full:amd64 1.8.1-1+trusty0 1.10.0-0+trusty0
2016-05-07 14:04:40 upgrade nodejs:amd64 0.12.13-1nodesource1~trusty1 0.12.14-1nodesource1~trusty1
2016-05-09 09:13:02 upgrade klibc-utils:amd64 2.0.3-0ubuntu1 2.0.3-0ubuntu1.14.04.1
2016-05-09 09:13:02 upgrade libklibc:amd64 2.0.3-0ubuntu1 2.0.3-0ubuntu1.14.04.1
2016-05-09 14:27:13 upgrade mongodb-org-shell:amd64 3.0.11 3.0.12
2016-05-09 14:27:13 upgrade mongodb-org-server:amd64 3.0.11 3.0.12
2016-05-09 14:27:15 upgrade mongodb-org-mongos:amd64 3.0.11 3.0.12
2016-05-09 14:27:16 upgrade mongodb-org-tools:amd64 3.0.11 3.0.12
2016-05-09 14:27:20 upgrade mongodb-org:amd64 3.0.11 3.0.12
2016-05-10 10:03:47 upgrade openssh-sftp-server:amd64 1:6.6p1-2ubuntu2.6 1:6.6p1-2ubuntu2.7
2016-05-10 10:03:47 upgrade openssh-server:amd64 1:6.6p1-2ubuntu2.6 1:6.6p1-2ubuntu2.7
2016-05-10 10:03:47 upgrade openssh-client:amd64 1:6.6p1-2ubuntu2.6 1:6.6p1-2ubuntu2.7
2016-05-10 10:03:47 upgrade linux-cloud-tools-common:all 3.13.0-85.129 3.13.0-86.130
2016-05-10 10:03:48 upgrade linux-cloud-tools-generic:amd64 3.13.0.85.91 3.13.0.86.92
2016-05-10 10:03:58 upgrade linux-generic:amd64 3.13.0.85.91 3.13.0.86.92
2016-05-10 10:03:58 upgrade linux-image-generic:amd64 3.13.0.85.91 3.13.0.86.92
2016-05-10 10:04:04 upgrade linux-headers-generic:amd64 3.13.0.85.91 3.13.0.86.92
2016-05-10 10:04:04 upgrade linux-libc-dev:amd64 3.13.0-85.129 3.13.0-86.130
2016-05-10 10:04:05 upgrade linux-tools-common:all 3.13.0-85.129 3.13.0-86.130
2016-05-10 10:04:05 upgrade linux-tools-generic:amd64 3.13.0.85.91 3.13.0.86.92
2016-05-12 16:03:53 upgrade libnl-genl-3-200:amd64 3.2.21-1 3.2.21-1ubuntu1
2016-05-12 16:03:53 upgrade libnl-3-200:amd64 3.2.21-1 3.2.21-1ubuntu1
2016-05-12 16:03:53 upgrade lsb-base:all 4.1+Debian11ubuntu6 4.1+Debian11ubuntu6.1
2016-05-12 16:03:53 upgrade lsb-release:all 4.1+Debian11ubuntu6 4.1+Debian11ubuntu6.1
2016-05-14 14:17:21 upgrade libnl-genl-3-200:amd64 3.2.21-1ubuntu1 3.2.21-1ubuntu1.1
2016-05-14 14:17:22 upgrade libnl-3-200:amd64 3.2.21-1ubuntu1 3.2.21-1ubuntu1.1
2016-05-16 22:38:22 upgrade libtsan0:amd64 4.8.4-2ubuntu1~14.04.1 4.8.4-2ubuntu1~14.04.3
2016-05-16 22:38:22 upgrade libgomp1:amd64 4.8.4-2ubuntu1~14.04.1 4.8.4-2ubuntu1~14.04.3
2016-05-16 22:38:22 upgrade libitm1:amd64 4.8.4-2ubuntu1~14.04.1 4.8.4-2ubuntu1~14.04.3
2016-05-16 22:38:22 upgrade libatomic1:amd64 4.8.4-2ubuntu1~14.04.1 4.8.4-2ubuntu1~14.04.3
2016-05-16 22:38:22 upgrade libasan0:amd64 4.8.4-2ubuntu1~14.04.1 4.8.4-2ubuntu1~14.04.3
2016-05-16 22:38:22 upgrade libquadmath0:amd64 4.8.4-2ubuntu1~14.04.1 4.8.4-2ubuntu1~14.04.3
2016-05-16 22:38:22 upgrade g++-4.8:amd64 4.8.4-2ubuntu1~14.04.1 4.8.4-2ubuntu1~14.04.3
2016-05-16 22:38:24 upgrade libstdc++-4.8-dev:amd64 4.8.4-2ubuntu1~14.04.1 4.8.4-2ubuntu1~14.04.3
2016-05-16 22:38:24 upgrade libgcc-4.8-dev:amd64 4.8.4-2ubuntu1~14.04.1 4.8.4-2ubuntu1~14.04.3
2016-05-16 22:38:24 upgrade gcc-4.8:amd64 4.8.4-2ubuntu1~14.04.1 4.8.4-2ubuntu1~14.04.3
2016-05-16 22:38:25 upgrade cpp-4.8:amd64 4.8.4-2ubuntu1~14.04.1 4.8.4-2ubuntu1~14.04.3
2016-05-16 22:38:26 upgrade binutils:amd64 2.24-5ubuntu14 2.24-5ubuntu14.1
2016-05-16 22:38:27 upgrade libgfortran3:amd64 4.8.4-2ubuntu1~14.04.1 4.8.4-2ubuntu1~14.04.3
2016-05-16 22:38:27 upgrade gcc-4.8-base:amd64 4.8.4-2ubuntu1~14.04.1 4.8.4-2ubuntu1~14.04.3
2016-05-16 22:38:27 upgrade libstdc++6:amd64 4.8.4-2ubuntu1~14.04.1 4.8.4-2ubuntu1~14.04.3
2016-05-16 22:38:28 upgrade linux-image-3.13.0-86-generic:amd64 3.13.0-86.130 3.13.0-86.131
2016-05-16 22:38:32 upgrade linux-cloud-tools-common:all 3.13.0-86.130 3.13.0-86.131
2016-05-16 22:38:32 upgrade linux-cloud-tools-3.13.0-86:amd64 3.13.0-86.130 3.13.0-86.131
2016-05-16 22:38:32 upgrade linux-cloud-tools-3.13.0-86-generic:amd64 3.13.0-86.130 3.13.0-86.131
2016-05-16 22:38:32 upgrade linux-headers-3.13.0-86:all 3.13.0-86.130 3.13.0-86.131
2016-05-16 22:38:37 upgrade linux-headers-3.13.0-86-generic:amd64 3.13.0-86.130 3.13.0-86.131
2016-05-16 22:38:39 upgrade linux-image-extra-3.13.0-86-generic:amd64 3.13.0-86.130 3.13.0-86.131
2016-05-16 22:38:51 upgrade linux-libc-dev:amd64 3.13.0-86.130 3.13.0-86.131
2016-05-16 22:38:51 upgrade linux-tools-common:all 3.13.0-86.130 3.13.0-86.131
2016-05-16 22:38:51 upgrade linux-tools-3.13.0-86:amd64 3.13.0-86.130 3.13.0-86.131
2016-05-16 22:38:51 upgrade linux-tools-3.13.0-86-generic:amd64 3.13.0-86.130 3.13.0-86.131
2016-05-17 15:41:32 upgrade libarchive13:amd64 3.1.2-7ubuntu2.1 3.1.2-7ubuntu2.2
2016-05-19 12:09:00 upgrade libexpat1-dev:amd64 2.1.0-4ubuntu1.1 2.1.0-4ubuntu1.2
2016-05-19 12:09:00 upgrade libexpat1:amd64 2.1.0-4ubuntu1.1 2.1.0-4ubuntu1.2
2016-05-19 12:09:00 upgrade python3-problem-report:all 2.14.1-0ubuntu3.19 2.14.1-0ubuntu3.20
2016-05-19 12:09:00 upgrade python3-apport:all 2.14.1-0ubuntu3.19 2.14.1-0ubuntu3.20
2016-05-19 12:09:00 upgrade apport:all 2.14.1-0ubuntu3.19 2.14.1-0ubuntu3.20
2016-05-19 21:23:15 upgrade bash-completion:all 1:2.1-4ubuntu0.1 1:2.1-4ubuntu0.2
2016-05-25 00:02:13 upgrade libapt-pkg4.12:amd64 1.0.1ubuntu2.13 1.0.1ubuntu2.14
2016-05-25 00:02:13 upgrade apt:amd64 1.0.1ubuntu2.13 1.0.1ubuntu2.14
2016-05-25 00:02:14 upgrade libapt-inst1.5:amd64 1.0.1ubuntu2.13 1.0.1ubuntu2.14
2016-05-25 00:02:15 upgrade apt-utils:amd64 1.0.1ubuntu2.13 1.0.1ubuntu2.14
2016-05-25 00:02:15 upgrade apt-transport-https:amd64 1.0.1ubuntu2.13 1.0.1ubuntu2.14
2016-05-25 11:13:56 upgrade libc6-dev:amd64 2.19-0ubuntu6.7 2.19-0ubuntu6.8
2016-05-25 11:13:56 upgrade libc-dev-bin:amd64 2.19-0ubuntu6.7 2.19-0ubuntu6.8
2016-05-25 11:13:56 upgrade libc-bin:amd64 2.19-0ubuntu6.7 2.19-0ubuntu6.8
2016-05-25 11:13:57 upgrade libc6:amd64 2.19-0ubuntu6.7 2.19-0ubuntu6.8
2016-05-25 11:13:59 upgrade multiarch-support:amd64 2.19-0ubuntu6.7 2.19-0ubuntu6.8
2016-05-25 18:52:54 upgrade python3-problem-report:all 2.14.1-0ubuntu3.20 2.14.1-0ubuntu3.21
2016-05-25 18:52:54 upgrade python3-apport:all 2.14.1-0ubuntu3.20 2.14.1-0ubuntu3.21
2016-05-25 18:52:54 upgrade apport:all 2.14.1-0ubuntu3.20 2.14.1-0ubuntu3.21
2016-05-26 20:28:34 upgrade libc6-dev:amd64 2.19-0ubuntu6.8 2.19-0ubuntu6.9
2016-05-26 20:28:34 upgrade libc-dev-bin:amd64 2.19-0ubuntu6.8 2.19-0ubuntu6.9
2016-05-26 20:28:34 upgrade libc-bin:amd64 2.19-0ubuntu6.8 2.19-0ubuntu6.9
2016-05-26 20:28:35 upgrade libc6:amd64 2.19-0ubuntu6.8 2.19-0ubuntu6.9
2016-05-26 20:28:37 upgrade multiarch-support:amd64 2.19-0ubuntu6.8 2.19-0ubuntu6.9
2016-05-31 11:47:01 upgrade linux-cloud-tools-common:all 3.13.0-86.131 3.13.0-87.133
2016-05-31 11:47:02 upgrade linux-cloud-tools-generic:amd64 3.13.0.86.92 3.13.0.87.93
2016-05-31 11:47:12 upgrade linux-generic:amd64 3.13.0.86.92 3.13.0.87.93
2016-05-31 11:47:12 upgrade linux-image-generic:amd64 3.13.0.86.92 3.13.0.87.93
2016-05-31 11:47:18 upgrade linux-headers-generic:amd64 3.13.0.86.92 3.13.0.87.93
2016-05-31 11:47:18 upgrade linux-libc-dev:amd64 3.13.0-86.131 3.13.0-87.133
2016-05-31 11:47:18 upgrade linux-tools-common:all 3.13.0-86.131 3.13.0-87.133
2016-05-31 11:47:19 upgrade linux-tools-generic:amd64 3.13.0.86.92 3.13.0.87.93
2016-05-31 19:28:50 upgrade libgd3:amd64 2.1.0-3 2.1.0-3ubuntu0.1
2016-05-31 19:28:50 upgrade dosfstools:amd64 3.0.26-1 3.0.26-1ubuntu0.1
2016-04-03 14:37:53 upgrade mongodb-org-shell:amd64 3.0.10 3.0.11
2016-04-03 14:37:54 upgrade mongodb-org-server:amd64 3.0.10 3.0.11
2016-04-03 14:37:55 upgrade mongodb-org-mongos:amd64 3.0.10 3.0.11
2016-04-03 14:37:56 upgrade mongodb-org-tools:amd64 3.0.10 3.0.11
2016-04-03 14:38:01 upgrade mongodb-org:amd64 3.0.10 3.0.11
2016-04-03 14:38:01 upgrade nodejs:amd64 0.12.12-1nodesource1~trusty1 0.12.13-1nodesource1~trusty1
2016-04-05 12:55:23 upgrade linux-cloud-tools-common:all 3.13.0-83.127 3.13.0-85.129
2016-04-05 12:55:24 upgrade linux-cloud-tools-generic:amd64 3.13.0.83.89 3.13.0.85.91
2016-04-05 12:55:33 upgrade linux-generic:amd64 3.13.0.83.89 3.13.0.85.91
2016-04-05 12:55:33 upgrade linux-image-generic:amd64 3.13.0.83.89 3.13.0.85.91
2016-04-05 12:55:39 upgrade linux-headers-generic:amd64 3.13.0.83.89 3.13.0.85.91
2016-04-05 12:55:39 upgrade linux-libc-dev:amd64 3.13.0-83.127 3.13.0-85.129
2016-04-05 12:55:39 upgrade linux-tools-common:all 3.13.0-83.127 3.13.0-85.129
2016-04-05 12:55:40 upgrade linux-tools-generic:amd64 3.13.0.83.89 3.13.0.85.91
2016-04-06 12:55:24 upgrade libapt-pkg4.12:amd64 1.0.1ubuntu2.11 1.0.1ubuntu2.12
2016-04-06 12:55:24 upgrade apt:amd64 1.0.1ubuntu2.11 1.0.1ubuntu2.12
2016-04-06 12:55:26 upgrade libapt-inst1.5:amd64 1.0.1ubuntu2.11 1.0.1ubuntu2.12
2016-04-06 12:55:26 upgrade apt-utils:amd64 1.0.1ubuntu2.11 1.0.1ubuntu2.12
2016-04-06 12:55:26 upgrade apt-transport-https:amd64 1.0.1ubuntu2.11 1.0.1ubuntu2.12
2016-04-12 11:46:29 upgrade udev:amd64 204-5ubuntu20.18 204-5ubuntu20.19
2016-04-12 11:46:29 upgrade libudev1:amd64 204-5ubuntu20.18 204-5ubuntu20.19
2016-04-12 11:46:30 upgrade libpam-systemd:amd64 204-5ubuntu20.18 204-5ubuntu20.19
2016-04-12 11:46:30 upgrade systemd-services:amd64 204-5ubuntu20.18 204-5ubuntu20.19
2016-04-12 11:46:30 upgrade libsystemd-daemon0:amd64 204-5ubuntu20.18 204-5ubuntu20.19
2016-04-12 11:46:30 upgrade libsystemd-login0:amd64 204-5ubuntu20.18 204-5ubuntu20.19
2016-04-20 13:04:50 upgrade libapt-pkg4.12:amd64 1.0.1ubuntu2.12 1.0.1ubuntu2.13
2016-04-20 13:04:50 upgrade apt:amd64 1.0.1ubuntu2.12 1.0.1ubuntu2.13
2016-04-20 13:04:51 upgrade libapt-inst1.5:amd64 1.0.1ubuntu2.12 1.0.1ubuntu2.13
2016-04-20 13:04:51 upgrade apt-utils:amd64 1.0.1ubuntu2.12 1.0.1ubuntu2.13
2016-04-20 13:04:51 upgrade apt-transport-https:amd64 1.0.1ubuntu2.12 1.0.1ubuntu2.13
2016-04-20 13:04:51 upgrade linux-firmware:all 1.127.20 1.127.22
2016-04-21 12:33:54 upgrade mysql-common:all 5.5.47-0ubuntu0.14.04.1 5.5.49-0ubuntu0.14.04.1
2016-04-21 12:33:54 upgrade libmysqlclient18:amd64 5.5.47-0ubuntu0.14.04.1 5.5.49-0ubuntu0.14.04.1
2016-04-21 12:33:54 upgrade mysql-server:all 5.5.47-0ubuntu0.14.04.1 5.5.49-0ubuntu0.14.04.1
2016-04-21 12:33:55 upgrade mysql-server-5.5:amd64 5.5.47-0ubuntu0.14.04.1 5.5.49-0ubuntu0.14.04.1
2016-04-21 12:33:57 upgrade mysql-client-core-5.5:amd64 5.5.47-0ubuntu0.14.04.1 5.5.49-0ubuntu0.14.04.1
2016-04-21 12:33:57 upgrade mysql-client-5.5:amd64 5.5.47-0ubuntu0.14.04.1 5.5.49-0ubuntu0.14.04.1
2016-04-21 12:33:58 upgrade mysql-server-core-5.5:amd64 5.5.47-0ubuntu0.14.04.1 5.5.49-0ubuntu0.14.04.1
2016-04-21 23:11:24 upgrade libpcre3:amd64 1:8.31-2ubuntu2.2 1:8.31-2ubuntu2.3
2016-04-25 15:04:32 upgrade tzdata:all 2016c-0ubuntu0.14.04 2016d-0ubuntu0.14.04
2016-04-26 12:31:05 upgrade dpkg:amd64 1.17.5ubuntu5.5 1.17.5ubuntu5.6
2016-04-26 12:31:07 upgrade dpkg-dev:all 1.17.5ubuntu5.5 1.17.5ubuntu5.6
2016-04-26 12:31:07 upgrade libdpkg-perl:all 1.17.5ubuntu5.5 1.17.5ubuntu5.6
2016-04-27 12:57:32 upgrade docker-engine:amd64 1.11.0-0~trusty 1.11.1-0~trusty
2017-02-01 14:14:58 upgrade libgnutls-openssl27:amd64 2.12.23-12ubuntu2.5 2.12.23-12ubuntu2.6
2017-02-01 14:14:58 upgrade libgnutls26:amd64 2.12.23-12ubuntu2.5 2.12.23-12ubuntu2.6
2017-02-01 14:14:59 upgrade libssl1.0.0:amd64 1.0.1f-1ubuntu2.21 1.0.1f-1ubuntu2.22
2017-02-01 14:14:59 upgrade libxpm4:amd64 1:3.5.10-1 1:3.5.10-1ubuntu0.1
2017-02-01 14:14:59 upgrade openssl:amd64 1.0.1f-1ubuntu2.21 1.0.1f-1ubuntu2.22
2017-02-01 14:14:59 upgrade gnutls-bin:amd64 3.0.11+really2.12.23-12ubuntu2.5 3.0.11+really2.12.23-12ubuntu2.6
2017-02-01 14:14:59 upgrade irssi:amd64 0.8.15-5ubuntu3 0.8.15-5ubuntu3.1
2017-02-01 14:14:59 upgrade mongodb-org-shell:amd64 3.2.11 3.2.12
2017-02-01 14:15:00 upgrade mongodb-org-server:amd64 3.2.11 3.2.12
2017-02-01 14:15:02 upgrade mongodb-org-mongos:amd64 3.2.11 3.2.12
2017-02-01 14:15:03 upgrade mongodb-org-tools:amd64 3.2.11 3.2.12
2017-02-01 14:15:07 upgrade mongodb-org:amd64 3.2.11 3.2.12
2017-02-02 17:06:20 upgrade linux-cloud-tools-common:all 3.13.0-107.154 3.13.0-108.155
2017-02-02 17:06:20 upgrade linux-cloud-tools-generic:amd64 3.13.0.107.115 3.13.0.108.116
2017-02-02 17:06:29 upgrade linux-generic:amd64 3.13.0.107.115 3.13.0.108.116
2017-02-02 17:06:30 upgrade linux-image-generic:amd64 3.13.0.107.115 3.13.0.108.116
2017-02-02 17:06:34 upgrade linux-headers-generic:amd64 3.13.0.107.115 3.13.0.108.116
2017-02-02 17:06:34 upgrade linux-libc-dev:amd64 3.13.0-107.154 3.13.0-108.155
2017-02-02 17:06:34 upgrade linux-tools-common:all 3.13.0-107.154 3.13.0-108.155
2017-02-02 17:06:35 upgrade linux-tools-generic:amd64 3.13.0.107.115 3.13.0.108.116
2017-02-06 15:51:48 upgrade libnettle4:amd64 2.7.1-1ubuntu0.1 2.7.1-1ubuntu0.2
2017-02-08 20:45:27 upgrade udev:amd64 204-5ubuntu20.22 204-5ubuntu20.24
2017-02-08 20:45:27 upgrade libudev1:amd64 204-5ubuntu20.22 204-5ubuntu20.24
2017-02-08 20:45:27 upgrade libpam-systemd:amd64 204-5ubuntu20.22 204-5ubuntu20.24
2017-02-08 20:45:27 upgrade systemd-services:amd64 204-5ubuntu20.22 204-5ubuntu20.24
2017-02-08 20:45:28 upgrade libsystemd-daemon0:amd64 204-5ubuntu20.22 204-5ubuntu20.24
2017-02-08 20:45:28 upgrade libsystemd-login0:amd64 204-5ubuntu20.22 204-5ubuntu20.24
2017-02-08 20:45:28 upgrade libsystemd-journal0:amd64 204-5ubuntu20.22 204-5ubuntu20.24
2017-02-08 20:45:28 upgrade docker-engine:amd64 1.13.0-0~ubuntu-trusty 1.13.1-0~ubuntu-trusty
2017-02-12 14:26:08 upgrade nginx-full:amd64 1.10.2-3+trusty4 1.10.3-0+trusty0
2017-02-12 14:26:08 upgrade nginx:all 1.10.2-3+trusty4 1.10.3-0+trusty0
2017-02-12 14:26:08 upgrade libnginx-mod-stream:amd64 1.10.2-3+trusty4 1.10.3-0+trusty0
2017-02-12 14:26:08 upgrade libnginx-mod-http-xslt-filter:amd64 1.10.2-3+trusty4 1.10.3-0+trusty0
2017-02-12 14:26:08 upgrade libnginx-mod-http-subs-filter:amd64 1.10.2-3+trusty4 1.10.3-0+trusty0
2017-02-12 14:26:08 upgrade libnginx-mod-http-image-filter:amd64 1.10.2-3+trusty4 1.10.3-0+trusty0
2017-02-12 14:26:08 upgrade libnginx-mod-http-echo:amd64 1.10.2-3+trusty4 1.10.3-0+trusty0
2017-02-12 14:26:08 upgrade libnginx-mod-http-geoip:amd64 1.10.2-3+trusty4 1.10.3-0+trusty0
2017-02-12 14:26:08 upgrade libnginx-mod-mail:amd64 1.10.2-3+trusty4 1.10.3-0+trusty0
2017-02-12 14:26:08 upgrade libnginx-mod-http-upstream-fair:amd64 1.10.2-3+trusty4 1.10.3-0+trusty0
2017-02-12 14:26:08 upgrade libnginx-mod-http-dav-ext:amd64 1.10.2-3+trusty4 1.10.3-0+trusty0
2017-02-12 14:26:08 upgrade libnginx-mod-http-auth-pam:amd64 1.10.2-3+trusty4 1.10.3-0+trusty0
2017-02-12 14:26:08 upgrade nginx-common:all 1.10.2-3+trusty4 1.10.3-0+trusty0
2017-02-13 16:20:44 upgrade dnsutils:amd64 1:9.9.5.dfsg-3ubuntu0.11 1:9.9.5.dfsg-3ubuntu0.12
2017-02-13 16:20:44 upgrade bind9-host:amd64 1:9.9.5.dfsg-3ubuntu0.11 1:9.9.5.dfsg-3ubuntu0.12
2017-02-13 16:20:44 upgrade libisc95:amd64 1:9.9.5.dfsg-3ubuntu0.11 1:9.9.5.dfsg-3ubuntu0.12
2017-02-13 16:20:44 upgrade libdns100:amd64 1:9.9.5.dfsg-3ubuntu0.11 1:9.9.5.dfsg-3ubuntu0.12
2017-02-13 16:20:44 upgrade libisccc90:amd64 1:9.9.5.dfsg-3ubuntu0.11 1:9.9.5.dfsg-3ubuntu0.12
2017-02-13 16:20:44 upgrade libisccfg90:amd64 1:9.9.5.dfsg-3ubuntu0.11 1:9.9.5.dfsg-3ubuntu0.12
2017-02-13 16:20:44 upgrade liblwres90:amd64 1:9.9.5.dfsg-3ubuntu0.11 1:9.9.5.dfsg-3ubuntu0.12
2017-02-13 16:20:45 upgrade libbind9-90:amd64 1:9.9.5.dfsg-3ubuntu0.11 1:9.9.5.dfsg-3ubuntu0.12
2017-02-15 22:22:11 upgrade libgc1c2:amd64 1:7.2d-5ubuntu2 1:7.2d-5ubuntu2.1
2017-02-15 22:22:11 upgrade openjdk-6-jdk:amd64 6b40-1.13.12-0ubuntu0.14.04.3 6b41-1.13.13-0ubuntu0.14.04.1
2017-02-15 22:22:13 upgrade openjdk-6-jre:amd64 6b40-1.13.12-0ubuntu0.14.04.3 6b41-1.13.13-0ubuntu0.14.04.1
2017-02-15 22:22:13 upgrade icedtea-6-jre-jamvm:amd64 6b40-1.13.12-0ubuntu0.14.04.3 6b41-1.13.13-0ubuntu0.14.04.1
2017-02-15 22:22:13 upgrade icedtea-6-jre-cacao:amd64 6b40-1.13.12-0ubuntu0.14.04.3 6b41-1.13.13-0ubuntu0.14.04.1
2017-02-15 22:22:13 upgrade openjdk-6-jre-headless:amd64 6b40-1.13.12-0ubuntu0.14.04.3 6b41-1.13.13-0ubuntu0.14.04.1
2017-02-15 22:22:17 upgrade openjdk-6-jre-lib:all 6b40-1.13.12-0ubuntu0.14.04.3 6b41-1.13.13-0ubuntu0.14.04.1
2017-02-17 12:36:40 upgrade bind9-host:amd64 1:9.9.5.dfsg-3ubuntu0.12 1:9.9.5.dfsg-3ubuntu0.13
2017-02-17 12:36:40 upgrade dnsutils:amd64 1:9.9.5.dfsg-3ubuntu0.12 1:9.9.5.dfsg-3ubuntu0.13
2017-02-17 12:36:40 upgrade libisc95:amd64 1:9.9.5.dfsg-3ubuntu0.12 1:9.9.5.dfsg-3ubuntu0.13
2017-02-17 12:36:40 upgrade libdns100:amd64 1:9.9.5.dfsg-3ubuntu0.12 1:9.9.5.dfsg-3ubuntu0.13
2017-02-17 12:36:41 upgrade libisccc90:amd64 1:9.9.5.dfsg-3ubuntu0.12 1:9.9.5.dfsg-3ubuntu0.13
2017-02-17 12:36:41 upgrade libisccfg90:amd64 1:9.9.5.dfsg-3ubuntu0.12 1:9.9.5.dfsg-3ubuntu0.13
2017-02-17 12:36:41 upgrade liblwres90:amd64 1:9.9.5.dfsg-3ubuntu0.12 1:9.9.5.dfsg-3ubuntu0.13
2017-02-17 12:36:41 upgrade libbind9-90:amd64 1:9.9.5.dfsg-3ubuntu0.12 1:9.9.5.dfsg-3ubuntu0.13
2017-02-17 12:36:41 upgrade python-crypto:amd64 2.6.1-4build1 2.6.1-4ubuntu0.2
2017-02-20 11:03:56 upgrade linux-cloud-tools-common:all 3.13.0-108.155 3.13.0-109.156
2017-02-20 11:03:57 upgrade linux-cloud-tools-generic:amd64 3.13.0.108.116 3.13.0.109.117
2017-02-20 11:04:06 upgrade linux-generic:amd64 3.13.0.108.116 3.13.0.109.117
2017-02-20 11:04:06 upgrade linux-image-generic:amd64 3.13.0.108.116 3.13.0.109.117
2017-02-20 11:04:11 upgrade linux-headers-generic:amd64 3.13.0.108.116 3.13.0.109.117
2017-02-20 11:04:12 upgrade linux-libc-dev:amd64 3.13.0-108.155 3.13.0-109.156
2017-02-20 11:04:12 upgrade linux-tools-common:all 3.13.0-108.155 3.13.0-109.156
2017-02-20 11:04:12 upgrade linux-tools-generic:amd64 3.13.0.108.116 3.13.0.109.117
2017-02-22 13:44:31 upgrade tcpdump:amd64 4.5.1-2ubuntu1.2 4.9.0-1ubuntu1~ubuntu14.04.1
2017-02-22 13:44:31 upgrade linux-cloud-tools-common:all 3.13.0-109.156 3.13.0-110.157
2017-02-22 13:44:31 upgrade linux-cloud-tools-generic:amd64 3.13.0.109.117 3.13.0.110.118
2017-02-22 13:44:41 upgrade linux-generic:amd64 3.13.0.109.117 3.13.0.110.118
2017-02-22 13:44:41 upgrade linux-image-generic:amd64 3.13.0.109.117 3.13.0.110.118
2017-02-22 13:44:46 upgrade linux-headers-generic:amd64 3.13.0.109.117 3.13.0.110.118
2017-02-22 13:44:46 upgrade linux-libc-dev:amd64 3.13.0-109.156 3.13.0-110.157
2017-02-22 13:44:46 upgrade linux-tools-common:all 3.13.0-109.156 3.13.0-110.157
2017-02-22 13:44:47 upgrade linux-tools-generic:amd64 3.13.0.109.117 3.13.0.110.118
2017-02-27 14:50:27 upgrade libtiff5:amd64 4.0.3-7ubuntu0.4 4.0.3-7ubuntu0.6
2017-02-28 17:19:17 upgrade libcupsimage2:amd64 1.7.2-0ubuntu1.7 1.7.2-0ubuntu1.8
2017-02-28 17:19:17 upgrade libcups2:amd64 1.7.2-0ubuntu1.7 1.7.2-0ubuntu1.8
2017-02-28 17:19:17 upgrade libgd3:amd64 2.1.0-3ubuntu0.5 2.1.0-3ubuntu0.6
2017-02-28 17:19:17 upgrade do-agent:amd64 0.4.6 0.4.7
2017-01-05 12:41:36 upgrade libnss3-nssdb:all 2:3.23-0ubuntu0.14.04.1 2:3.26.2-0ubuntu0.14.04.3
2017-01-05 12:41:36 upgrade libnss3:amd64 2:3.23-0ubuntu0.14.04.1 2:3.26.2-0ubuntu0.14.04.3
2017-01-12 09:02:39 upgrade dnsutils:amd64 1:9.9.5.dfsg-3ubuntu0.10 1:9.9.5.dfsg-3ubuntu0.11
2017-01-12 09:02:39 upgrade bind9-host:amd64 1:9.9.5.dfsg-3ubuntu0.10 1:9.9.5.dfsg-3ubuntu0.11
2017-01-12 09:02:39 upgrade libisc95:amd64 1:9.9.5.dfsg-3ubuntu0.10 1:9.9.5.dfsg-3ubuntu0.11
2017-01-12 09:02:39 upgrade libdns100:amd64 1:9.9.5.dfsg-3ubuntu0.10 1:9.9.5.dfsg-3ubuntu0.11
2017-01-12 09:02:39 upgrade libisccc90:amd64 1:9.9.5.dfsg-3ubuntu0.10 1:9.9.5.dfsg-3ubuntu0.11
2017-01-12 09:02:39 upgrade libisccfg90:amd64 1:9.9.5.dfsg-3ubuntu0.10 1:9.9.5.dfsg-3ubuntu0.11
2017-01-12 09:02:39 upgrade liblwres90:amd64 1:9.9.5.dfsg-3ubuntu0.10 1:9.9.5.dfsg-3ubuntu0.11
2017-01-12 09:02:39 upgrade libbind9-90:amd64 1:9.9.5.dfsg-3ubuntu0.10 1:9.9.5.dfsg-3ubuntu0.11
2017-01-12 09:02:39 upgrade docker-engine:amd64 1.12.5-0~ubuntu-trusty 1.12.6-0~ubuntu-trusty
2017-01-12 09:02:44 upgrade linux-cloud-tools-common:all 3.13.0-106.153 3.13.0-107.154
2017-01-12 09:02:44 upgrade linux-cloud-tools-generic:amd64 3.13.0.106.114 3.13.0.107.115
2017-01-12 09:02:54 upgrade linux-generic:amd64 3.13.0.106.114 3.13.0.107.115
2017-01-12 09:02:54 upgrade linux-image-generic:amd64 3.13.0.106.114 3.13.0.107.115
2017-01-12 09:03:00 upgrade linux-headers-generic:amd64 3.13.0.106.114 3.13.0.107.115
2017-01-12 09:03:00 upgrade linux-libc-dev:amd64 3.13.0-106.153 3.13.0-107.154
2017-01-12 09:03:00 upgrade linux-tools-common:all 3.13.0-106.153 3.13.0-107.154
2017-01-12 09:03:00 upgrade linux-tools-generic:amd64 3.13.0.106.114 3.13.0.107.115
2017-01-14 00:43:08 upgrade initramfs-tools:all 0.103ubuntu4.5 0.103ubuntu4.6
2017-01-14 00:43:08 upgrade initramfs-tools-bin:amd64 0.103ubuntu4.5 0.103ubuntu4.6
2017-01-19 11:24:18 upgrade libdbus-1-3:amd64 1.6.18-0ubuntu4.4 1.6.18-0ubuntu4.5
2017-01-19 11:24:18 upgrade mysql-common:all 5.5.53-0ubuntu0.14.04.1 5.5.54-0ubuntu0.14.04.1
2017-01-19 11:24:18 upgrade libmysqlclient18:amd64 5.5.53-0ubuntu0.14.04.1 5.5.54-0ubuntu0.14.04.1
2017-01-19 11:24:19 upgrade mysql-server:all 5.5.53-0ubuntu0.14.04.1 5.5.54-0ubuntu0.14.04.1
2017-01-19 11:24:19 upgrade mysql-server-5.5:amd64 5.5.53-0ubuntu0.14.04.1 5.5.54-0ubuntu0.14.04.1
2017-01-19 11:24:22 upgrade mysql-client-core-5.5:amd64 5.5.53-0ubuntu0.14.04.1 5.5.54-0ubuntu0.14.04.1
2017-01-19 11:24:22 upgrade mysql-client-5.5:amd64 5.5.53-0ubuntu0.14.04.1 5.5.54-0ubuntu0.14.04.1
2017-01-19 11:24:23 upgrade mysql-server-core-5.5:amd64 5.5.53-0ubuntu0.14.04.1 5.5.54-0ubuntu0.14.04.1
2017-01-19 11:24:23 upgrade libapparmor1:amd64 2.8.95~2430-0ubuntu5.3 2.10.95-0ubuntu2.5~14.04.1
2017-01-19 11:24:24 upgrade libapparmor-perl:amd64 2.8.95~2430-0ubuntu5.3 2.10.95-0ubuntu2.5~14.04.1
2017-01-19 11:24:24 upgrade apparmor:amd64 2.8.95~2430-0ubuntu5.3 2.10.95-0ubuntu2.5~14.04.1
2017-01-19 11:24:24 upgrade dbus:amd64 1.6.18-0ubuntu4.4 1.6.18-0ubuntu4.5
2017-01-19 11:24:24 upgrade docker-engine:amd64 1.12.6-0~ubuntu-trusty 1.13.0-0~ubuntu-trusty
2017-01-19 11:24:28 upgrade nginx-full:amd64 1.10.1-3+trusty2 1.10.2-3+trusty4
2017-01-19 11:24:28 upgrade nginx:all 1.10.1-3+trusty2 1.10.2-3+trusty4
2017-01-19 11:24:29 upgrade libnginx-mod-stream:amd64 1.10.1-3+trusty2 1.10.2-3+trusty4
2017-01-19 11:24:29 upgrade libnginx-mod-http-xslt-filter:amd64 1.10.1-3+trusty2 1.10.2-3+trusty4
2017-01-19 11:24:29 upgrade libnginx-mod-http-subs-filter:amd64 1.10.1-3+trusty2 1.10.2-3+trusty4
2017-01-19 11:24:29 upgrade libnginx-mod-http-image-filter:amd64 1.10.1-3+trusty2 1.10.2-3+trusty4
2017-01-19 11:24:29 upgrade libnginx-mod-http-echo:amd64 1.10.1-3+trusty2 1.10.2-3+trusty4
2017-01-19 11:24:29 upgrade libnginx-mod-http-geoip:amd64 1.10.1-3+trusty2 1.10.2-3+trusty4
2017-01-19 11:24:29 upgrade libnginx-mod-mail:amd64 1.10.1-3+trusty2 1.10.2-3+trusty4
2017-01-19 11:24:29 upgrade libnginx-mod-http-upstream-fair:amd64 1.10.1-3+trusty2 1.10.2-3+trusty4
2017-01-19 11:24:29 upgrade libnginx-mod-http-auth-pam:amd64 1.10.1-3+trusty2 1.10.2-3+trusty4
2017-01-19 11:24:29 upgrade nginx-common:all 1.10.1-3+trusty2 1.10.2-3+trusty4
2017-01-24 15:55:42 upgrade libkrb5-dev:amd64 1.12+dfsg-2ubuntu5.2 1.12+dfsg-2ubuntu5.3
2017-01-24 15:55:43 upgrade krb5-multidev:amd64 1.12+dfsg-2ubuntu5.2 1.12+dfsg-2ubuntu5.3
2017-01-24 15:55:43 upgrade libk5crypto3:amd64 1.12+dfsg-2ubuntu5.2 1.12+dfsg-2ubuntu5.3
2017-01-24 15:55:43 upgrade libgssapi-krb5-2:amd64 1.12+dfsg-2ubuntu5.2 1.12+dfsg-2ubuntu5.3
2017-01-24 15:55:43 upgrade libkrb5-3:amd64 1.12+dfsg-2ubuntu5.2 1.12+dfsg-2ubuntu5.3
2017-01-24 15:55:43 upgrade libkrb5support0:amd64 1.12+dfsg-2ubuntu5.2 1.12+dfsg-2ubuntu5.3
2017-01-24 15:55:43 upgrade libgssrpc4:amd64 1.12+dfsg-2ubuntu5.2 1.12+dfsg-2ubuntu5.3
2017-01-24 15:55:43 upgrade libkdb5-7:amd64 1.12+dfsg-2ubuntu5.2 1.12+dfsg-2ubuntu5.3
2017-01-24 15:55:43 upgrade libkadm5srv-mit9:amd64 1.12+dfsg-2ubuntu5.2 1.12+dfsg-2ubuntu5.3
2017-01-24 15:55:43 upgrade libkadm5clnt-mit9:amd64 1.12+dfsg-2ubuntu5.2 1.12+dfsg-2ubuntu5.3
2017-01-24 15:55:43 upgrade libpcsclite1:amd64 1.8.10-1ubuntu1 1.8.10-1ubuntu1.1
2017-01-24 15:55:44 upgrade krb5-locales:all 1.12+dfsg-2ubuntu5.2 1.12+dfsg-2ubuntu5.3
2017-01-26 10:04:56 upgrade udev:amd64 204-5ubuntu20.20 204-5ubuntu20.21
2017-01-26 10:04:56 upgrade libudev1:amd64 204-5ubuntu20.20 204-5ubuntu20.21
2017-01-26 10:04:56 upgrade libpam-systemd:amd64 204-5ubuntu20.20 204-5ubuntu20.21
2017-01-26 10:04:56 upgrade systemd-services:amd64 204-5ubuntu20.20 204-5ubuntu20.21
2017-01-26 10:04:57 upgrade libsystemd-daemon0:amd64 204-5ubuntu20.20 204-5ubuntu20.21
2017-01-26 10:04:57 upgrade libsystemd-login0:amd64 204-5ubuntu20.20 204-5ubuntu20.21
2017-01-26 10:04:57 upgrade libsystemd-journal0:amd64 204-5ubuntu20.20 204-5ubuntu20.21
2017-01-30 16:09:35 upgrade udev:amd64 204-5ubuntu20.21 204-5ubuntu20.22
2017-01-30 16:09:36 upgrade libudev1:amd64 204-5ubuntu20.21 204-5ubuntu20.22
2017-01-30 16:09:36 upgrade libpam-systemd:amd64 204-5ubuntu20.21 204-5ubuntu20.22
2017-01-30 16:09:36 upgrade systemd-services:amd64 204-5ubuntu20.21 204-5ubuntu20.22
2017-01-30 16:09:36 upgrade libsystemd-daemon0:amd64 204-5ubuntu20.21 204-5ubuntu20.22
2017-01-30 16:09:36 upgrade libsystemd-login0:amd64 204-5ubuntu20.21 204-5ubuntu20.22
2017-01-30 16:09:36 upgrade libsystemd-journal0:amd64 204-5ubuntu20.21 204-5ubuntu20.22
2016-12-01 18:22:30 upgrade libgs9-common:all 9.10~dfsg-0ubuntu10.4 9.10~dfsg-0ubuntu10.5
2016-12-01 18:22:31 upgrade ghostscript:amd64 9.10~dfsg-0ubuntu10.4 9.10~dfsg-0ubuntu10.5
2016-12-01 18:22:31 upgrade libgs9:amd64 9.10~dfsg-0ubuntu10.4 9.10~dfsg-0ubuntu10.5
2016-12-06 14:49:37 upgrade linux-cloud-tools-common:all 3.13.0-103.150 3.13.0-105.152
2016-12-06 14:49:37 upgrade linux-cloud-tools-generic:amd64 3.13.0.103.111 3.13.0.105.113
2016-12-06 14:49:47 upgrade linux-generic:amd64 3.13.0.103.111 3.13.0.105.113
2016-12-06 14:49:47 upgrade linux-image-generic:amd64 3.13.0.103.111 3.13.0.105.113
2016-12-06 14:49:52 upgrade linux-headers-generic:amd64 3.13.0.103.111 3.13.0.105.113
2016-12-06 14:49:52 upgrade linux-libc-dev:amd64 3.13.0-103.150 3.13.0-105.152
2016-12-06 14:49:53 upgrade linux-tools-common:all 3.13.0-103.150 3.13.0-105.152
2016-12-06 14:49:53 upgrade linux-tools-generic:amd64 3.13.0.103.111 3.13.0.105.113
2016-12-07 23:59:08 upgrade icedtea-6-jre-cacao:amd64 6b40-1.13.12-0ubuntu0.14.04.2 6b40-1.13.12-0ubuntu0.14.04.3
2016-12-07 23:59:08 upgrade openjdk-6-jdk:amd64 6b40-1.13.12-0ubuntu0.14.04.2 6b40-1.13.12-0ubuntu0.14.04.3
2016-12-07 23:59:10 upgrade openjdk-6-jre:amd64 6b40-1.13.12-0ubuntu0.14.04.2 6b40-1.13.12-0ubuntu0.14.04.3
2016-12-07 23:59:10 upgrade icedtea-6-jre-jamvm:amd64 6b40-1.13.12-0ubuntu0.14.04.2 6b40-1.13.12-0ubuntu0.14.04.3
2016-12-07 23:59:10 upgrade openjdk-6-jre-headless:amd64 6b40-1.13.12-0ubuntu0.14.04.2 6b40-1.13.12-0ubuntu0.14.04.3
2016-12-07 23:59:14 upgrade openjdk-6-jre-lib:all 6b40-1.13.12-0ubuntu0.14.04.2 6b40-1.13.12-0ubuntu0.14.04.3
2016-12-07 23:59:15 upgrade ubuntu-release-upgrader-core:all 1:0.220.8 1:0.220.9
2016-12-07 23:59:15 upgrade python3-distupgrade:all 1:0.220.8 1:0.220.9
2016-12-07 23:59:15 upgrade libgs9-common:all 9.10~dfsg-0ubuntu10.5 9.10~dfsg-0ubuntu10.6
2016-12-07 23:59:16 upgrade ghostscript:amd64 9.10~dfsg-0ubuntu10.5 9.10~dfsg-0ubuntu10.6
2016-12-07 23:59:16 upgrade libgs9:amd64 9.10~dfsg-0ubuntu10.5 9.10~dfsg-0ubuntu10.6
2016-12-07 23:59:16 upgrade cloud-init:all 0.7.5-0ubuntu1.20 0.7.5-0ubuntu1.21
2016-12-07 23:59:17 configure python3-distupgrade:all 1:0.220.9 <none>
2016-12-07 23:59:17 configure ubuntu-release-upgrader-core:all 1:0.220.9 <none>
2016-12-08 23:05:54 upgrade udev:amd64 204-5ubuntu20.19 204-5ubuntu20.20
2016-12-08 23:05:54 upgrade libudev1:amd64 204-5ubuntu20.19 204-5ubuntu20.20
2016-12-08 23:05:54 upgrade libpam-systemd:amd64 204-5ubuntu20.19 204-5ubuntu20.20
2016-12-08 23:05:55 upgrade systemd-services:amd64 204-5ubuntu20.19 204-5ubuntu20.20
2016-12-08 23:05:55 upgrade libsystemd-daemon0:amd64 204-5ubuntu20.19 204-5ubuntu20.20
2016-12-08 23:05:55 upgrade libsystemd-login0:amd64 204-5ubuntu20.19 204-5ubuntu20.20
2016-12-08 23:05:55 upgrade libsystemd-journal0:amd64 204-5ubuntu20.19 204-5ubuntu20.20
2016-12-08 23:05:55 upgrade tzdata-java:all 2016h-0ubuntu0.14.04 2016j-0ubuntu0.14.04
2016-12-08 23:05:55 upgrade tzdata:all 2016h-0ubuntu0.14.04 2016j-0ubuntu0.14.04
2016-12-08 23:05:57 upgrade init-system-helpers:all 1.14 1.14ubuntu1
2016-12-13 14:38:26 upgrade apt-transport-https:amd64 1.0.1ubuntu2.15 1.0.1ubuntu2.17
2016-12-14 17:02:26 upgrade mount:amd64 2.20.1-5.1ubuntu20.7 2.20.1-5.1ubuntu20.9
2016-12-14 17:02:26 upgrade util-linux:amd64 2.20.1-5.1ubuntu20.7 2.20.1-5.1ubuntu20.9
2016-12-14 17:02:27 upgrade libapt-pkg4.12:amd64 1.0.1ubuntu2.15 1.0.1ubuntu2.17
2016-12-14 17:02:27 upgrade apt:amd64 1.0.1ubuntu2.15 1.0.1ubuntu2.17
2016-12-14 17:02:28 upgrade bsdutils:amd64 1:2.20.1-5.1ubuntu20.7 1:2.20.1-5.1ubuntu20.9
2016-12-14 17:02:29 upgrade libuuid1:amd64 2.20.1-5.1ubuntu20.7 2.20.1-5.1ubuntu20.9
2016-12-14 17:02:29 upgrade libblkid1:amd64 2.20.1-5.1ubuntu20.7 2.20.1-5.1ubuntu20.9
2016-12-14 17:02:29 upgrade libmount1:amd64 2.20.1-5.1ubuntu20.7 2.20.1-5.1ubuntu20.9
2016-12-14 17:02:30 upgrade libapt-inst1.5:amd64 1.0.1ubuntu2.15 1.0.1ubuntu2.17
2016-12-14 17:02:30 upgrade apt-utils:amd64 1.0.1ubuntu2.15 1.0.1ubuntu2.17
2016-12-14 17:02:30 upgrade initramfs-tools:all 0.103ubuntu4.4 0.103ubuntu4.5
2016-12-14 17:02:30 upgrade initramfs-tools-bin:amd64 0.103ubuntu4.4 0.103ubuntu4.5
2016-12-14 17:02:30 upgrade uuid-runtime:amd64 2.20.1-5.1ubuntu20.7 2.20.1-5.1ubuntu20.9
2016-12-14 17:02:30 upgrade docker-engine:amd64 1.12.3-0~trusty 1.12.4-0~ubuntu-trusty
2016-12-15 12:13:36 upgrade python3-problem-report:all 2.14.1-0ubuntu3.21 2.14.1-0ubuntu3.23
2016-12-15 12:13:36 upgrade python3-apport:all 2.14.1-0ubuntu3.21 2.14.1-0ubuntu3.23
2016-12-15 12:13:37 upgrade apport:all 2.14.1-0ubuntu3.21 2.14.1-0ubuntu3.23
2016-12-16 13:00:05 upgrade docker-engine:amd64 1.12.4-0~ubuntu-trusty 1.12.5-0~ubuntu-trusty
2016-12-19 15:15:50 upgrade linux-cloud-tools-common:all 3.13.0-105.152 3.13.0-106.153
2016-12-19 15:15:51 upgrade linux-cloud-tools-generic:amd64 3.13.0.105.113 3.13.0.106.114
2016-12-19 15:15:59 upgrade linux-generic:amd64 3.13.0.105.113 3.13.0.106.114
2016-12-19 15:15:59 upgrade linux-image-generic:amd64 3.13.0.105.113 3.13.0.106.114
2016-12-19 15:16:05 upgrade linux-headers-generic:amd64 3.13.0.105.113 3.13.0.106.114
2016-12-19 15:16:05 upgrade linux-libc-dev:amd64 3.13.0-105.152 3.13.0-106.153
2016-12-19 15:16:05 upgrade linux-tools-common:all 3.13.0-105.152 3.13.0-106.153
2016-12-19 15:16:05 upgrade linux-tools-generic:amd64 3.13.0.105.113 3.13.0.106.114
2016-12-22 22:47:55 upgrade linux-firmware:all 1.127.22 1.127.23
2016-12-22 22:47:59 upgrade nodejs:amd64 0.12.17-1nodesource1~trusty1 0.12.18-1nodesource1~trusty1
2016-11-01 14:22:09 upgrade libdbus-1-3:amd64 1.6.18-0ubuntu4.3 1.6.18-0ubuntu4.4
2016-11-01 14:22:09 upgrade libgd3:amd64 2.1.0-3ubuntu0.3 2.1.0-3ubuntu0.5
2016-11-01 14:22:09 upgrade libnl-genl-3-200:amd64 3.2.21-1ubuntu3 3.2.21-1ubuntu4
2016-11-01 14:22:09 upgrade libnl-3-200:amd64 3.2.21-1ubuntu3 3.2.21-1ubuntu4
2016-11-01 14:22:09 upgrade dbus:amd64 1.6.18-0ubuntu4.3 1.6.18-0ubuntu4.4
2016-11-01 22:32:09 upgrade dnsutils:amd64 1:9.9.5.dfsg-3ubuntu0.9 1:9.9.5.dfsg-3ubuntu0.10
2016-11-01 22:32:09 upgrade bind9-host:amd64 1:9.9.5.dfsg-3ubuntu0.9 1:9.9.5.dfsg-3ubuntu0.10
2016-11-01 22:32:09 upgrade libisc95:amd64 1:9.9.5.dfsg-3ubuntu0.9 1:9.9.5.dfsg-3ubuntu0.10
2016-11-01 22:32:09 upgrade libdns100:amd64 1:9.9.5.dfsg-3ubuntu0.9 1:9.9.5.dfsg-3ubuntu0.10
2016-11-01 22:32:10 upgrade libisccc90:amd64 1:9.9.5.dfsg-3ubuntu0.9 1:9.9.5.dfsg-3ubuntu0.10
2016-11-01 22:32:10 upgrade libisccfg90:amd64 1:9.9.5.dfsg-3ubuntu0.9 1:9.9.5.dfsg-3ubuntu0.10
2016-11-01 22:32:10 upgrade liblwres90:amd64 1:9.9.5.dfsg-3ubuntu0.9 1:9.9.5.dfsg-3ubuntu0.10
2016-11-01 22:32:10 upgrade libbind9-90:amd64 1:9.9.5.dfsg-3ubuntu0.9 1:9.9.5.dfsg-3ubuntu0.10
2016-11-03 22:34:56 upgrade libcurl3-gnutls:amd64 7.35.0-1ubuntu2.9 7.35.0-1ubuntu2.10
2016-11-03 22:34:56 upgrade curl:amd64 7.35.0-1ubuntu2.9 7.35.0-1ubuntu2.10
2016-11-03 22:34:56 upgrade libcurl3:amd64 7.35.0-1ubuntu2.9 7.35.0-1ubuntu2.10
2016-11-09 18:08:01 upgrade linux-cloud-tools-common:all 3.13.0-100.147 3.13.0-101.148
2016-11-09 18:08:02 upgrade linux-cloud-tools-generic:amd64 3.13.0.100.108 3.13.0.101.109
2016-11-09 18:08:11 upgrade linux-generic:amd64 3.13.0.100.108 3.13.0.101.109
2016-11-09 18:08:11 upgrade linux-image-generic:amd64 3.13.0.100.108 3.13.0.101.109
2016-11-09 18:08:16 upgrade linux-headers-generic:amd64 3.13.0.100.108 3.13.0.101.109
2016-11-09 18:08:16 upgrade linux-libc-dev:amd64 3.13.0-100.147 3.13.0-101.148
2016-11-09 18:08:16 upgrade linux-tools-common:all 3.13.0-100.147 3.13.0-101.148
2016-11-09 18:08:17 upgrade linux-tools-generic:amd64 3.13.0.100.108 3.13.0.101.109
2016-11-10 22:01:01 upgrade accountsservice:amd64 0.6.35-0ubuntu7.2 0.6.35-0ubuntu7.3
2016-11-10 22:01:01 upgrade libaccountsservice0:amd64 0.6.35-0ubuntu7.2 0.6.35-0ubuntu7.3
2016-11-17 16:23:49 upgrade klibc-utils:amd64 2.0.3-0ubuntu1.14.04.1 2.0.3-0ubuntu1.14.04.2
2016-11-17 16:23:49 upgrade libklibc:amd64 2.0.3-0ubuntu1.14.04.1 2.0.3-0ubuntu1.14.04.2
2016-11-18 23:31:21 upgrade mongodb-org-shell:amd64 3.2.10 3.2.11
2016-11-18 23:31:22 upgrade mongodb-org-server:amd64 3.2.10 3.2.11
2016-11-18 23:31:24 upgrade mongodb-org-mongos:amd64 3.2.10 3.2.11
2016-11-18 23:31:24 upgrade mongodb-org-tools:amd64 3.2.10 3.2.11
2016-11-18 23:31:29 upgrade mongodb-org:amd64 3.2.10 3.2.11
2016-11-21 19:55:15 upgrade tar:amd64 1.27.1-1 1.27.1-1ubuntu0.1
2016-11-22 16:40:55 upgrade python3.4:amd64 3.4.3-1ubuntu1~14.04.4 3.4.3-1ubuntu1~14.04.5
2016-11-22 16:40:56 upgrade python3.4-minimal:amd64 3.4.3-1ubuntu1~14.04.4 3.4.3-1ubuntu1~14.04.5
2016-11-22 16:40:56 upgrade libpython3.4:amd64 3.4.3-1ubuntu1~14.04.4 3.4.3-1ubuntu1~14.04.5
2016-11-22 16:40:56 upgrade libpython3.4-stdlib:amd64 3.4.3-1ubuntu1~14.04.4 3.4.3-1ubuntu1~14.04.5
2016-11-22 16:40:57 upgrade libpython3.4-minimal:amd64 3.4.3-1ubuntu1~14.04.4 3.4.3-1ubuntu1~14.04.5
2016-11-22 16:40:57 upgrade python2.7-dev:amd64 2.7.6-8ubuntu0.2 2.7.6-8ubuntu0.3
2016-11-22 16:40:57 upgrade libpython2.7-dev:amd64 2.7.6-8ubuntu0.2 2.7.6-8ubuntu0.3
2016-11-22 16:40:59 upgrade python2.7:amd64 2.7.6-8ubuntu0.2 2.7.6-8ubuntu0.3
2016-11-22 16:41:00 upgrade libpython2.7:amd64 2.7.6-8ubuntu0.2 2.7.6-8ubuntu0.3
2016-11-22 16:41:00 upgrade libpython2.7-stdlib:amd64 2.7.6-8ubuntu0.2 2.7.6-8ubuntu0.3
2016-11-22 16:41:00 upgrade python2.7-minimal:amd64 2.7.6-8ubuntu0.2 2.7.6-8ubuntu0.3
2016-11-22 16:41:01 upgrade libpython2.7-minimal:amd64 2.7.6-8ubuntu0.2 2.7.6-8ubuntu0.3
2016-11-29 13:38:04 upgrade vim:amd64 2:7.4.052-1ubuntu3 2:7.4.052-1ubuntu3.1
2016-11-29 13:38:04 upgrade vim-tiny:amd64 2:7.4.052-1ubuntu3 2:7.4.052-1ubuntu3.1
2016-11-29 13:38:04 upgrade vim-runtime:all 2:7.4.052-1ubuntu3 2:7.4.052-1ubuntu3.1
2016-11-29 13:38:06 upgrade vim-common:amd64 2:7.4.052-1ubuntu3 2:7.4.052-1ubuntu3.1
2016-11-30 10:54:37 upgrade isc-dhcp-client:amd64 4.2.4-7ubuntu12.7 4.2.4-7ubuntu12.8
2016-11-30 10:54:37 upgrade isc-dhcp-common:amd64 4.2.4-7ubuntu12.7 4.2.4-7ubuntu12.8
2016-11-30 10:54:37 upgrade linux-cloud-tools-common:all 3.13.0-101.148 3.13.0-103.150
2016-11-30 10:54:37 upgrade linux-cloud-tools-generic:amd64 3.13.0.101.109 3.13.0.103.111
2016-11-30 10:54:47 upgrade linux-generic:amd64 3.13.0.101.109 3.13.0.103.111
2016-11-30 10:54:47 upgrade linux-image-generic:amd64 3.13.0.101.109 3.13.0.103.111
2016-11-30 10:54:52 upgrade linux-headers-generic:amd64 3.13.0.101.109 3.13.0.103.111
2016-11-30 10:54:53 upgrade linux-libc-dev:amd64 3.13.0-101.148 3.13.0-103.150
2016-11-30 10:54:53 upgrade linux-tools-common:all 3.13.0-101.148 3.13.0-103.150
2016-11-30 10:54:53 upgrade linux-tools-generic:amd64 3.13.0.101.109 3.13.0.103.111
2016-10-01 13:23:01 upgrade python-pil:amd64 2.3.0-1ubuntu3.2 2.3.0-1ubuntu3.3
2016-10-01 13:23:01 upgrade python-imaging:all 2.3.0-1ubuntu3.2 2.3.0-1ubuntu3.3
2016-10-05 23:04:54 upgrade ntpdate:amd64 1:4.2.6.p5+dfsg-3ubuntu2.14.04.8 1:4.2.6.p5+dfsg-3ubuntu2.14.04.10
2016-10-10 14:57:13 upgrade linux-cloud-tools-common:all 3.13.0-96.143 3.13.0-98.145
2016-10-10 14:57:13 upgrade linux-cloud-tools-generic:amd64 3.13.0.96.104 3.13.0.98.106
2016-10-10 14:57:23 upgrade linux-generic:amd64 3.13.0.96.104 3.13.0.98.106
2016-10-10 14:57:23 upgrade linux-image-generic:amd64 3.13.0.96.104 3.13.0.98.106
2016-10-10 14:57:28 upgrade linux-headers-generic:amd64 3.13.0.96.104 3.13.0.98.106
2016-10-10 14:57:28 upgrade linux-libc-dev:amd64 3.13.0-96.143 3.13.0-98.145
2016-10-10 14:57:28 upgrade linux-tools-common:all 3.13.0-96.143 3.13.0-98.145
2016-10-10 14:57:29 upgrade linux-tools-generic:amd64 3.13.0.96.104 3.13.0.98.106
2016-10-12 19:15:48 upgrade docker-engine:amd64 1.12.1-0~trusty 1.12.2-0~trusty
2016-10-13 18:26:50 upgrade libdbd-mysql-perl:amd64 4.025-1 4.025-1ubuntu0.1
2016-10-13 18:26:50 upgrade nginx-full:amd64 1.10.1-0+trusty0 1.10.1-3+trusty0
2016-10-13 18:26:50 upgrade nginx-common:all 1.10.1-0+trusty0 1.10.1-3+trusty0
2016-10-13 18:26:50 upgrade nginx:all 1.10.1-0+trusty0 1.10.1-3+trusty0
2016-10-14 10:34:52 upgrade tzdata:all 2016f-0ubuntu0.14.04 2016g-0ubuntu0.14.04
2016-10-17 09:55:15 upgrade libapt-pkg4.12:amd64 1.0.1ubuntu2.14 1.0.1ubuntu2.15
2016-10-17 09:55:15 upgrade apt:amd64 1.0.1ubuntu2.14 1.0.1ubuntu2.15
2016-10-17 09:55:16 upgrade libapt-inst1.5:amd64 1.0.1ubuntu2.14 1.0.1ubuntu2.15
2016-10-17 09:55:16 upgrade apt-utils:amd64 1.0.1ubuntu2.14 1.0.1ubuntu2.15
2016-10-17 09:55:16 upgrade apt-transport-https:amd64 1.0.1ubuntu2.14 1.0.1ubuntu2.15
2016-10-17 09:55:16 upgrade python3-update-manager:all 1:0.196.21 1:0.196.22
2016-10-17 09:55:17 upgrade update-manager-core:all 1:0.196.21 1:0.196.22
2016-10-19 09:24:07 upgrade nodejs:amd64 0.12.16-1nodesource1~trusty1 0.12.17-1nodesource1~trusty1
2016-10-20 01:38:27 upgrade linux-cloud-tools-common:all 3.13.0-98.145 3.13.0-100.147
2016-10-20 01:38:28 upgrade linux-cloud-tools-generic:amd64 3.13.0.98.106 3.13.0.100.108
2016-10-20 01:38:38 upgrade linux-generic:amd64 3.13.0.98.106 3.13.0.100.108
2016-10-20 01:38:38 upgrade linux-image-generic:amd64 3.13.0.98.106 3.13.0.100.108
2016-10-20 01:38:44 upgrade linux-headers-generic:amd64 3.13.0.98.106 3.13.0.100.108
2016-10-20 01:38:44 upgrade linux-libc-dev:amd64 3.13.0-98.145 3.13.0-100.147
2016-10-20 01:38:44 upgrade linux-tools-common:all 3.13.0-98.145 3.13.0-100.147
2016-10-20 01:38:45 upgrade linux-tools-generic:amd64 3.13.0.98.106 3.13.0.100.108
2016-10-22 10:57:42 upgrade tzdata:all 2016g-0ubuntu0.14.04 2016h-0ubuntu0.14.04
2016-10-23 23:57:35 upgrade mongodb-org-shell:amd64 3.0.12 3.2.10
2016-10-23 23:57:36 upgrade mongodb-org-server:amd64 3.0.12 3.2.10
2016-10-23 23:57:38 upgrade mongodb-org-mongos:amd64 3.0.12 3.2.10
2016-10-23 23:57:38 upgrade mongodb-org-tools:amd64 3.0.12 3.2.10
2016-10-23 23:57:43 upgrade mongodb-org:amd64 3.0.12 3.2.10
2016-10-25 09:57:34 upgrade mysql-common:all 5.5.52-0ubuntu0.14.04.1 5.5.53-0ubuntu0.14.04.1
2016-10-25 09:57:34 upgrade libmysqlclient18:amd64 5.5.52-0ubuntu0.14.04.1 5.5.53-0ubuntu0.14.04.1
2016-10-25 09:57:34 upgrade mysql-server:all 5.5.52-0ubuntu0.14.04.1 5.5.53-0ubuntu0.14.04.1
2016-10-25 09:57:34 upgrade mysql-server-5.5:amd64 5.5.52-0ubuntu0.14.04.1 5.5.53-0ubuntu0.14.04.1
2016-10-25 09:57:37 upgrade mysql-client-core-5.5:amd64 5.5.52-0ubuntu0.14.04.1 5.5.53-0ubuntu0.14.04.1
2016-10-25 09:57:37 upgrade mysql-client-5.5:amd64 5.5.52-0ubuntu0.14.04.1 5.5.53-0ubuntu0.14.04.1
2016-10-25 09:57:38 upgrade mysql-server-core-5.5:amd64 5.5.52-0ubuntu0.14.04.1 5.5.53-0ubuntu0.14.04.1
2016-10-26 21:00:10 upgrade sudo:amd64 1.8.9p5-1ubuntu1.2 1.8.9p5-1ubuntu1.3
2016-10-26 21:00:10 upgrade docker-engine:amd64 1.12.2-0~trusty 1.12.3-0~trusty
2016-10-26 21:00:14 upgrade nginx-full:amd64 1.10.1-3+trusty0 1.10.1-3+trusty1
2016-10-26 21:00:15 upgrade nginx:all 1.10.1-3+trusty0 1.10.1-3+trusty1
2016-10-26 21:00:15 upgrade libnginx-mod-stream:amd64 1.10.1-3+trusty0 1.10.1-3+trusty1
2016-10-26 21:00:15 upgrade libnginx-mod-http-xslt-filter:amd64 1.10.1-3+trusty0 1.10.1-3+trusty1
2016-10-26 21:00:15 upgrade libnginx-mod-http-subs-filter:amd64 1.10.1-3+trusty0 1.10.1-3+trusty1
2016-10-26 21:00:15 upgrade libnginx-mod-http-image-filter:amd64 1.10.1-3+trusty0 1.10.1-3+trusty1
2016-10-26 21:00:15 upgrade libnginx-mod-http-geoip:amd64 1.10.1-3+trusty0 1.10.1-3+trusty1
2016-10-26 21:00:15 upgrade libnginx-mod-mail:amd64 1.10.1-3+trusty0 1.10.1-3+trusty1
2016-10-26 21:00:15 upgrade libnginx-mod-http-upstream-fair:amd64 1.10.1-3+trusty0 1.10.1-3+trusty1
2016-10-26 21:00:15 upgrade libnginx-mod-http-echo:amd64 1.10.1-3+trusty0 1.10.1-3+trusty1
2016-10-26 21:00:15 upgrade libnginx-mod-http-auth-pam:amd64 1.10.1-3+trusty0 1.10.1-3+trusty1
2016-10-26 21:00:16 upgrade nginx-common:all 1.10.1-3+trusty0 1.10.1-3+trusty1
2016-10-27 13:16:09 upgrade nginx-full:amd64 1.10.1-3+trusty1 1.10.1-3+trusty2
2016-10-27 13:16:09 upgrade nginx:all 1.10.1-3+trusty1 1.10.1-3+trusty2
2016-10-27 13:16:09 upgrade libnginx-mod-stream:amd64 1.10.1-3+trusty1 1.10.1-3+trusty2
2016-10-27 13:16:09 upgrade libnginx-mod-http-xslt-filter:amd64 1.10.1-3+trusty1 1.10.1-3+trusty2
2016-10-27 13:16:09 upgrade libnginx-mod-http-subs-filter:amd64 1.10.1-3+trusty1 1.10.1-3+trusty2
2016-10-27 13:16:09 upgrade libnginx-mod-http-image-filter:amd64 1.10.1-3+trusty1 1.10.1-3+trusty2
2016-10-27 13:16:09 upgrade libnginx-mod-http-geoip:amd64 1.10.1-3+trusty1 1.10.1-3+trusty2
2016-10-27 13:16:09 upgrade libnginx-mod-mail:amd64 1.10.1-3+trusty1 1.10.1-3+trusty2
2016-10-27 13:16:09 upgrade libnginx-mod-http-upstream-fair:amd64 1.10.1-3+trusty1 1.10.1-3+trusty2
2016-10-27 13:16:09 upgrade libnginx-mod-http-echo:amd64 1.10.1-3+trusty1 1.10.1-3+trusty2
2016-10-27 13:16:09 upgrade libnginx-mod-http-auth-pam:amd64 1.10.1-3+trusty1 1.10.1-3+trusty2
2016-10-27 13:16:09 upgrade nginx-common:all 1.10.1-3+trusty1 1.10.1-3+trusty2
2016-09-06 18:08:59 upgrade python3-update-manager:all 1:0.196.19 1:0.196.21
2016-09-06 18:08:59 upgrade update-manager-core:all 1:0.196.19 1:0.196.21
2016-09-07 12:31:22 upgrade cloud-init:all 0.7.5-0ubuntu1.19 0.7.5-0ubuntu1.20
2016-09-07 21:57:38 upgrade libcurl3-gnutls:amd64 7.35.0-1ubuntu2.8 7.35.0-1ubuntu2.9
2016-09-07 21:57:38 upgrade curl:amd64 7.35.0-1ubuntu2.8 7.35.0-1ubuntu2.9
2016-09-07 21:57:38 upgrade libcurl3:amd64 7.35.0-1ubuntu2.8 7.35.0-1ubuntu2.9
2016-09-08 16:03:08 upgrade isc-dhcp-client:amd64 4.2.4-7ubuntu12.5 4.2.4-7ubuntu12.6
2016-09-08 16:03:08 upgrade isc-dhcp-common:amd64 4.2.4-7ubuntu12.5 4.2.4-7ubuntu12.6
2016-09-13 22:53:13 upgrade mysql-common:all 5.5.50-0ubuntu0.14.04.1 5.5.52-0ubuntu0.14.04.1
2016-09-13 22:53:13 upgrade libmysqlclient18:amd64 5.5.50-0ubuntu0.14.04.1 5.5.52-0ubuntu0.14.04.1
2016-09-13 22:53:13 upgrade mysql-server:all 5.5.50-0ubuntu0.14.04.1 5.5.52-0ubuntu0.14.04.1
2016-09-13 22:53:13 upgrade mysql-server-5.5:amd64 5.5.50-0ubuntu0.14.04.1 5.5.52-0ubuntu0.14.04.1
2016-09-13 22:53:16 upgrade lsb-base:all 4.1+Debian11ubuntu6.1 4.1+Debian11ubuntu6.2
2016-09-13 22:53:17 upgrade mysql-client-core-5.5:amd64 5.5.50-0ubuntu0.14.04.1 5.5.52-0ubuntu0.14.04.1
2016-09-13 22:53:17 upgrade mysql-client-5.5:amd64 5.5.50-0ubuntu0.14.04.1 5.5.52-0ubuntu0.14.04.1
2016-09-13 22:53:18 upgrade mysql-server-core-5.5:amd64 5.5.50-0ubuntu0.14.04.1 5.5.52-0ubuntu0.14.04.1
2016-09-13 22:53:19 upgrade lsb-release:all 4.1+Debian11ubuntu6.1 4.1+Debian11ubuntu6.2
2016-09-19 13:40:54 upgrade linux-cloud-tools-common:all 3.13.0-95.142 3.13.0-96.143
2016-09-19 13:40:55 upgrade linux-cloud-tools-generic:amd64 3.13.0.95.103 3.13.0.96.104
2016-09-19 13:41:04 upgrade linux-generic:amd64 3.13.0.95.103 3.13.0.96.104
2016-09-19 13:41:04 upgrade linux-image-generic:amd64 3.13.0.95.103 3.13.0.96.104
2016-09-19 13:41:10 upgrade linux-headers-generic:amd64 3.13.0.95.103 3.13.0.96.104
2016-09-19 13:41:10 upgrade linux-libc-dev:amd64 3.13.0-95.142 3.13.0-96.143
2016-09-19 13:41:10 upgrade linux-tools-common:all 3.13.0-95.142 3.13.0-96.143
2016-09-19 13:41:10 upgrade linux-tools-generic:amd64 3.13.0.95.103 3.13.0.96.104
2016-09-21 15:28:55 upgrade libgdk-pixbuf2.0-0:amd64 2.30.7-0ubuntu1.2 2.30.7-0ubuntu1.6
2016-09-21 15:28:56 upgrade libgdk-pixbuf2.0-common:all 2.30.7-0ubuntu1.2 2.30.7-0ubuntu1.6
2016-09-22 14:03:13 upgrade python3.4:amd64 3.4.3-1ubuntu1~14.04.3 3.4.3-1ubuntu1~14.04.4
2016-09-22 14:03:13 upgrade python3.4-minimal:amd64 3.4.3-1ubuntu1~14.04.3 3.4.3-1ubuntu1~14.04.4
2016-09-22 14:03:14 upgrade libpython3.4-stdlib:amd64 3.4.3-1ubuntu1~14.04.3 3.4.3-1ubuntu1~14.04.4
2016-09-22 14:03:14 upgrade libpython3.4-minimal:amd64 3.4.3-1ubuntu1~14.04.3 3.4.3-1ubuntu1~14.04.4
2016-09-22 17:16:34 upgrade libssl1.0.0:amd64 1.0.1f-1ubuntu2.19 1.0.1f-1ubuntu2.20
2016-09-22 17:16:34 upgrade openssl:amd64 1.0.1f-1ubuntu2.19 1.0.1f-1ubuntu2.20
2016-09-24 12:25:55 upgrade libssl1.0.0:amd64 1.0.1f-1ubuntu2.20 1.0.1f-1ubuntu2.21
2016-09-24 12:25:55 upgrade openssl:amd64 1.0.1f-1ubuntu2.20 1.0.1f-1ubuntu2.21
2016-09-27 18:33:49 upgrade isc-dhcp-client:amd64 4.2.4-7ubuntu12.6 4.2.4-7ubuntu12.7
2016-09-27 18:33:50 upgrade isc-dhcp-common:amd64 4.2.4-7ubuntu12.6 4.2.4-7ubuntu12.7
2016-09-27 18:33:50 upgrade bind9-host:amd64 1:9.9.5.dfsg-3ubuntu0.8 1:9.9.5.dfsg-3ubuntu0.9
2016-09-27 18:33:50 upgrade dnsutils:amd64 1:9.9.5.dfsg-3ubuntu0.8 1:9.9.5.dfsg-3ubuntu0.9
2016-09-27 18:33:50 upgrade libisc95:amd64 1:9.9.5.dfsg-3ubuntu0.8 1:9.9.5.dfsg-3ubuntu0.9
2016-09-27 18:33:50 upgrade libdns100:amd64 1:9.9.5.dfsg-3ubuntu0.8 1:9.9.5.dfsg-3ubuntu0.9
2016-09-27 18:33:50 upgrade libisccc90:amd64 1:9.9.5.dfsg-3ubuntu0.8 1:9.9.5.dfsg-3ubuntu0.9
2016-09-27 18:33:50 upgrade libisccfg90:amd64 1:9.9.5.dfsg-3ubuntu0.8 1:9.9.5.dfsg-3ubuntu0.9
2016-09-27 18:33:50 upgrade liblwres90:amd64 1:9.9.5.dfsg-3ubuntu0.8 1:9.9.5.dfsg-3ubuntu0.9
2016-09-27 18:33:50 upgrade libbind9-90:amd64 1:9.9.5.dfsg-3ubuntu0.8 1:9.9.5.dfsg-3ubuntu0.9
2016-09-27 18:33:50 upgrade python-pil:amd64 2.3.0-1ubuntu3 2.3.0-1ubuntu3.2
2016-09-27 18:33:51 upgrade python-imaging:all 2.3.0-1ubuntu3 2.3.0-1ubuntu3.2
2016-09-28 09:51:50 upgrade nodejs:amd64 0.12.15-1nodesource1~trusty1 0.12.16-1nodesource1~trusty1
2016-08-02 00:20:34 upgrade base-files:amd64 7.2ubuntu5.4 7.2ubuntu5.5
2016-08-02 14:46:06 upgrade initramfs-tools:all 0.103ubuntu4.3 0.103ubuntu4.4
2016-08-02 14:46:06 upgrade initramfs-tools-bin:amd64 0.103ubuntu4.3 0.103ubuntu4.4
2016-08-04 01:18:41 upgrade grub-pc:amd64 2.02~beta2-9ubuntu1.11 2.02~beta2-9ubuntu1.12
2016-08-04 01:18:41 upgrade grub-pc-bin:amd64 2.02~beta2-9ubuntu1.11 2.02~beta2-9ubuntu1.12
2016-08-04 01:18:41 upgrade grub2-common:amd64 2.02~beta2-9ubuntu1.11 2.02~beta2-9ubuntu1.12
2016-08-04 01:18:41 upgrade grub-common:amd64 2.02~beta2-9ubuntu1.11 2.02~beta2-9ubuntu1.12
2016-08-08 16:13:35 upgrade libcurl3-gnutls:amd64 7.35.0-1ubuntu2.7 7.35.0-1ubuntu2.8
2016-08-08 16:13:35 upgrade libavahi-common-data:amd64 0.6.31-4ubuntu1 0.6.31-4ubuntu1.1
2016-08-08 16:13:35 upgrade libavahi-common3:amd64 0.6.31-4ubuntu1 0.6.31-4ubuntu1.1
2016-08-08 16:13:35 upgrade libavahi-client3:amd64 0.6.31-4ubuntu1 0.6.31-4ubuntu1.1
2016-08-08 16:13:35 upgrade curl:amd64 7.35.0-1ubuntu2.7 7.35.0-1ubuntu2.8
2016-08-08 16:13:35 upgrade libcurl3:amd64 7.35.0-1ubuntu2.7 7.35.0-1ubuntu2.8
2016-08-08 16:13:38 upgrade linux-cloud-tools-common:all 3.13.0-92.139 3.13.0-93.140
2016-08-08 16:13:39 upgrade linux-cloud-tools-generic:amd64 3.13.0.92.99 3.13.0.93.100
2016-08-08 16:13:48 upgrade linux-generic:amd64 3.13.0.92.99 3.13.0.93.100
2016-08-08 16:13:48 upgrade linux-image-generic:amd64 3.13.0.92.99 3.13.0.93.100
2016-08-08 16:13:53 upgrade linux-headers-generic:amd64 3.13.0.92.99 3.13.0.93.100
2016-08-08 16:13:53 upgrade linux-libc-dev:amd64 3.13.0-92.139 3.13.0-93.140
2016-08-08 16:13:54 upgrade linux-tools-common:all 3.13.0-92.139 3.13.0-93.140
2016-08-08 16:13:54 upgrade linux-tools-generic:amd64 3.13.0.92.99 3.13.0.93.100
2016-08-10 14:59:06 upgrade libgd3:amd64 2.1.0-3ubuntu0.2 2.1.0-3ubuntu0.3
2016-08-15 21:27:49 upgrade openssh-sftp-server:amd64 1:6.6p1-2ubuntu2.7 1:6.6p1-2ubuntu2.8
2016-08-15 21:27:49 upgrade openssh-server:amd64 1:6.6p1-2ubuntu2.7 1:6.6p1-2ubuntu2.8
2016-08-15 21:27:49 upgrade openssh-client:amd64 1:6.6p1-2ubuntu2.7 1:6.6p1-2ubuntu2.8
2016-08-17 08:53:23 upgrade update-manager-core:all 1:0.196.14 1:0.196.19
2016-08-17 08:53:23 upgrade python3-update-manager:all 1:0.196.14 1:0.196.19
2016-08-17 08:53:23 upgrade update-notifier-common:all 0.154.1ubuntu1 0.154.1ubuntu2
2016-08-17 14:11:10 upgrade libfontconfig1:amd64 2.11.0-0ubuntu4.1 2.11.0-0ubuntu4.2
2016-08-17 14:11:10 upgrade fontconfig-config:all 2.11.0-0ubuntu4.1 2.11.0-0ubuntu4.2
2016-08-17 14:11:10 upgrade fontconfig:amd64 2.11.0-0ubuntu4.1 2.11.0-0ubuntu4.2
2016-08-19 00:08:38 upgrade libgcrypt11:amd64 1.5.3-2ubuntu4.3 1.5.3-2ubuntu4.4
2016-08-19 00:08:38 upgrade gpgv:amd64 1.4.16-1ubuntu2.3 1.4.16-1ubuntu2.4
2016-08-19 00:08:39 upgrade gnupg:amd64 1.4.16-1ubuntu2.3 1.4.16-1ubuntu2.4
2016-08-19 00:08:40 upgrade docker-engine:amd64 1.12.0-0~trusty 1.12.1-0~trusty
2016-08-24 11:05:43 upgrade libidn11:amd64 1.28-1ubuntu2 1.28-1ubuntu2.1
2016-08-24 11:05:43 upgrade libharfbuzz0b:amd64 0.9.27-1ubuntu1 0.9.27-1ubuntu1.1
2016-08-29 14:27:43 upgrade linux-cloud-tools-common:all 3.13.0-93.140 3.13.0-95.142
2016-08-29 14:27:44 upgrade linux-cloud-tools-generic:amd64 3.13.0.93.100 3.13.0.95.103
2016-08-29 14:27:56 upgrade linux-generic:amd64 3.13.0.93.100 3.13.0.95.103
2016-08-29 14:27:56 upgrade linux-image-generic:amd64 3.13.0.93.100 3.13.0.95.103
2016-08-29 14:28:01 upgrade linux-headers-generic:amd64 3.13.0.93.100 3.13.0.95.103
2016-08-29 14:28:01 upgrade linux-libc-dev:amd64 3.13.0-93.140 3.13.0-95.142
2016-08-29 14:28:01 upgrade linux-tools-common:all 3.13.0-93.140 3.13.0-95.142
2016-08-29 14:28:01 upgrade linux-tools-generic:amd64 3.13.0.93.100 3.13.0.95.103
2016-07-06 10:56:30 upgrade libldap-2.4-2:amd64 2.4.31-1+nmu2ubuntu8.2 2.4.31-1+nmu2ubuntu8.3
2016-07-06 10:56:30 upgrade tzdata:all 2016d-0ubuntu0.14.04 2016f-0ubuntu0.14.04
2016-07-11 22:41:52 upgrade libgd3:amd64 2.1.0-3ubuntu0.1 2.1.0-3ubuntu0.2
2016-07-11 22:41:52 upgrade cloud-init:all 0.7.5-0ubuntu1.18 0.7.5-0ubuntu1.19
2016-07-12 23:47:46 upgrade grub-pc:amd64 2.02~beta2-9ubuntu1.8 2.02~beta2-9ubuntu1.11
2016-07-12 23:47:46 upgrade grub-pc-bin:amd64 2.02~beta2-9ubuntu1.8 2.02~beta2-9ubuntu1.11
2016-07-12 23:47:46 upgrade grub2-common:amd64 2.02~beta2-9ubuntu1.8 2.02~beta2-9ubuntu1.11
2016-07-12 23:47:46 upgrade grub-common:amd64 2.02~beta2-9ubuntu1.8 2.02~beta2-9ubuntu1.11
2016-07-14 23:13:50 upgrade libarchive13:amd64 3.1.2-7ubuntu2.2 3.1.2-7ubuntu2.3
2016-07-14 23:13:53 upgrade linux-cloud-tools-common:all 3.13.0-91.138 3.13.0-92.139
2016-07-14 23:13:54 upgrade linux-cloud-tools-generic:amd64 3.13.0.91.97 3.13.0.92.99
2016-07-14 23:14:02 upgrade linux-generic:amd64 3.13.0.91.97 3.13.0.92.99
2016-07-14 23:14:02 upgrade linux-image-generic:amd64 3.13.0.91.97 3.13.0.92.99
2016-07-14 23:14:07 upgrade linux-headers-generic:amd64 3.13.0.91.97 3.13.0.92.99
2016-07-14 23:14:07 upgrade linux-libc-dev:amd64 3.13.0-91.138 3.13.0-92.139
2016-07-14 23:14:07 upgrade linux-tools-common:all 3.13.0-91.138 3.13.0-92.139
2016-07-14 23:14:08 upgrade linux-tools-generic:amd64 3.13.0.91.97 3.13.0.92.99
2016-07-19 23:56:20 upgrade libcurl3-gnutls:amd64 7.35.0-1ubuntu2.6 7.35.0-1ubuntu2.7
2016-07-19 23:56:20 upgrade curl:amd64 7.35.0-1ubuntu2.6 7.35.0-1ubuntu2.7
2016-07-19 23:56:20 upgrade libcurl3:amd64 7.35.0-1ubuntu2.6 7.35.0-1ubuntu2.7
2016-07-20 20:45:50 upgrade python-pip:all 1.5.4-1ubuntu3 1.5.4-1ubuntu4
2016-07-20 20:45:50 upgrade python-pip-whl:all 1.5.4-1ubuntu3 1.5.4-1ubuntu4
2016-07-22 00:57:17 upgrade mysql-common:all 5.5.49-0ubuntu0.14.04.1 5.5.50-0ubuntu0.14.04.1
2016-07-22 00:57:17 upgrade libmysqlclient18:amd64 5.5.49-0ubuntu0.14.04.1 5.5.50-0ubuntu0.14.04.1
2016-07-22 00:57:18 upgrade mysql-server:all 5.5.49-0ubuntu0.14.04.1 5.5.50-0ubuntu0.14.04.1
2016-07-22 00:57:18 upgrade mysql-server-5.5:amd64 5.5.49-0ubuntu0.14.04.1 5.5.50-0ubuntu0.14.04.1
2016-07-22 00:57:21 upgrade mysql-client-core-5.5:amd64 5.5.49-0ubuntu0.14.04.1 5.5.50-0ubuntu0.14.04.1
2016-07-22 00:57:21 upgrade mysql-client-5.5:amd64 5.5.49-0ubuntu0.14.04.1 5.5.50-0ubuntu0.14.04.1
2016-07-22 00:57:22 upgrade mysql-server-core-5.5:amd64 5.5.49-0ubuntu0.14.04.1 5.5.50-0ubuntu0.14.04.1
2016-07-28 23:28:56 upgrade docker-engine:amd64 1.11.2-0~trusty 1.12.0-0~trusty
2016-07-29 10:13:12 upgrade libdrm2:amd64 2.4.64-1~ubuntu14.04.1 2.4.67-1ubuntu0.14.04.1
2016-07-29 10:13:12 upgrade language-pack-en:all 1:14.04+20150219 1:14.04+20160720
2016-07-29 10:13:12 upgrade language-pack-en-base:all 1:14.04+20150219 1:14.04+20160720
2016-07-29 10:13:12 upgrade libdrm-intel1:amd64 2.4.64-1~ubuntu14.04.1 2.4.67-1ubuntu0.14.04.1
2016-07-29 10:13:12 upgrade libdrm-nouveau2:amd64 2.4.64-1~ubuntu14.04.1 2.4.67-1ubuntu0.14.04.1
2016-07-29 10:13:12 upgrade libdrm-radeon1:amd64 2.4.64-1~ubuntu14.04.1 2.4.67-1ubuntu0.14.04.1
2016-07-29 10:13:13 upgrade libxrandr2:amd64 2:1.4.2-1 2:1.5.0-1~trusty1
2016-07-29 10:13:13 upgrade isc-dhcp-client:amd64 4.2.4-7ubuntu12.4 4.2.4-7ubuntu12.5
2016-07-29 10:13:13 upgrade isc-dhcp-common:amd64 4.2.4-7ubuntu12.4 4.2.4-7ubuntu12.5
